Log file open, 10/12/20 12:30:10
LogInit: Display: Running engine for game: Drive
LogPlatformFile: Not using cached read wrapper
LogTaskGraph: Started task graph with 5 named threads and 23 total threads with 3 sets of task threads.
LogStats: Stats thread started at 6.404863
LogD3D11RHI: Loaded GFSDK_Aftermath_Lib.x64.dll
LogICUInternationalization: ICU TimeZone Detection - Raw Offset: +12:00, Platform Override: ''
LogPluginManager: Mounting plugin Paper2D
LogPluginManager: Mounting plugin AISupport
LogPluginManager: Mounting plugin LightPropagationVolume
LogPluginManager: Mounting plugin CameraShakePreviewer
LogPluginManager: Mounting plugin ActorLayerUtilities
LogPluginManager: Mounting plugin AnimationSharing
LogPluginManager: Mounting plugin CLionSourceCodeAccess
LogPluginManager: Mounting plugin CodeLiteSourceCodeAccess
LogPluginManager: Mounting plugin GitSourceControl
LogPluginManager: Mounting plugin KDevelopSourceCodeAccess
LogPluginManager: Mounting plugin NullSourceCodeAccess
LogPluginManager: Mounting plugin PerforceSourceControl
LogPluginManager: Mounting plugin PlasticSourceControl
LogPluginManager: Mounting plugin RiderSourceCodeAccess
LogPluginManager: Mounting plugin SubversionSourceControl
LogPluginManager: Mounting plugin UObjectPlugin
LogPluginManager: Mounting plugin VisualStudioCodeSourceCodeAccess
LogPluginManager: Mounting plugin VisualStudioSourceCodeAccess
LogPluginManager: Mounting plugin XCodeSourceCodeAccess
LogPluginManager: Mounting plugin AssetManagerEditor
LogPluginManager: Mounting plugin CryptoKeys
LogPluginManager: Mounting plugin CurveEditorTools
LogPluginManager: Mounting plugin DataValidation
LogPluginManager: Mounting plugin EditorScriptingUtilities
LogPluginManager: Mounting plugin FacialAnimation
LogPluginManager: Mounting plugin GameplayTagsEditor
LogPluginManager: Mounting plugin GeometryMode
LogPluginManager: Mounting plugin MacGraphicsSwitching
LogPluginManager: Mounting plugin MaterialAnalyzer
LogPluginManager: Mounting plugin MobileLauncherProfileWizard
LogPluginManager: Mounting plugin PluginBrowser
LogPluginManager: Mounting plugin SpeedTreeImporter
LogPluginManager: Mounting plugin DatasmithContent
LogPluginManager: Mounting plugin VariantManagerContent
LogPluginManager: Mounting plugin AlembicImporter
LogPluginManager: Mounting plugin AutomationUtils
LogPluginManager: Mounting plugin BackChannel
LogPluginManager: Mounting plugin ChaosCloth
LogPluginManager: Mounting plugin ChaosClothEditor
LogPluginManager: Mounting plugin ChaosEditor
LogPluginManager: Mounting plugin ChaosNiagara
LogPluginManager: Mounting plugin ChaosSolverPlugin
LogPluginManager: Mounting plugin CharacterAI
LogPluginManager: Mounting plugin GeometryCache
LogPluginManager: Mounting plugin GeometryCollectionPlugin
LogPluginManager: Mounting plugin GeometryProcessing
LogPluginManager: Mounting plugin PlanarCut
LogPluginManager: Mounting plugin PlatformCrypto
LogPluginManager: Mounting plugin ProxyLODPlugin
LogPluginManager: Mounting plugin RawInput
LogPluginManager: Mounting plugin SkeletalReduction
LogPluginManager: Mounting plugin Niagara
LogPluginManager: Mounting plugin MagicLeap
LogPluginManager: Mounting plugin MagicLeapLightEstimation
LogPluginManager: Mounting plugin MagicLeapMedia
LogPluginManager: Mounting plugin MagicLeapPassableWorld
LogPluginManager: Mounting plugin MLSDK
LogPluginManager: Mounting plugin AndroidMedia
LogPluginManager: Mounting plugin AvfMedia
LogPluginManager: Mounting plugin ImgMedia
LogPluginManager: Mounting plugin MediaCompositing
LogPluginManager: Mounting plugin MediaPlayerEditor
LogPluginManager: Mounting plugin WebMMedia
LogPluginManager: Mounting plugin WmfMedia
LogPluginManager: Mounting plugin MeshPainting
LogPluginManager: Mounting plugin TcpMessaging
LogPluginManager: Mounting plugin UdpMessaging
LogPluginManager: Mounting plugin ActorSequence
LogPluginManager: Mounting plugin LevelSequenceEditor
LogPluginManager: Mounting plugin MatineeToLevelSequence
LogPluginManager: Mounting plugin MovieRenderPipeline
LogPluginManager: Mounting plugin TemplateSequence
LogPluginManager: Mounting plugin NetcodeUnitTest
LogPluginManager: Mounting plugin NUTUnrealEngine4
LogPluginManager: Mounting plugin OnlineSubsystemGooglePlay
LogPluginManager: Mounting plugin OnlineSubsystemIOS
LogPluginManager: Mounting plugin OnlineSubsystem
LogPluginManager: Mounting plugin OnlineSubsystemNull
LogPluginManager: Mounting plugin OnlineSubsystemUtils
LogPluginManager: Mounting plugin LauncherChunkInstaller
LogPluginManager: Mounting plugin AndroidDeviceProfileSelector
LogPluginManager: Mounting plugin AndroidMoviePlayer
LogPluginManager: Mounting plugin AndroidPermission
LogPluginManager: Mounting plugin AppleImageUtils
LogPluginManager: Mounting plugin AppleMoviePlayer
LogPluginManager: Mounting plugin ArchVisCharacter
LogPluginManager: Mounting plugin AssetTags
LogPluginManager: Mounting plugin AudioCapture
LogPluginManager: Mounting plugin CableComponent
LogPluginManager: Mounting plugin CustomMeshComponent
LogPluginManager: Mounting plugin EditableMesh
LogPluginManager: Mounting plugin ExampleDeviceProfileSelector
LogPluginManager: Mounting plugin GoogleCloudMessaging
LogPluginManager: Mounting plugin GooglePAD
LogPluginManager: Mounting plugin IOSDeviceProfileSelector
LogPluginManager: Mounting plugin LinuxDeviceProfileSelector
LogPluginManager: Mounting plugin LocationServicesBPLibrary
LogPluginManager: Mounting plugin MobilePatchingUtils
LogPluginManager: Mounting plugin OculusVR
LogPluginManager: Mounting plugin PhysXVehicles
LogPluginManager: Mounting plugin PostSplashScreen
LogPluginManager: Mounting plugin ProceduralMeshComponent
LogPluginManager: Mounting plugin RuntimePhysXCooking
LogPluginManager: Mounting plugin SignificanceManager
LogPluginManager: Mounting plugin SoundFields
LogPluginManager: Mounting plugin SteamVR
LogPluginManager: Mounting plugin Synthesis
LogPluginManager: Mounting plugin WebMMoviePlayer
LogPluginManager: Mounting plugin WindowsMoviePlayer
LogPluginManager: Mounting plugin ScreenshotTools
Launching UnrealBuildTool... [D:/Unreal Engine/Epic Games/UE_4.25/Engine/Binaries/DotNET/UnrealBuildTool.exe -Mode=QueryTargets -Project="D:/Unreal Engine Files/Drive/Drive.uproject" -Output="D:/Unreal Engine Files/Drive/Intermediate/TargetInfo.json"]
LogInit: Warning: Incompatible or missing module: Drive
Running D:/Unreal Engine/Epic Games/UE_4.25/Engine/Binaries/DotNET/UnrealBuildTool.exe Development Win64 -Project="D:/Unreal Engine Files/Drive/Drive.uproject" -TargetType=Editor -Progress -NoEngineChanges -NoHotReloadFromIDE
Creating makefile for DriveEditor (game project files are newer)
@progress push 5%
Parsing headers for DriveEditor
  Running UnrealHeaderTool "D:\Unreal Engine Files\Drive\Drive.uproject" "D:\Unreal Engine Files\Drive\Intermediate\Build\Win64\DriveEditor\Development\DriveEditor.uhtmanifest" -LogCmds="loginit warning, logexit warning, logdatabase error" -Unattended -WarningsAsErrors -abslog="C:\Users\Dominic Tjiptono\AppData\Local\UnrealBuildTool\Log_UHT.txt" -installed
Reflection code generated for DriveEditor in 24.1862257 seconds
@progress pop
Building DriveEditor...
Using Visual Studio 2019 14.27.29110 toolchain (C:\Program Files (x86)\Microsoft Visual Studio\2019\Community\VC\Tools\MSVC\14.27.29110) and Windows 10.0.18362.0 SDK (C:\Program Files (x86)\Windows Kits\10).
Building 9 actions with 8 processes...
  @progress 'Compiling C++ source code...' 0%
  @progress 'Compiling C++ source code...' 11%
  [1/9] Default.rc2
  @progress 'Compiling C++ source code...' 22%
  [2/9] SharedPCH.Engine.ShadowErrors.cpp
  @progress 'Compiling C++ source code...' 33%
  [3/9] Drive.cpp
  @progress 'Compiling C++ source code...' 44%
  [4/9] Drive.init.gen.cpp
  @progress 'Compiling C++ source code...' 56%
  [5/9] TireLib.cpp
  @progress 'Compiling C++ source code...' 67%
  [6/9] TireLib.gen.cpp
  @progress 'Compiling C++ source code...' 78%
  [7/9] UE4Editor-Drive.lib
     Creating library D:\Unreal Engine Files\Drive\Intermediate\Build\Win64\UE4Editor\Development\Drive\UE4Editor-Drive.lib and object D:\Unreal Engine Files\Drive\Intermediate\Build\Win64\UE4Editor\Development\Drive\UE4Editor-Drive.exp
  @progress 'Compiling C++ source code...' 89%
  [8/9] UE4Editor-Drive.dll
     Creating library D:\Unreal Engine Files\Drive\Intermediate\Build\Win64\UE4Editor\Development\Drive\UE4Editor-Drive.suppressed.lib and object D:\Unreal Engine Files\Drive\Intermediate\Build\Win64\UE4Editor\Development\Drive\UE4Editor-Drive.suppressed.exp
  @progress 'Compiling C++ source code...' 100%
  [9/9] DriveEditor.target
Total time in Parallel executor: 236.54 seconds
Total execution time: 316.01 seconds
LogInit: Using libcurl 7.55.1-DEV
LogInit:  - built for x86_64-pc-win32
LogInit:  - supports SSL with OpenSSL/1.1.1
LogInit:  - supports HTTP deflate (compression) using libz 1.2.8
LogInit:  - other features:
LogInit:      CURL_VERSION_SSL
LogInit:      CURL_VERSION_LIBZ
LogInit:      CURL_VERSION_IPV6
LogInit:      CURL_VERSION_ASYNCHDNS
LogInit:      CURL_VERSION_LARGEFILE
LogInit:      CURL_VERSION_IDN
LogInit:  CurlRequestOptions (configurable via config and command line):
LogInit:  - bVerifyPeer = true  - Libcurl will verify peer certificate
LogInit:  - bUseHttpProxy = false  - Libcurl will NOT use HTTP proxy
LogInit:  - bDontReuseConnections = false  - Libcurl will reuse connections
LogInit:  - MaxHostConnections = 16  - Libcurl will limit the number of connections to a host
LogInit:  - LocalHostAddr = Default
LogInit:  - BufferSize = 65536
LogOnline: OSS: Creating online subsystem instance for: NULL
LogInit: WinSock: version 1.1 (2.2), MaxSocks=32767, MaxUdp=65467
LogOnline: OSS: TryLoadSubsystemAndSetDefault: Loaded subsystem for module [NULL]
LogInit: Build: ++UE4+Release-4.25-CL-13942748
LogInit: Engine Version: 4.25.3-13942748+++UE4+Release-4.25
LogInit: Compatible Engine Version: 4.25.0-13144385+++UE4+Release-4.25
LogInit: Net CL: 13144385
LogInit: OS: Windows 10 (Release 1909) (), CPU: Intel(R) Core(TM) i7-7700HQ CPU @ 2.80GHz, GPU: Intel(R) HD Graphics 630
LogInit: Compiled (64-bit): Jul 25 2020 02:07:48
LogInit: Compiled with Visual C++: 19.24.28315.00
LogInit: Build Configuration: Development
LogInit: Branch Name: ++UE4+Release-4.25
LogInit: Command Line: 
LogInit: Base Directory: D:/Unreal Engine/Epic Games/UE_4.25/Engine/Binaries/Win64/
LogInit: Allocator: TBB
LogInit: Installed Engine Build: 1
LogDevObjectVersion: Number of dev versions registered: 26
LogDevObjectVersion:   Dev-Blueprints (B0D832E4-1F89-4F0D-ACCF-7EB736FD4AA2): 10
LogDevObjectVersion:   Dev-Build (E1C64328-A22C-4D53-A36C-8E866417BD8C): 0
LogDevObjectVersion:   Dev-Core (375EC13C-06E4-48FB-B500-84F0262A717E): 4
LogDevObjectVersion:   Dev-Editor (E4B068ED-F494-42E9-A231-DA0B2E46BB41): 38
LogDevObjectVersion:   Dev-Framework (CFFC743F-43B0-4480-9391-14DF171D2073): 37
LogDevObjectVersion:   Dev-Mobile (B02B49B5-BB20-44E9-A304-32B752E40360): 2
LogDevObjectVersion:   Dev-Networking (A4E4105C-59A1-49B5-A7C5-40C4547EDFEE): 0
LogDevObjectVersion:   Dev-Online (39C831C9-5AE6-47DC-9A44-9C173E1C8E7C): 0
LogDevObjectVersion:   Dev-Physics (78F01B33-EBEA-4F98-B9B4-84EACCB95AA2): 4
LogDevObjectVersion:   Dev-Platform (6631380F-2D4D-43E0-8009-CF276956A95A): 0
LogDevObjectVersion:   Dev-Rendering (12F88B9F-8875-4AFC-A67C-D90C383ABD29): 43
LogDevObjectVersion:   Dev-Sequencer (7B5AE74C-D270-4C10-A958-57980B212A5A): 12
LogDevObjectVersion:   Dev-VR (D7296918-1DD6-4BDD-9DE2-64A83CC13884): 3
LogDevObjectVersion:   Dev-LoadTimes (C2A15278-BFE7-4AFE-6C17-90FF531DF755): 1
LogDevObjectVersion:   Private-Geometry (6EACA3D4-40EC-4CC1-B786-8BED09428FC5): 3
LogDevObjectVersion:   Dev-AnimPhys (29E575DD-E0A3-4627-9D10-D276232CDCEA): 17
LogDevObjectVersion:   Dev-Anim (AF43A65D-7FD3-4947-9873-3E8ED9C1BB05): 7
LogDevObjectVersion:   Dev-ReflectionCapture (6B266CEC-1EC7-4B8F-A30B-E4D90942FC07): 1
LogDevObjectVersion:   Dev-Automation (0DF73D61-A23F-47EA-B727-89E90C41499A): 1
LogDevObjectVersion:   FortniteMain (601D1886-AC64-4F84-AA16-D3DE0DEAC7D6): 31
LogDevObjectVersion:   Dev-Enterprise (9DFFBCD6-494F-0158-E221-12823C92A888): 10
LogDevObjectVersion:   Dev-Niagara (F2AED0AC-9AFE-416F-8664-AA7FFA26D6FC): 1
LogDevObjectVersion:   Dev-Destruction (174F1F0B-B4C6-45A5-B13F-2EE8D0FB917D): 10
LogDevObjectVersion:   Dev-Physics-Ext (35F94A83-E258-406C-A318-09F59610247C): 37
LogDevObjectVersion:   Dev-PhysicsMaterial-Chaos (B68FC16E-8B1B-42E2-B453-215C058844FE): 1
LogDevObjectVersion:   Dev-CineCamera (B2E18506-4273-CFC2-A54E-F4BB758BBA07): 1
LogInit: Presizing for max 25165824 objects, including 0 objects not considered by GC, pre-allocating 0 bytes for permanent pool.
LogConfig: Applying CVar settings from Section [/Script/Engine.StreamingSettings] File [D:/Unreal Engine Files/Drive/Saved/Config/Windows/Engine.ini]
LogConfig: Setting CVar [[s.MinBulkDataSizeForAsyncLoading:131072]]
LogConfig: Setting CVar [[s.AsyncLoadingThreadEnabled:0]]
LogConfig: Setting CVar [[s.EventDrivenLoaderEnabled:1]]
LogConfig: Setting CVar [[s.WarnIfTimeLimitExceeded:0]]
LogConfig: Setting CVar [[s.TimeLimitExceededMultiplier:1.5]]
LogConfig: Setting CVar [[s.TimeLimitExceededMinTime:0.005]]
LogConfig: Setting CVar [[s.UseBackgroundLevelStreaming:1]]
LogConfig: Setting CVar [[s.PriorityAsyncLoadingExtraTime:15.0]]
LogConfig: Setting CVar [[s.LevelStreamingActorsUpdateTimeLimit:5.0]]
LogConfig: Setting CVar [[s.PriorityLevelStreamingActorsUpdateExtraTime:5.0]]
LogConfig: Setting CVar [[s.LevelStreamingComponentsRegistrationGranularity:10]]
LogConfig: Setting CVar [[s.UnregisterComponentsTimeLimit:1.0]]
LogConfig: Setting CVar [[s.LevelStreamingComponentsUnregistrationGranularity:5]]
LogConfig: Setting CVar [[s.FlushStreamingOnExit:1]]
LogInit: Object subsystem initialized
LogConfig: Setting CVar [[con.DebugEarlyDefault:1]]
LogConfig: Setting CVar [[r.setres:1280x720]]
[2020.10.11-23.36.25:105][  0]LogConfig: Setting CVar [[r.VSync:0]]
[2020.10.11-23.36.25:105][  0]LogConfig: Setting CVar [[r.RHICmdBypass:0]]
[2020.10.11-23.36.25:123][  0]LogConfig: Applying CVar settings from Section [/Script/Engine.RendererSettings] File [D:/Unreal Engine Files/Drive/Saved/Config/Windows/Engine.ini]
[2020.10.11-23.36.25:123][  0]LogConfig: Setting CVar [[r.GPUCrashDebugging:0]]
[2020.10.11-23.36.25:123][  0]LogConfig: Applying CVar settings from Section [/Script/Engine.RendererOverrideSettings] File [D:/Unreal Engine Files/Drive/Saved/Config/Windows/Engine.ini]
[2020.10.11-23.36.25:123][  0]LogConfig: Applying CVar settings from Section [/Script/Engine.StreamingSettings] File [D:/Unreal Engine Files/Drive/Saved/Config/Windows/Engine.ini]
[2020.10.11-23.36.25:123][  0]LogConfig: Setting CVar [[s.MinBulkDataSizeForAsyncLoading:131072]]
[2020.10.11-23.36.25:123][  0]LogConfig: Setting CVar [[s.AsyncLoadingThreadEnabled:0]]
[2020.10.11-23.36.25:123][  0]LogConfig: Setting CVar [[s.EventDrivenLoaderEnabled:1]]
[2020.10.11-23.36.25:123][  0]LogConfig: Setting CVar [[s.WarnIfTimeLimitExceeded:0]]
[2020.10.11-23.36.25:123][  0]LogConfig: Setting CVar [[s.TimeLimitExceededMultiplier:1.5]]
[2020.10.11-23.36.25:123][  0]LogConfig: Setting CVar [[s.TimeLimitExceededMinTime:0.005]]
[2020.10.11-23.36.25:124][  0]LogConfig: Setting CVar [[s.UseBackgroundLevelStreaming:1]]
[2020.10.11-23.36.25:124][  0]LogConfig: Setting CVar [[s.PriorityAsyncLoadingExtraTime:15.0]]
[2020.10.11-23.36.25:124][  0]LogConfig: Setting CVar [[s.LevelStreamingActorsUpdateTimeLimit:5.0]]
[2020.10.11-23.36.25:124][  0]LogConfig: Setting CVar [[s.PriorityLevelStreamingActorsUpdateExtraTime:5.0]]
[2020.10.11-23.36.25:124][  0]LogConfig: Setting CVar [[s.LevelStreamingComponentsRegistrationGranularity:10]]
[2020.10.11-23.36.25:124][  0]LogConfig: Setting CVar [[s.UnregisterComponentsTimeLimit:1.0]]
[2020.10.11-23.36.25:124][  0]LogConfig: Setting CVar [[s.LevelStreamingComponentsUnregistrationGranularity:5]]
[2020.10.11-23.36.25:124][  0]LogConfig: Setting CVar [[s.FlushStreamingOnExit:1]]
[2020.10.11-23.36.25:124][  0]LogConfig: Applying CVar settings from Section [/Script/Engine.GarbageCollectionSettings] File [D:/Unreal Engine Files/Drive/Saved/Config/Windows/Engine.ini]
[2020.10.11-23.36.25:124][  0]LogConfig: Setting CVar [[gc.MaxObjectsNotConsideredByGC:1]]
[2020.10.11-23.36.25:124][  0]LogConfig: Setting CVar [[gc.SizeOfPermanentObjectPool:0]]
[2020.10.11-23.36.25:124][  0]LogConfig: Setting CVar [[gc.FlushStreamingOnGC:0]]
[2020.10.11-23.36.25:124][  0]LogConfig: Setting CVar [[gc.NumRetriesBeforeForcingGC:10]]
[2020.10.11-23.36.25:124][  0]LogConfig: Setting CVar [[gc.AllowParallelGC:1]]
[2020.10.11-23.36.25:124][  0]LogConfig: Setting CVar [[gc.TimeBetweenPurgingPendingKillObjects:61.1]]
[2020.10.11-23.36.25:124][  0]LogConfig: Setting CVar [[gc.MaxObjectsInEditor:25165824]]
[2020.10.11-23.36.25:125][  0]LogConfig: Setting CVar [[gc.IncrementalBeginDestroyEnabled:1]]
[2020.10.11-23.36.25:125][  0]LogConfig: Setting CVar [[gc.CreateGCClusters:1]]
[2020.10.11-23.36.25:125][  0]LogConfig: Setting CVar [[gc.MinGCClusterSize:5]]
[2020.10.11-23.36.25:125][  0]LogConfig: Setting CVar [[gc.ActorClusteringEnabled:0]]
[2020.10.11-23.36.25:125][  0]LogConfig: Setting CVar [[gc.BlueprintClusteringEnabled:0]]
[2020.10.11-23.36.25:125][  0]LogConfig: Setting CVar [[gc.UseDisregardForGCOnDedicatedServers:0]]
[2020.10.11-23.36.25:125][  0]LogConfig: Applying CVar settings from Section [/Script/Engine.NetworkSettings] File [D:/Unreal Engine Files/Drive/Saved/Config/Windows/Engine.ini]
[2020.10.11-23.36.25:125][  0]LogConfig: Applying CVar settings from Section [/Script/UnrealEd.CookerSettings] File [D:/Unreal Engine Files/Drive/Saved/Config/Windows/Engine.ini]
[2020.10.11-23.36.25:454][  0]LogConfig: Applying CVar settings from Section [ViewDistanceQuality@3] File [D:/Unreal Engine Files/Drive/Saved/Config/Windows/Scalability.ini]
[2020.10.11-23.36.25:454][  0]LogConfig: Setting CVar [[r.SkeletalMeshLODBias:0]]
[2020.10.11-23.36.25:454][  0]LogConfig: Setting CVar [[r.ViewDistanceScale:1.0]]
[2020.10.11-23.36.25:454][  0]LogConfig: Applying CVar settings from Section [AntiAliasingQuality@3] File [D:/Unreal Engine Files/Drive/Saved/Config/Windows/Scalability.ini]
[2020.10.11-23.36.25:454][  0]LogConfig: Setting CVar [[r.PostProcessAAQuality:4]]
[2020.10.11-23.36.25:454][  0]LogConfig: Applying CVar settings from Section [ShadowQuality@3] File [D:/Unreal Engine Files/Drive/Saved/Config/Windows/Scalability.ini]
[2020.10.11-23.36.25:454][  0]LogConfig: Setting CVar [[r.LightFunctionQuality:1]]
[2020.10.11-23.36.25:454][  0]LogConfig: Setting CVar [[r.ShadowQuality:5]]
[2020.10.11-23.36.25:454][  0]LogConfig: Setting CVar [[r.Shadow.CSM.MaxCascades:10]]
[2020.10.11-23.36.25:455][  0]LogConfig: Setting CVar [[r.Shadow.MaxResolution:2048]]
[2020.10.11-23.36.25:455][  0]LogConfig: Setting CVar [[r.Shadow.MaxCSMResolution:2048]]
[2020.10.11-23.36.25:455][  0]LogConfig: Setting CVar [[r.Shadow.RadiusThreshold:0.01]]
[2020.10.11-23.36.25:455][  0]LogConfig: Setting CVar [[r.Shadow.DistanceScale:1.0]]
[2020.10.11-23.36.25:455][  0]LogConfig: Setting CVar [[r.Shadow.CSM.TransitionScale:1.0]]
[2020.10.11-23.36.25:455][  0]LogConfig: Setting CVar [[r.Shadow.PreShadowResolutionFactor:1.0]]
[2020.10.11-23.36.25:455][  0]LogConfig: Setting CVar [[r.DistanceFieldShadowing:1]]
[2020.10.11-23.36.25:455][  0]LogConfig: Setting CVar [[r.DistanceFieldAO:1]]
[2020.10.11-23.36.25:455][  0]LogConfig: Setting CVar [[r.AOQuality:2]]
[2020.10.11-23.36.25:455][  0]LogConfig: Setting CVar [[r.VolumetricFog:1]]
[2020.10.11-23.36.25:455][  0]LogConfig: Setting CVar [[r.VolumetricFog.GridPixelSize:8]]
[2020.10.11-23.36.25:455][  0]LogConfig: Setting CVar [[r.VolumetricFog.GridSizeZ:128]]
[2020.10.11-23.36.25:455][  0]LogConfig: Setting CVar [[r.VolumetricFog.HistoryMissSupersampleCount:4]]
[2020.10.11-23.36.25:455][  0]LogConfig: Setting CVar [[r.LightMaxDrawDistanceScale:1]]
[2020.10.11-23.36.25:455][  0]LogConfig: Setting CVar [[r.CapsuleShadows:1]]
[2020.10.11-23.36.25:455][  0]LogConfig: Applying CVar settings from Section [PostProcessQuality@3] File [D:/Unreal Engine Files/Drive/Saved/Config/Windows/Scalability.ini]
[2020.10.11-23.36.25:455][  0]LogConfig: Setting CVar [[r.MotionBlurQuality:4]]
[2020.10.11-23.36.25:455][  0]LogConfig: Setting CVar [[r.AmbientOcclusionMipLevelFactor:0.4]]
[2020.10.11-23.36.25:456][  0]LogConfig: Setting CVar [[r.AmbientOcclusionMaxQuality:100]]
[2020.10.11-23.36.25:456][  0]LogConfig: Setting CVar [[r.AmbientOcclusionLevels:-1]]
[2020.10.11-23.36.25:456][  0]LogConfig: Setting CVar [[r.AmbientOcclusionRadiusScale:1.0]]
[2020.10.11-23.36.25:456][  0]LogConfig: Setting CVar [[r.DepthOfFieldQuality:2]]
[2020.10.11-23.36.25:456][  0]LogConfig: Setting CVar [[r.RenderTargetPoolMin:400]]
[2020.10.11-23.36.25:456][  0]LogConfig: Setting CVar [[r.LensFlareQuality:2]]
[2020.10.11-23.36.25:456][  0]LogConfig: Setting CVar [[r.SceneColorFringeQuality:1]]
[2020.10.11-23.36.25:456][  0]LogConfig: Setting CVar [[r.EyeAdaptationQuality:2]]
[2020.10.11-23.36.25:456][  0]LogConfig: Setting CVar [[r.BloomQuality:5]]
[2020.10.11-23.36.25:456][  0]LogConfig: Setting CVar [[r.FastBlurThreshold:100]]
[2020.10.11-23.36.25:456][  0]LogConfig: Setting CVar [[r.Upscale.Quality:3]]
[2020.10.11-23.36.25:456][  0]LogConfig: Setting CVar [[r.Tonemapper.GrainQuantization:1]]
[2020.10.11-23.36.25:456][  0]LogConfig: Setting CVar [[r.LightShaftQuality:1]]
[2020.10.11-23.36.25:456][  0]LogConfig: Setting CVar [[r.Filter.SizeScale:1]]
[2020.10.11-23.36.25:456][  0]LogConfig: Setting CVar [[r.Tonemapper.Quality:5]]
[2020.10.11-23.36.25:456][  0]LogConfig: Setting CVar [[r.DOF.Gather.AccumulatorQuality:1        ; higher gathering accumulator quality]]
[2020.10.11-23.36.25:456][  0]LogConfig: Setting CVar [[r.DOF.Gather.PostfilterMethod:1          ; Median3x3 postfilering method]]
[2020.10.11-23.36.25:457][  0]LogConfig: Setting CVar [[r.DOF.Gather.EnableBokehSettings:0       ; no bokeh simulation when gathering]]
[2020.10.11-23.36.25:457][  0]LogConfig: Setting CVar [[r.DOF.Gather.RingCount:4                 ; medium number of samples when gathering]]
[2020.10.11-23.36.25:457][  0]LogConfig: Setting CVar [[r.DOF.Scatter.ForegroundCompositing:1    ; additive foreground scattering]]
[2020.10.11-23.36.25:457][  0]LogConfig: Setting CVar [[r.DOF.Scatter.BackgroundCompositing:2    ; additive background scattering]]
[2020.10.11-23.36.25:457][  0]LogConfig: Setting CVar [[r.DOF.Scatter.EnableBokehSettings:1      ; bokeh simulation when scattering]]
[2020.10.11-23.36.25:457][  0]LogConfig: Setting CVar [[r.DOF.Scatter.MaxSpriteRatio:0.1         ; only a maximum of 10% of scattered bokeh]]
[2020.10.11-23.36.25:457][  0]LogConfig: Setting CVar [[r.DOF.Recombine.Quality:1                ; cheap slight out of focus]]
[2020.10.11-23.36.25:457][  0]LogConfig: Setting CVar [[r.DOF.Recombine.EnableBokehSettings:0    ; no bokeh simulation on slight out of focus]]
[2020.10.11-23.36.25:457][  0]LogConfig: Setting CVar [[r.DOF.TemporalAAQuality:1                ; more stable temporal accumulation]]
[2020.10.11-23.36.25:457][  0]LogConfig: Setting CVar [[r.DOF.Kernel.MaxForegroundRadius:0.025]]
[2020.10.11-23.36.25:457][  0]LogConfig: Setting CVar [[r.DOF.Kernel.MaxBackgroundRadius:0.025]]
[2020.10.11-23.36.25:457][  0]LogConfig: Applying CVar settings from Section [TextureQuality@3] File [D:/Unreal Engine Files/Drive/Saved/Config/Windows/Scalability.ini]
[2020.10.11-23.36.25:458][  0]LogConfig: Setting CVar [[r.Streaming.MipBias:0]]
[2020.10.11-23.36.25:458][  0]LogConfig: Setting CVar [[r.Streaming.AmortizeCPUToGPUCopy:0]]
[2020.10.11-23.36.25:458][  0]LogConfig: Setting CVar [[r.Streaming.MaxNumTexturesToStreamPerFrame:0]]
[2020.10.11-23.36.25:458][  0]LogConfig: Setting CVar [[r.Streaming.Boost:1]]
[2020.10.11-23.36.25:458][  0]LogConfig: Setting CVar [[r.MaxAnisotropy:8]]
[2020.10.11-23.36.25:458][  0]LogConfig: Setting CVar [[r.VT.MaxAnisotropy:8]]
[2020.10.11-23.36.25:458][  0]LogConfig: Setting CVar [[r.Streaming.LimitPoolSizeToVRAM:0]]
[2020.10.11-23.36.25:458][  0]LogConfig: Setting CVar [[r.Streaming.PoolSize:1000]]
[2020.10.11-23.36.25:458][  0]LogConfig: Setting CVar [[r.Streaming.MaxEffectiveScreenSize:0]]
[2020.10.11-23.36.25:458][  0]LogConfig: Applying CVar settings from Section [EffectsQuality@3] File [D:/Unreal Engine Files/Drive/Saved/Config/Windows/Scalability.ini]
[2020.10.11-23.36.25:458][  0]LogConfig: Setting CVar [[r.TranslucencyLightingVolumeDim:64]]
[2020.10.11-23.36.25:458][  0]LogConfig: Setting CVar [[r.RefractionQuality:2]]
[2020.10.11-23.36.25:459][  0]LogConfig: Setting CVar [[r.SSR.Quality:3]]
[2020.10.11-23.36.25:459][  0]LogConfig: Setting CVar [[r.SSR.HalfResSceneColor:0]]
[2020.10.11-23.36.25:459][  0]LogConfig: Setting CVar [[r.SceneColorFormat:4]]
[2020.10.11-23.36.25:459][  0]LogConfig: Setting CVar [[r.DetailMode:2]]
[2020.10.11-23.36.25:459][  0]LogConfig: Setting CVar [[r.TranslucencyVolumeBlur:1]]
[2020.10.11-23.36.25:459][  0]LogConfig: Setting CVar [[r.MaterialQualityLevel:1 ; High quality]]
[2020.10.11-23.36.25:459][  0]LogConfig: Setting CVar [[r.SSS.Scale:1]]
[2020.10.11-23.36.25:459][  0]LogConfig: Setting CVar [[r.SSS.SampleSet:2]]
[2020.10.11-23.36.25:459][  0]LogConfig: Setting CVar [[r.SSS.Quality:1]]
[2020.10.11-23.36.25:459][  0]LogConfig: Setting CVar [[r.SSS.HalfRes:0]]
[2020.10.11-23.36.25:459][  0]LogConfig: Setting CVar [[r.SSGI.Quality:3]]
[2020.10.11-23.36.25:459][  0]LogConfig: Setting CVar [[r.EmitterSpawnRateScale:1.0]]
[2020.10.11-23.36.25:459][  0]LogConfig: Setting CVar [[r.ParticleLightQuality:2]]
[2020.10.11-23.36.25:459][  0]LogConfig: Setting CVar [[r.SkyAtmosphere.AerialPerspectiveLUT.FastApplyOnOpaque:1 ; Always have FastSkyLUT 1 in this case to avoid wrong sky]]
[2020.10.11-23.36.25:459][  0]LogConfig: Setting CVar [[r.SkyAtmosphere.AerialPerspectiveLUT.SampleCountPerSlice:1]]
[2020.10.11-23.36.25:459][  0]LogConfig: Setting CVar [[r.SkyAtmosphere.AerialPerspectiveLUT.DepthResolution:16.0]]
[2020.10.11-23.36.25:459][  0]LogConfig: Setting CVar [[r.SkyAtmosphere.FastSkyLUT:1]]
[2020.10.11-23.36.25:459][  0]LogConfig: Setting CVar [[r.SkyAtmosphere.FastSkyLUT.SampleCountMin:4.0]]
[2020.10.11-23.36.25:459][  0]LogConfig: Setting CVar [[r.SkyAtmosphere.FastSkyLUT.SampleCountMax:32.0]]
[2020.10.11-23.36.25:459][  0]LogConfig: Setting CVar [[r.SkyAtmosphere.SampleCountMin:4.0]]
[2020.10.11-23.36.25:459][  0]LogConfig: Setting CVar [[r.SkyAtmosphere.SampleCountMax:32.0]]
[2020.10.11-23.36.25:459][  0]LogConfig: Setting CVar [[r.SkyAtmosphere.TransmittanceLUT.UseSmallFormat:0]]
[2020.10.11-23.36.25:460][  0]LogConfig: Setting CVar [[r.SkyAtmosphere.TransmittanceLUT.SampleCount:10.0]]
[2020.10.11-23.36.25:460][  0]LogConfig: Setting CVar [[r.SkyAtmosphere.MultiScatteringLUT.SampleCount:15.0]]
[2020.10.11-23.36.25:460][  0]LogConfig: Applying CVar settings from Section [FoliageQuality@3] File [D:/Unreal Engine Files/Drive/Saved/Config/Windows/Scalability.ini]
[2020.10.11-23.36.25:460][  0]LogConfig: Setting CVar [[foliage.DensityScale:1.0]]
[2020.10.11-23.36.25:460][  0]LogConfig: Setting CVar [[grass.DensityScale:1.0]]
[2020.10.11-23.36.25:460][  0]LogConfig: Applying CVar settings from Section [ShadingQuality@3] File [D:/Unreal Engine Files/Drive/Saved/Config/Windows/Scalability.ini]
[2020.10.11-23.36.25:460][  0]LogConfig: Setting CVar [[r.HairStrands.SkyLighting.SampleCount:16]]
[2020.10.11-23.36.25:460][  0]LogConfig: Setting CVar [[r.HairStrands.SkyLighting.JitterIntegration:0]]
[2020.10.11-23.36.25:460][  0]LogConfig: Setting CVar [[r.HairStrands.SkyAO.SampleCount:16]]
[2020.10.11-23.36.25:460][  0]LogConfig: Setting CVar [[r.HairStrands.DeepShadow.SuperSampling:0]]
[2020.10.11-23.36.25:460][  0]LogConfig: Setting CVar [[r.HairStrands.VisibilityPPLL:0]]
[2020.10.11-23.36.25:460][  0]LogConfig: Setting CVar [[r.HairStrands.RasterizationScale:0.5]]
[2020.10.11-23.36.25:460][  0]LogConfig: Setting CVar [[r.HairStrands.VelocityRasterizationScale:1]]
[2020.10.11-23.36.25:564][  0]LogInit: Selected Device Profile: [Windows]
[2020.10.11-23.36.25:595][  0]LogInit: Applying CVar settings loaded from the selected device profile: [Windows]
[2020.10.11-23.36.25:610][  0]LogHAL: Display: Platform has ~ 8 GB [8469581824 / 8589934592 / 8], which maps to Default [LargestMinGB=32, LargerMinGB=12, DefaultMinGB=8, SmallerMinGB=6, SmallestMinGB=0)
[2020.10.11-23.36.25:611][  0]LogInit: Going up to parent DeviceProfile []
[2020.10.11-23.36.25:626][  0]LogConfig: Applying CVar settings from Section [ViewDistanceQuality@3] File [D:/Unreal Engine Files/Drive/Saved/Config/Windows/Scalability.ini]
[2020.10.11-23.36.25:626][  0]LogConfig: Setting CVar [[r.SkeletalMeshLODBias:0]]
[2020.10.11-23.36.25:626][  0]LogConfig: Setting CVar [[r.ViewDistanceScale:1.0]]
[2020.10.11-23.36.25:626][  0]LogConfig: Applying CVar settings from Section [AntiAliasingQuality@3] File [D:/Unreal Engine Files/Drive/Saved/Config/Windows/Scalability.ini]
[2020.10.11-23.36.25:626][  0]LogConfig: Setting CVar [[r.PostProcessAAQuality:4]]
[2020.10.11-23.36.25:626][  0]LogConfig: Applying CVar settings from Section [ShadowQuality@3] File [D:/Unreal Engine Files/Drive/Saved/Config/Windows/Scalability.ini]
[2020.10.11-23.36.25:627][  0]LogConfig: Setting CVar [[r.LightFunctionQuality:1]]
[2020.10.11-23.36.25:627][  0]LogConfig: Setting CVar [[r.ShadowQuality:5]]
[2020.10.11-23.36.25:627][  0]LogConfig: Setting CVar [[r.Shadow.CSM.MaxCascades:10]]
[2020.10.11-23.36.25:627][  0]LogConfig: Setting CVar [[r.Shadow.MaxResolution:2048]]
[2020.10.11-23.36.25:627][  0]LogConfig: Setting CVar [[r.Shadow.MaxCSMResolution:2048]]
[2020.10.11-23.36.25:627][  0]LogConfig: Setting CVar [[r.Shadow.RadiusThreshold:0.01]]
[2020.10.11-23.36.25:627][  0]LogConfig: Setting CVar [[r.Shadow.DistanceScale:1.0]]
[2020.10.11-23.36.25:627][  0]LogConfig: Setting CVar [[r.Shadow.CSM.TransitionScale:1.0]]
[2020.10.11-23.36.25:627][  0]LogConfig: Setting CVar [[r.Shadow.PreShadowResolutionFactor:1.0]]
[2020.10.11-23.36.25:627][  0]LogConfig: Setting CVar [[r.DistanceFieldShadowing:1]]
[2020.10.11-23.36.25:627][  0]LogConfig: Setting CVar [[r.DistanceFieldAO:1]]
[2020.10.11-23.36.25:627][  0]LogConfig: Setting CVar [[r.AOQuality:2]]
[2020.10.11-23.36.25:627][  0]LogConfig: Setting CVar [[r.VolumetricFog:1]]
[2020.10.11-23.36.25:627][  0]LogConfig: Setting CVar [[r.VolumetricFog.GridPixelSize:8]]
[2020.10.11-23.36.25:627][  0]LogConfig: Setting CVar [[r.VolumetricFog.GridSizeZ:128]]
[2020.10.11-23.36.25:627][  0]LogConfig: Setting CVar [[r.VolumetricFog.HistoryMissSupersampleCount:4]]
[2020.10.11-23.36.25:627][  0]LogConfig: Setting CVar [[r.LightMaxDrawDistanceScale:1]]
[2020.10.11-23.36.25:627][  0]LogConfig: Setting CVar [[r.CapsuleShadows:1]]
[2020.10.11-23.36.25:627][  0]LogConfig: Applying CVar settings from Section [PostProcessQuality@3] File [D:/Unreal Engine Files/Drive/Saved/Config/Windows/Scalability.ini]
[2020.10.11-23.36.25:627][  0]LogConfig: Setting CVar [[r.MotionBlurQuality:4]]
[2020.10.11-23.36.25:627][  0]LogConfig: Setting CVar [[r.AmbientOcclusionMipLevelFactor:0.4]]
[2020.10.11-23.36.25:627][  0]LogConfig: Setting CVar [[r.AmbientOcclusionMaxQuality:100]]
[2020.10.11-23.36.25:628][  0]LogConfig: Setting CVar [[r.AmbientOcclusionLevels:-1]]
[2020.10.11-23.36.25:628][  0]LogConfig: Setting CVar [[r.AmbientOcclusionRadiusScale:1.0]]
[2020.10.11-23.36.25:628][  0]LogConfig: Setting CVar [[r.DepthOfFieldQuality:2]]
[2020.10.11-23.36.25:628][  0]LogConfig: Setting CVar [[r.RenderTargetPoolMin:400]]
[2020.10.11-23.36.25:628][  0]LogConfig: Setting CVar [[r.LensFlareQuality:2]]
[2020.10.11-23.36.25:628][  0]LogConfig: Setting CVar [[r.SceneColorFringeQuality:1]]
[2020.10.11-23.36.25:628][  0]LogConfig: Setting CVar [[r.EyeAdaptationQuality:2]]
[2020.10.11-23.36.25:628][  0]LogConfig: Setting CVar [[r.BloomQuality:5]]
[2020.10.11-23.36.25:628][  0]LogConfig: Setting CVar [[r.FastBlurThreshold:100]]
[2020.10.11-23.36.25:628][  0]LogConfig: Setting CVar [[r.Upscale.Quality:3]]
[2020.10.11-23.36.25:628][  0]LogConfig: Setting CVar [[r.Tonemapper.GrainQuantization:1]]
[2020.10.11-23.36.25:628][  0]LogConfig: Setting CVar [[r.LightShaftQuality:1]]
[2020.10.11-23.36.25:628][  0]LogConfig: Setting CVar [[r.Filter.SizeScale:1]]
[2020.10.11-23.36.25:628][  0]LogConfig: Setting CVar [[r.Tonemapper.Quality:5]]
[2020.10.11-23.36.25:628][  0]LogConfig: Setting CVar [[r.DOF.Gather.AccumulatorQuality:1        ; higher gathering accumulator quality]]
[2020.10.11-23.36.25:628][  0]LogConfig: Setting CVar [[r.DOF.Gather.PostfilterMethod:1          ; Median3x3 postfilering method]]
[2020.10.11-23.36.25:628][  0]LogConfig: Setting CVar [[r.DOF.Gather.EnableBokehSettings:0       ; no bokeh simulation when gathering]]
[2020.10.11-23.36.25:628][  0]LogConfig: Setting CVar [[r.DOF.Gather.RingCount:4                 ; medium number of samples when gathering]]
[2020.10.11-23.36.25:628][  0]LogConfig: Setting CVar [[r.DOF.Scatter.ForegroundCompositing:1    ; additive foreground scattering]]
[2020.10.11-23.36.25:628][  0]LogConfig: Setting CVar [[r.DOF.Scatter.BackgroundCompositing:2    ; additive background scattering]]
[2020.10.11-23.36.25:628][  0]LogConfig: Setting CVar [[r.DOF.Scatter.EnableBokehSettings:1      ; bokeh simulation when scattering]]
[2020.10.11-23.36.25:628][  0]LogConfig: Setting CVar [[r.DOF.Scatter.MaxSpriteRatio:0.1         ; only a maximum of 10% of scattered bokeh]]
[2020.10.11-23.36.25:628][  0]LogConfig: Setting CVar [[r.DOF.Recombine.Quality:1                ; cheap slight out of focus]]
[2020.10.11-23.36.25:628][  0]LogConfig: Setting CVar [[r.DOF.Recombine.EnableBokehSettings:0    ; no bokeh simulation on slight out of focus]]
[2020.10.11-23.36.25:628][  0]LogConfig: Setting CVar [[r.DOF.TemporalAAQuality:1                ; more stable temporal accumulation]]
[2020.10.11-23.36.25:628][  0]LogConfig: Setting CVar [[r.DOF.Kernel.MaxForegroundRadius:0.025]]
[2020.10.11-23.36.25:628][  0]LogConfig: Setting CVar [[r.DOF.Kernel.MaxBackgroundRadius:0.025]]
[2020.10.11-23.36.25:628][  0]LogConfig: Applying CVar settings from Section [TextureQuality@3] File [D:/Unreal Engine Files/Drive/Saved/Config/Windows/Scalability.ini]
[2020.10.11-23.36.25:629][  0]LogConfig: Setting CVar [[r.Streaming.MipBias:0]]
[2020.10.11-23.36.25:629][  0]LogConfig: Setting CVar [[r.Streaming.AmortizeCPUToGPUCopy:0]]
[2020.10.11-23.36.25:629][  0]LogConfig: Setting CVar [[r.Streaming.MaxNumTexturesToStreamPerFrame:0]]
[2020.10.11-23.36.25:629][  0]LogConfig: Setting CVar [[r.Streaming.Boost:1]]
[2020.10.11-23.36.25:629][  0]LogConfig: Setting CVar [[r.MaxAnisotropy:8]]
[2020.10.11-23.36.25:629][  0]LogConfig: Setting CVar [[r.VT.MaxAnisotropy:8]]
[2020.10.11-23.36.25:629][  0]LogConfig: Setting CVar [[r.Streaming.LimitPoolSizeToVRAM:0]]
[2020.10.11-23.36.25:629][  0]LogConfig: Setting CVar [[r.Streaming.PoolSize:1000]]
[2020.10.11-23.36.25:629][  0]LogConfig: Setting CVar [[r.Streaming.MaxEffectiveScreenSize:0]]
[2020.10.11-23.36.25:629][  0]LogConfig: Applying CVar settings from Section [EffectsQuality@3] File [D:/Unreal Engine Files/Drive/Saved/Config/Windows/Scalability.ini]
[2020.10.11-23.36.25:629][  0]LogConfig: Setting CVar [[r.TranslucencyLightingVolumeDim:64]]
[2020.10.11-23.36.25:629][  0]LogConfig: Setting CVar [[r.RefractionQuality:2]]
[2020.10.11-23.36.25:629][  0]LogConfig: Setting CVar [[r.SSR.Quality:3]]
[2020.10.11-23.36.25:629][  0]LogConfig: Setting CVar [[r.SSR.HalfResSceneColor:0]]
[2020.10.11-23.36.25:629][  0]LogConfig: Setting CVar [[r.SceneColorFormat:4]]
[2020.10.11-23.36.25:629][  0]LogConfig: Setting CVar [[r.DetailMode:2]]
[2020.10.11-23.36.25:629][  0]LogConfig: Setting CVar [[r.TranslucencyVolumeBlur:1]]
[2020.10.11-23.36.25:629][  0]LogConfig: Setting CVar [[r.MaterialQualityLevel:1 ; High quality]]
[2020.10.11-23.36.25:629][  0]LogConfig: Setting CVar [[r.SSS.Scale:1]]
[2020.10.11-23.36.25:629][  0]LogConfig: Setting CVar [[r.SSS.SampleSet:2]]
[2020.10.11-23.36.25:629][  0]LogConfig: Setting CVar [[r.SSS.Quality:1]]
[2020.10.11-23.36.25:629][  0]LogConfig: Setting CVar [[r.SSS.HalfRes:0]]
[2020.10.11-23.36.25:629][  0]LogConfig: Setting CVar [[r.SSGI.Quality:3]]
[2020.10.11-23.36.25:629][  0]LogConfig: Setting CVar [[r.EmitterSpawnRateScale:1.0]]
[2020.10.11-23.36.25:629][  0]LogConfig: Setting CVar [[r.ParticleLightQuality:2]]
[2020.10.11-23.36.25:629][  0]LogConfig: Setting CVar [[r.SkyAtmosphere.AerialPerspectiveLUT.FastApplyOnOpaque:1 ; Always have FastSkyLUT 1 in this case to avoid wrong sky]]
[2020.10.11-23.36.25:630][  0]LogConfig: Setting CVar [[r.SkyAtmosphere.AerialPerspectiveLUT.SampleCountPerSlice:1]]
[2020.10.11-23.36.25:630][  0]LogConfig: Setting CVar [[r.SkyAtmosphere.AerialPerspectiveLUT.DepthResolution:16.0]]
[2020.10.11-23.36.25:630][  0]LogConfig: Setting CVar [[r.SkyAtmosphere.FastSkyLUT:1]]
[2020.10.11-23.36.25:630][  0]LogConfig: Setting CVar [[r.SkyAtmosphere.FastSkyLUT.SampleCountMin:4.0]]
[2020.10.11-23.36.25:630][  0]LogConfig: Setting CVar [[r.SkyAtmosphere.FastSkyLUT.SampleCountMax:32.0]]
[2020.10.11-23.36.25:630][  0]LogConfig: Setting CVar [[r.SkyAtmosphere.SampleCountMin:4.0]]
[2020.10.11-23.36.25:630][  0]LogConfig: Setting CVar [[r.SkyAtmosphere.SampleCountMax:32.0]]
[2020.10.11-23.36.25:630][  0]LogConfig: Setting CVar [[r.SkyAtmosphere.TransmittanceLUT.UseSmallFormat:0]]
[2020.10.11-23.36.25:630][  0]LogConfig: Setting CVar [[r.SkyAtmosphere.TransmittanceLUT.SampleCount:10.0]]
[2020.10.11-23.36.25:630][  0]LogConfig: Setting CVar [[r.SkyAtmosphere.MultiScatteringLUT.SampleCount:15.0]]
[2020.10.11-23.36.25:630][  0]LogConfig: Applying CVar settings from Section [FoliageQuality@3] File [D:/Unreal Engine Files/Drive/Saved/Config/Windows/Scalability.ini]
[2020.10.11-23.36.25:630][  0]LogConfig: Setting CVar [[foliage.DensityScale:1.0]]
[2020.10.11-23.36.25:630][  0]LogConfig: Setting CVar [[grass.DensityScale:1.0]]
[2020.10.11-23.36.25:630][  0]LogConfig: Applying CVar settings from Section [ShadingQuality@3] File [D:/Unreal Engine Files/Drive/Saved/Config/Windows/Scalability.ini]
[2020.10.11-23.36.25:630][  0]LogConfig: Setting CVar [[r.HairStrands.SkyLighting.SampleCount:16]]
[2020.10.11-23.36.25:630][  0]LogConfig: Setting CVar [[r.HairStrands.SkyLighting.JitterIntegration:0]]
[2020.10.11-23.36.25:630][  0]LogConfig: Setting CVar [[r.HairStrands.SkyAO.SampleCount:16]]
[2020.10.11-23.36.25:630][  0]LogConfig: Setting CVar [[r.HairStrands.DeepShadow.SuperSampling:0]]
[2020.10.11-23.36.25:630][  0]LogConfig: Setting CVar [[r.HairStrands.VisibilityPPLL:0]]
[2020.10.11-23.36.25:630][  0]LogConfig: Setting CVar [[r.HairStrands.RasterizationScale:0.5]]
[2020.10.11-23.36.25:630][  0]LogConfig: Setting CVar [[r.HairStrands.VelocityRasterizationScale:1]]
[2020.10.11-23.36.25:630][  0]LogConfig: Applying CVar settings from Section [Startup] File [../../../Engine/Config/ConsoleVariables.ini]
[2020.10.11-23.36.25:661][  0]LogConfig: Setting CVar [[net.UseAdaptiveNetUpdateFrequency:0]]
[2020.10.11-23.36.25:661][  0]LogConfig: Setting CVar [[p.chaos.AllowCreatePhysxBodies:1]]
[2020.10.11-23.36.25:662][  0]LogConfig: Setting CVar [[fx.SkipVectorVMBackendOptimizations:1]]
[2020.10.11-23.36.25:662][  0]LogConfig: Applying CVar settings from Section [ConsoleVariables] File [D:/Unreal Engine Files/Drive/Saved/Config/Windows/Engine.ini]
[2020.10.11-23.36.25:774][  0]LogInit: Computer: LAPTOP-A277R809
[2020.10.11-23.36.25:774][  0]LogInit: User: DominicTjiptono
[2020.10.11-23.36.25:792][  0]LogInit: CPU Page size=4096, Cores=4
[2020.10.11-23.36.25:792][  0]LogInit: High frequency timer resolution =10.000000 MHz
[2020.10.11-23.36.25:814][  0]LogMemory: Memory total: Physical=7.9GB (8GB approx)
[2020.10.11-23.36.25:831][  0]LogMemory: Platform Memory Stats for Windows
[2020.10.11-23.36.25:831][  0]LogMemory: Process Physical Memory: 114.58 MB used, 114.59 MB peak
[2020.10.11-23.36.25:831][  0]LogMemory: Process Virtual Memory: 103.73 MB used, 103.74 MB peak
[2020.10.11-23.36.25:831][  0]LogMemory: Physical Memory: 6262.27 MB used,  1814.95 MB free, 8077.22 MB total
[2020.10.11-23.36.25:831][  0]LogMemory: Virtual Memory: 5177.47 MB used,  134212552.00 MB free, 134217728.00 MB total
[2020.10.11-23.36.25:894][  0]LogWindows: WindowsPlatformFeatures enabled
[2020.10.11-23.36.30:009][  0]LogInit: Physics initialised using underlying interface: PhysX
[2020.10.11-23.36.30:324][  0]LogInit: Using OS detected language (en-US).
[2020.10.11-23.36.30:324][  0]LogInit: Using OS detected locale (en-US).
[2020.10.11-23.36.30:927][  0]LogTextLocalizationManager: No specific localization for 'en-US' exists, so the 'en' localization will be used.
[2020.10.11-23.36.36:540][  0]LogInit: Setting process to per monitor DPI aware
[2020.10.11-23.36.37:913][  0]LogSlate: New Slate User Created.  User Index 0, Is Virtual User: 0
[2020.10.11-23.36.37:913][  0]LogSlate: Slate User Registered.  User Index 0, Is Virtual User: 0
[2020.10.11-23.36.47:154][  0]LogHMD: Failed to initialize OpenVR with code 110
[2020.10.11-23.36.47:154][  0]LogD3D11RHI: D3D11 min allowed feature level: 11_0
[2020.10.11-23.36.47:154][  0]LogD3D11RHI: D3D11 max allowed feature level: 11_0
[2020.10.11-23.36.47:154][  0]LogD3D11RHI: D3D11 adapters:
[2020.10.11-23.36.48:432][  0]LogD3D11RHI:    0. 'NVIDIA GeForce GTX 1050' (Feature Level 11_0)
[2020.10.11-23.36.48:432][  0]LogD3D11RHI:       4019/0/4038 MB DedicatedVideo/DedicatedSystem/SharedSystem, Outputs:1, VendorId:0x10de
[2020.10.11-23.36.48:468][  0]LogD3D11RHI:    1. 'Intel(R) HD Graphics 630' (Feature Level 11_0)
[2020.10.11-23.36.48:468][  0]LogD3D11RHI:       128/0/4038 MB DedicatedVideo/DedicatedSystem/SharedSystem, Outputs:0, VendorId:0x8086
[2020.10.11-23.36.48:478][  0]LogD3D11RHI:    2. 'Microsoft Basic Render Driver' (Feature Level 11_0)
[2020.10.11-23.36.48:478][  0]LogD3D11RHI:       0/0/4038 MB DedicatedVideo/DedicatedSystem/SharedSystem, Outputs:0, VendorId:0x1414
[2020.10.11-23.36.48:478][  0]LogD3D11RHI: Chosen D3D11 Adapter: 0
[2020.10.11-23.36.48:666][  0]LogD3D11RHI: Creating new Direct3DDevice
[2020.10.11-23.36.48:666][  0]LogD3D11RHI:     GPU DeviceId: 0x1c8d (for the marketing name, search the web for "GPU Device Id")
[2020.10.11-23.36.48:680][  0]LogWindows: EnumDisplayDevices:
[2020.10.11-23.36.48:681][  0]LogWindows:    0. 'Intel(R) HD Graphics 630' (P:1 D:1)
[2020.10.11-23.36.48:683][  0]LogWindows:    1. 'Intel(R) HD Graphics 630' (P:0 D:0)
[2020.10.11-23.36.48:684][  0]LogWindows:    2. 'Intel(R) HD Graphics 630' (P:0 D:0)
[2020.10.11-23.36.48:685][  0]LogWindows:    3. 'NVIDIA GeForce GTX 1050' (P:0 D:0)
[2020.10.11-23.36.48:685][  0]LogWindows: DebugString: PrimaryIsNotTheChoosenAdapter PrimaryIsNotTheChoosenAdapter PrimaryIsNotTheChoosenAdapter 
[2020.10.11-23.36.48:685][  0]LogD3D11RHI:     Adapter Name: NVIDIA GeForce GTX 1050
[2020.10.11-23.36.48:686][  0]LogD3D11RHI:   Driver Version: 456.71 (internal:27.21.14.5671, unified:456.71)
[2020.10.11-23.36.48:686][  0]LogD3D11RHI:      Driver Date: 9-30-2020
[2020.10.11-23.36.48:692][  0]LogRHI: Texture pool is 2813 MB (70% of 4019 MB)
[2020.10.11-23.36.48:853][  0]LogD3D11RHI: RHI has support for 64 bit atomics
[2020.10.11-23.36.48:865][  0]LogD3D11RHI: [Aftermath] Enabled and primed
[2020.10.11-23.36.48:865][  0]LogD3D11RHI: Async texture creation enabled
[2020.10.11-23.36.48:865][  0]LogD3D11RHI: Array index from any shader is supported
[2020.10.11-23.36.49:790][  0]LogD3D11RHI: GPU Timing Frequency: 1000.000000 (Debug: 2 1)
[2020.10.11-23.36.51:311][  0]LogTargetPlatformManager: Display: Loaded TargetPlatform 'AllDesktop'
[2020.10.11-23.36.51:490][  0]LogTargetPlatformManager: Display: Loaded TargetPlatform 'Android'
[2020.10.11-23.36.51:490][  0]LogTargetPlatformManager: Display: Loaded TargetPlatform 'Android_ASTC'
[2020.10.11-23.36.51:490][  0]LogTargetPlatformManager: Display: Loaded TargetPlatform 'Android_DXT'
[2020.10.11-23.36.51:491][  0]LogTargetPlatformManager: Display: Loaded TargetPlatform 'Android_ETC2'
[2020.10.11-23.36.51:491][  0]LogTargetPlatformManager: Display: Loaded TargetPlatform 'AndroidClient'
[2020.10.11-23.36.51:491][  0]LogTargetPlatformManager: Display: Loaded TargetPlatform 'Android_ASTCClient'
[2020.10.11-23.36.51:491][  0]LogTargetPlatformManager: Display: Loaded TargetPlatform 'Android_DXTClient'
[2020.10.11-23.36.51:491][  0]LogTargetPlatformManager: Display: Loaded TargetPlatform 'Android_ETC2Client'
[2020.10.11-23.36.51:491][  0]LogTargetPlatformManager: Display: Loaded TargetPlatform 'Android_Multi'
[2020.10.11-23.36.51:491][  0]LogTargetPlatformManager: Display: Loaded TargetPlatform 'Android_MultiClient'
[2020.10.11-23.36.51:834][  0]LogTargetPlatformManager: Display: Loaded TargetPlatform 'IOSClient'
[2020.10.11-23.36.51:834][  0]LogTargetPlatformManager: Display: Loaded TargetPlatform 'IOS'
[2020.10.11-23.36.51:936][  0]LogTargetPlatformManager: Display: Loaded TargetPlatform 'Linux'
[2020.10.11-23.36.52:005][  0]LogTargetPlatformManager: Display: Loaded TargetPlatform 'LinuxNoEditor'
[2020.10.11-23.36.52:067][  0]LogTargetPlatformManager: Display: Loaded TargetPlatform 'LinuxClient'
[2020.10.11-23.36.52:141][  0]LogTargetPlatformManager: Display: Loaded TargetPlatform 'LinuxServer'
[2020.10.11-23.36.52:207][  0]LogTargetPlatformManager: Display: Loaded TargetPlatform 'LinuxAArch64NoEditor'
[2020.10.11-23.36.52:253][  0]LogTargetPlatformManager: Display: Loaded TargetPlatform 'LinuxAArch64Client'
[2020.10.11-23.36.52:373][  0]LogTargetPlatformManager: Display: Loaded TargetPlatform 'LinuxAArch64Server'
[2020.10.11-23.36.52:560][  0]LogTargetPlatformManager: Display: Loaded TargetPlatform 'Lumin'
[2020.10.11-23.36.52:560][  0]LogTargetPlatformManager: Display: Loaded TargetPlatform 'LuminClient'
[2020.10.11-23.36.52:641][  0]LogTargetPlatformManager: Display: Loaded TargetPlatform 'TVOSClient'
[2020.10.11-23.36.52:641][  0]LogTargetPlatformManager: Display: Loaded TargetPlatform 'TVOS'
[2020.10.11-23.36.52:695][  0]LogTargetPlatformManager: Display: Loaded TargetPlatform 'WindowsNoEditor'
[2020.10.11-23.36.52:746][  0]LogTargetPlatformManager: Display: Loaded TargetPlatform 'Windows'
[2020.10.11-23.36.52:837][  0]LogTargetPlatformManager: Display: Loaded TargetPlatform 'WindowsClient'
[2020.10.11-23.36.52:892][  0]LogTargetPlatformManager: Display: Loaded TargetPlatform 'WindowsServer'
[2020.10.11-23.36.52:892][  0]LogTargetPlatformManager: Display: Building Assets For Windows
[2020.10.11-23.36.53:283][  0]LogAudioDebug: Display: Lib vorbis DLL was dynamically loaded.
[2020.10.11-23.36.54:954][  0]LogShaderCompilers: Guid format shader working directory is 13 characters bigger than the processId version (../../../../../../Unreal Engine Files/Drive/Intermediate/Shaders/WorkingDirectory/18972/).
[2020.10.11-23.36.54:955][  0]LogShaderCompilers: Cleaned the shader compiler working directory 'C:/Users/Dominic Tjiptono/AppData/Local/Temp/UnrealShaderWorkingDir/58DCE93C486DD8D46220D19B92E8C886/'.
[2020.10.11-23.36.54:981][  0]LogXGEController: Cleaning working directory: C:/Users/Dominic Tjiptono/AppData/Local/Temp/UnrealXGEWorkingDir/
[2020.10.11-23.36.54:982][  0]LogXGEController: Cannot use XGE Controller as Incredibuild is not installed on this machine.
[2020.10.11-23.36.54:982][  0]LogShaderCompilers: Cannot use XGE Shader Compiler as Incredibuild is not installed on this machine.
[2020.10.11-23.36.54:982][  0]LogShaderCompilers: Display: Using Local Shader Compiler.
[2020.10.11-23.37.04:902][  0]LogDerivedDataCache: Display: Max Cache Size: 512 MB
[2020.10.11-23.37.05:174][  0]LogDerivedDataCache: Loaded boot cache 0.26s 75MB C:/Users/Dominic Tjiptono/AppData/Local/UnrealEngine/4.25/DerivedDataCache/Boot.ddc.
[2020.10.11-23.37.05:174][  0]LogDerivedDataCache: Display: Loaded Boot cache: C:/Users/Dominic Tjiptono/AppData/Local/UnrealEngine/4.25/DerivedDataCache/Boot.ddc
[2020.10.11-23.37.05:174][  0]LogDerivedDataCache: FDerivedDataBackendGraph:  Pak pak cache file ../../../../../../Unreal Engine Files/Drive/DerivedDataCache/DDC.ddp not found, will not use a pak cache.
[2020.10.11-23.37.05:174][  0]LogDerivedDataCache: Unable to find inner node Pak for hierarchical cache Hierarchy.
[2020.10.11-23.37.05:174][  0]LogDerivedDataCache: FDerivedDataBackendGraph:  CompressedPak pak cache file ../../../../../../Unreal Engine Files/Drive/DerivedDataCache/Compressed.ddp not found, will not use a pak cache.
[2020.10.11-23.37.05:175][  0]LogDerivedDataCache: Unable to find inner node CompressedPak for hierarchical cache Hierarchy.
[2020.10.11-23.37.05:279][  0]LogDerivedDataCache: Display: Pak cache opened for reading ../../../Engine/DerivedDataCache/Compressed.ddp.
[2020.10.11-23.37.05:279][  0]LogDerivedDataCache: FDerivedDataBackendGraph:  EnterprisePak pak cache file ../../../Enterprise/DerivedDataCache/Compressed.ddp not found, will not use a pak cache.
[2020.10.11-23.37.05:279][  0]LogDerivedDataCache: Unable to find inner node EnterprisePak for hierarchical cache Hierarchy.
[2020.10.11-23.37.05:290][  0]LogDerivedDataCache: Using Local data cache path C:/Users/Dominic Tjiptono/AppData/Local/UnrealEngine/Common/DerivedDataCache: Writable
[2020.10.11-23.37.05:291][  0]LogDerivedDataCache: Shared data cache path not found in *engine.ini, will not use an Shared cache.
[2020.10.11-23.37.05:291][  0]LogDerivedDataCache: Unable to find inner node Shared for hierarchical cache Hierarchy.
[2020.10.11-23.37.05:741][  0]LogSlate: Using FreeType 2.10.0
[2020.10.11-23.37.05:937][  0]LogSlate: SlateFontServices - WITH_FREETYPE: 1, WITH_HARFBUZZ: 1
[2020.10.11-23.37.09:373][  0]LogAssetRegistry: FAssetRegistry took 0.0458 seconds to start up
[2020.10.11-23.37.27:700][  0]LogInit: Selected Device Profile: [Windows]
[2020.10.11-23.37.34:981][  0]LogMeshReduction: Using QuadricMeshReduction for automatic static mesh reduction
[2020.10.11-23.37.34:981][  0]LogMeshReduction: Using SimplygonMeshReduction for automatic skeletal mesh reduction
[2020.10.11-23.37.34:981][  0]LogMeshReduction: Using ProxyLODMeshReduction for automatic mesh merging
[2020.10.11-23.37.34:981][  0]LogMeshReduction: No distributed automatic mesh merging module available
[2020.10.11-23.37.34:982][  0]LogMeshMerging: No distributed automatic mesh merging module available
[2020.10.11-23.37.36:927][  0]LogNetVersion: Drive 1.0.0, NetCL: 13144385, EngineNetVer: 14, GameNetVer: 0 (Checksum: 859404817)
[2020.10.11-23.38.13:200][  0]LogAISub: UAISubsystem::UAISubsystem AISubsystem (000002BB59C89800), frame # 0
[2020.10.11-23.38.13:200][  0]LogAISub: UAISubsystem::UAISubsystem AIPerceptionSystem (000002BB59B3AAC0), frame # 0
[2020.10.11-23.38.13:420][  0]LogAISub: UAISubsystem::UAISubsystem EnvQueryManager (000002BB59CEAA00), frame # 0
[2020.10.11-23.38.15:005][  0]LogPackageLocalizationCache: Processed 19 localized package path(s) for 1 prioritized culture(s) in 0.368589 seconds
[2020.10.11-23.38.15:069][  0]LogUObjectArray: 15917 objects as part of root set at end of initial load.
[2020.10.11-23.38.15:089][  0]LogUObjectAllocator: 3965568 out of 0 bytes used by permanent object pool.
[2020.10.11-23.38.15:089][  0]LogUObjectArray: CloseDisregardForGC: 0/0 objects in disregard for GC pool
[2020.10.11-23.38.33:307][  0]LogTcpMessaging: Initializing TcpMessaging bridge
[2020.10.11-23.38.33:494][  0]LogUdpMessaging: Initializing bridge on interface 0.0.0.0:0 to multicast group 230.0.0.1:6666.
[2020.10.11-23.38.35:450][  0]LogLinker: Warning: Failed to load '/Game/SideScrollerBP/SideScrollerOverview': Can't find file.
[2020.10.11-23.38.35:460][  0]LogLinker: Warning: Failed to load '/Game/SideScrollerBP/SideScrollerOverview': Can't find file.
[2020.10.11-23.38.35:460][  0]LogUObjectGlobals: Warning: Failed to find object 'Class /Game/SideScrollerBP/SideScrollerOverview.SideScrollerOverview_C'
[2020.10.11-23.38.36:840][  0]SourceControl: Source control is disabled
[2020.10.11-23.38.36:854][  0]LogWindows: Warning: CreateProc failed: The system cannot find the file specified. (0x00000002)
[2020.10.11-23.38.36:854][  0]LogWindows: Warning: URL: D:/Program/Git/bin/git.exe version
[2020.10.11-23.38.37:313][  0]LogWindows: Warning: CreateProc failed: The system cannot find the file specified. (0x00000002)
[2020.10.11-23.38.37:313][  0]LogWindows: Warning: URL: D:/Program/Git/bin/git.exe version
[2020.10.11-23.38.37:503][  0]LogWindows: Warning: CreateProc failed: The system cannot find the file specified. (0x00000002)
[2020.10.11-23.38.37:503][  0]LogWindows: Warning: URL: D:/Program/Git/bin/git.exe version
[2020.10.11-23.38.37:846][  0]LogWindows: Warning: CreateProc failed: The system cannot find the file specified. (0x00000002)
[2020.10.11-23.38.37:846][  0]LogWindows: Warning: URL: D:/Program/Git/bin/git.exe version
[2020.10.11-23.38.48:366][  0]LogAndroidPermission: UAndroidPermissionCallbackProxy::GetInstance
[2020.10.11-23.38.48:912][  0]LogAudioCaptureCore: Display: No Audio Capture implementations found. Audio input will be silent.
[2020.10.11-23.38.48:912][  0]LogAudioCaptureCore: Display: No Audio Capture implementations found. Audio input will be silent.
[2020.10.11-23.38.50:126][  0]LogOcInput: OculusInput pre-init called
[2020.10.11-23.38.50:333][  0]LogWindows: Failed to load 'OVRPlugin.dll' (GetLastError=126)
[2020.10.11-23.38.50:333][  0]LogWindows: File 'OVRPlugin.dll' does not exist
[2020.10.11-23.38.55:605][  0]LogAutomationTest: Warning: Smoke tests took > 2s to run: 3.54s
[2020.10.11-23.38.55:721][  0]LogEngine: Initializing Engine...
[2020.10.11-23.38.55:936][  0]LogHMD: Failed to initialize OpenVR with code 110
[2020.10.11-23.38.55:936][  0]LogMagicLeap: Warning: VR disabled because ZI is not enabled.  To enable, in the editor, Edit -> Project Settings -> Plugins -> Magic Leap Plugin -> Enable Zero Iteration
[2020.10.11-23.38.56:218][  0]LogStats: UGameplayTagsManager::InitializeManager -  0.058 s
[2020.10.11-23.38.56:762][  0]LogInit: Initializing FReadOnlyCVARCache
[2020.10.11-23.38.58:158][  0]LogAIModule: Creating AISystem for world Untitled
[2020.10.11-23.38.58:159][  0]LogAISub: UAISubsystem::UAISubsystem EnvQueryManager (000002BB5EF31A00), frame # 0
[2020.10.11-23.38.58:172][  0]LogAISub: UAISubsystem::UAISubsystem AIPerceptionSystem (000002BB5EECFB00), frame # 0
[2020.10.11-23.38.58:975][  0]LogAudioMixer: Display: Audio Mixer Platform Settings:
[2020.10.11-23.38.58:975][  0]LogAudioMixer: Display: 	Sample Rate:						  48000
[2020.10.11-23.38.58:975][  0]LogAudioMixer: Display: 	Callback Buffer Frame Size Requested: 1024
[2020.10.11-23.38.58:976][  0]LogAudioMixer: Display: 	Callback Buffer Frame Size To Use:	  1024
[2020.10.11-23.38.58:976][  0]LogAudioMixer: Display: 	Number of buffers to queue:			  2
[2020.10.11-23.38.58:976][  0]LogAudioMixer: Display: 	Max Channels (voices):				  32
[2020.10.11-23.38.58:976][  0]LogAudioMixer: Display: 	Number of Async Source Workers:		  0
[2020.10.11-23.38.58:976][  0]LogAudio: Display: AudioDevice MaxSources: 32
[2020.10.11-23.38.59:023][  0]LogAudio: Display: Using built-in audio occlusion.
[2020.10.11-23.38.59:039][  0]LogAudioMixer: Display: Initializing audio mixer.
[2020.10.11-23.38.59:518][  0]LogAudioMixer: Display: 0: FrontLeft
[2020.10.11-23.38.59:518][  0]LogAudioMixer: Display: 1: FrontRight
[2020.10.11-23.38.59:880][  0]LogAudioMixer: Display: Using Audio Device Speaker/Headphone (Realtek High Definition Audio)
[2020.10.11-23.38.59:900][  0]LogAudioMixer: Display: Initializing Sound Submixes...
[2020.10.11-23.38.59:906][  0]LogAudioMixer: Display: Creating Master Submix 'MasterSubmixDefault'
[2020.10.11-23.38.59:906][  0]LogAudioMixer: Display: Creating Master Submix 'MasterReverbSubmixDefault'
[2020.10.11-23.38.59:932][  0]LogAudioMixer: Display: Creating Master Submix 'MasterEQSubmixDefault'
[2020.10.11-23.38.59:934][  0]LogInit: FAudioDevice initialized.
[2020.10.11-23.38.59:988][  0]LogNetVersion: Set ProjectVersion to 1.0.0.0. Version Checksum will be recalculated on next use.
[2020.10.11-23.39.00:472][  0]LogDerivedDataCache: Saved boot cache 0.48s 75MB C:/Users/Dominic Tjiptono/AppData/Local/UnrealEngine/4.25/DerivedDataCache/Boot.ddc.
[2020.10.11-23.39.00:474][  0]LogInit: Texture streaming: Enabled
[2020.10.11-23.39.00:984][  0]LogEngineSessionManager: EngineSessionManager initialized
[2020.10.11-23.39.00:984][  0]LogEditorSessionSummary: Verbose: Initializing EditorSessionSummaryWriter for editor session tracking
[2020.10.11-23.39.01:256][  0]LogEditorSessionSummary: EditorSessionSummaryWriter initialized
[2020.10.11-23.39.02:171][  0]LogInit: Transaction tracking system initialized
[2020.10.11-23.39.03:366][  0]BlueprintLog: New page: Editor Load
[2020.10.11-23.39.06:849][  0]LocalizationService: Localization service is disabled
[2020.10.11-23.39.11:396][  0]LogFileCache: Scanning file cache for directory 'D:/Unreal Engine Files/Drive/Content/' took 0.04s
[2020.10.11-23.39.11:396][  0]LogCook: Display: Max memory allowance for cook 16384mb min free memory 0mb
[2020.10.11-23.39.11:399][  0]LogCook: Display: Mobile HDR setting 1
[2020.10.11-23.39.13:321][  0]LogLinker: Warning: While loading '../../../Engine/Content/BasicShapes/Sphere.uasset' failed to load '/Game/StaticMeshes/Sphere': Can't find file.
[2020.10.11-23.39.13:321][  0]LogLinker: Warning: While loading '../../../Engine/Content/BasicShapes/Sphere.uasset' failed to load '/Game/StaticMeshes/Sphere': Can't find file.
[2020.10.11-23.39.13:321][  0]LogLinker: Warning: While loading '../../../Engine/Content/BasicShapes/Sphere.uasset' failed to load '/Game/StaticMeshes/Sphere': Can't find file.
[2020.10.11-23.39.13:322][  0]LogLinker: Warning: While loading '../../../Engine/Content/BasicShapes/Sphere.uasset' failed to load '/Game/StaticMeshes/Sphere': Can't find file.
[2020.10.11-23.39.13:322][  0]LogLinker: Warning: While loading '../../../Engine/Content/BasicShapes/Sphere.uasset' failed to load '/Game/StaticMeshes/Sphere': Can't find file.
[2020.10.11-23.39.13:322][  0]LoadErrors: Failed to load /Game/StaticMeshes/Sphere.Sphere Referenced by Sphere
[2020.10.11-23.39.13:322][  0]LogLinker: Warning: While loading '../../../Engine/Content/BasicShapes/Sphere.uasset' failed to load '/Game/StaticMeshes/Sphere': Can't find file.
[2020.10.11-23.39.13:322][  0]LoadErrors: Failed to load /Game/StaticMeshes/Sphere.Sphere Referenced by Sphere
[2020.10.11-23.39.13:346][  0]LogUObjectGlobals: Warning: Failed to find object 'StaticMesh /Engine/BasicShapes/Sphere.Sphere'
[2020.10.11-23.39.17:903][  0]LogWindows: Warning: CreateProc failed: The system cannot find the file specified. (0x00000002)
[2020.10.11-23.39.17:904][  0]LogWindows: Warning: URL: D:/Program/Git/bin/git.exe version
[2020.10.11-23.39.17:915][  0]LogUnrealEdMisc: Loading editor; pre map load, took 588.948
[2020.10.11-23.39.18:034][  0]Cmd: MAP LOAD FILE="../../../../../../Unreal Engine Files/Drive/Content/VehicleAdvBP/Maps/StartScreen.umap" TEMPLATE=0 SHOWPROGRESS=1 FEATURELEVEL=3
[2020.10.11-23.39.18:102][  0]LightingResults: New page: Lighting Build
[2020.10.11-23.39.18:601][  0]LogWorld: UWorld::CleanupWorld for Untitled, bSessionEnded=true, bCleanupResources=true
[2020.10.11-23.39.18:687][  0]LogSlate: InvalidateAllWidgets triggered.  All widgets were invalidated
[2020.10.11-23.39.18:785][  0]MapCheck: New page: Map Check
[2020.10.11-23.39.18:785][  0]LightingResults: New page: Lighting Build
[2020.10.11-23.39.20:219][  0]LogAISub: UAISubsystem::~UAISubsystem EnvQueryManager (000002BB5EF31A00), frame # 0
[2020.10.11-23.39.20:255][  0]LogAISub: UAISubsystem::~UAISubsystem AIPerceptionSystem (000002BB5EECFB00), frame # 0
[2020.10.11-23.39.20:322][  0]LogUObjectHash: Compacting FUObjectHashTables data took   2.60ms
[2020.10.11-23.39.26:679][  0]LogAIModule: Creating AISystem for world StartScreen
[2020.10.11-23.39.26:680][  0]LogAISub: UAISubsystem::UAISubsystem EnvQueryManager (000002BB6B691000), frame # 0
[2020.10.11-23.39.26:680][  0]LogAISub: UAISubsystem::UAISubsystem AIPerceptionSystem (000002BB5F097380), frame # 0
[2020.10.11-23.39.26:975][  0]LogPhysics: Warning: Scale for /Game/VehicleAdvBP/Maps/StartScreen.StartScreen:PersistentLevel.Starter_2.Cube has a component set to zero, which will result in a bad body instance. Scale:X=0.000 Y=0.000 Z=0.000
[2020.10.11-23.39.27:004][  0]LogPhysics: Warning: Initialising Body : Scale3D is (nearly) zero: Component: '/Game/VehicleAdvBP/Maps/StartScreen.StartScreen:PersistentLevel.Starter_2.Cube' 
[2020.10.11-23.39.35:696][  0]LogPhysics: Warning: Scale for /Game/VehicleAdvBP/Maps/StartScreen.StartScreen:PersistentLevel.Starter_2.Cube has a component set to zero, which will result in a bad body instance. Scale:X=0.000 Y=0.000 Z=0.000
[2020.10.11-23.39.35:696][  0]LogPhysics: Warning: Initialising Body : Scale3D is (nearly) zero: Component: '/Game/VehicleAdvBP/Maps/StartScreen.StartScreen:PersistentLevel.Starter_2.Cube' 
[2020.10.11-23.39.35:716][  0]LogPhysics: Warning: Scale for /Game/VehicleAdvBP/Maps/StartScreen.StartScreen:PersistentLevel.Starter_2.Cube has a component set to zero, which will result in a bad body instance. Scale:X=0.000 Y=0.000 Z=0.000
[2020.10.11-23.39.35:716][  0]LogPhysics: Warning: Initialising Body : Scale3D is (nearly) zero: Component: '/Game/VehicleAdvBP/Maps/StartScreen.StartScreen:PersistentLevel.Starter_2.Cube' 
[2020.10.11-23.39.35:723][  0]LogPhysics: Warning: Scale for /Game/VehicleAdvBP/Maps/StartScreen.StartScreen:PersistentLevel.Starter_2.Cube has a component set to zero, which will result in a bad body instance. Scale:X=0.000 Y=0.000 Z=0.000
[2020.10.11-23.39.35:724][  0]LogPhysics: Warning: Initialising Body : Scale3D is (nearly) zero: Component: '/Game/VehicleAdvBP/Maps/StartScreen.StartScreen:PersistentLevel.Starter_2.Cube' 
[2020.10.11-23.39.36:920][  0]LogEditorServer: Finished looking for orphan Actors (0.000 secs)
[2020.10.11-23.39.37:395][  0]LogUObjectHash: Compacting FUObjectHashTables data took   3.43ms
[2020.10.11-23.39.37:483][  0]Cmd: MAP CHECKDEP NOCLEARLOG
[2020.10.11-23.39.37:601][  0]MapCheck: Map check complete: 0 Error(s), 0 Warning(s), took 68.068ms to complete.
[2020.10.11-23.39.37:646][  0]LogFileHelpers: Loading map 'StartScreen' took 19.658
[2020.10.11-23.39.39:483][  0]LogUnrealEdMisc: Total Editor Startup Time, took 610.516
[2020.10.11-23.39.41:806][  0]LogSlate: Updating window title bar state: overlay mode, drag disabled, window buttons hidden, title bar hidden
[2020.10.11-23.39.41:901][  0]LogSlate: Updating window title bar state: overlay mode, drag disabled, window buttons hidden, title bar hidden
[2020.10.11-23.39.41:929][  0]LogSlate: Updating window title bar state: overlay mode, drag disabled, window buttons hidden, title bar hidden
[2020.10.11-23.39.41:954][  0]LogSlate: Updating window title bar state: overlay mode, drag disabled, window buttons hidden, title bar hidden
[2020.10.11-23.39.42:290][  0]LogCollectionManager: Loaded 0 collections in 0.008516 seconds
[2020.10.11-23.39.42:694][  0]LogFileCache: Scanning file cache for directory 'D:/Unreal Engine Files/Drive/Saved/Collections/' took 0.00s
[2020.10.11-23.39.42:694][  0]LogFileCache: Scanning file cache for directory 'D:/Unreal Engine Files/Drive/Content/Developers/DominicTjiptono/Collections/' took 0.00s
[2020.10.11-23.39.42:694][  0]LogFileCache: Scanning file cache for directory 'D:/Unreal Engine Files/Drive/Content/Collections/' took 0.00s
[2020.10.11-23.39.42:694][  0]LogContentBrowser: Native class hierarchy populated in 0.1065 seconds. Added 3430 classes and 826 folders.
[2020.10.11-23.39.43:017][  0]LogContentBrowser: Native class hierarchy updated for 'WidgetCarousel' in 0.0019 seconds. Added 0 classes and 0 folders.
[2020.10.11-23.39.45:084][  0]LogContentBrowser: Native class hierarchy updated for 'AddContentDialog' in 0.0010 seconds. Added 0 classes and 0 folders.
[2020.10.11-23.39.45:179][  0]LogContentBrowser: Native class hierarchy updated for 'SceneOutliner' in 0.0017 seconds. Added 2 classes and 0 folders.
[2020.10.11-23.39.48:363][  0]LogSlate: Took 0.082763 seconds to synchronously load lazily loaded font '../../../Engine/Content/Slate/Fonts/Roboto-Regular.ttf' (155K)
[2020.10.11-23.39.48:569][  0]LogSlate: Took 0.083378 seconds to synchronously load lazily loaded font '../../../Engine/Content/Slate/Fonts/Roboto-Bold.ttf' (160K)
[2020.10.11-23.39.49:054][  0]LogSlate: Took 0.043697 seconds to synchronously load lazily loaded font '../../../Engine/Content/Editor/Slate/Fonts/FontAwesome.ttf' (139K)
[2020.10.11-23.39.51:413][  0]LogRenderer: Reallocating scene render targets to support 964x432 Format 10 NumSamples 1 (Frame:1).
[2020.10.11-23.39.54:083][  0]LogContentBrowser: Native class hierarchy updated for 'HierarchicalLODOutliner' in 0.0007 seconds. Added 0 classes and 0 folders.
[2020.10.11-23.39.54:083][  0]LogLoad: (Engine Initialization) Total time: 625.12 seconds
[2020.10.11-23.39.54:083][  0]LogLoad: (Engine Initialization) Total Blueprint compile time: 0.00 seconds
[2020.10.11-23.39.54:238][  0]LogRawInputWindows: Warning: Found device 4 devices
[2020.10.11-23.39.54:238][  0]LogRawInputWindows: Warning: Found device 4 devices
[2020.10.11-23.39.54:238][  0]LogRawInputWindows: Warning: Device was registered succesfully but not connected (Usage:4 UsagePage:1)
[2020.10.11-23.39.54:239][  0]LogRawInputWindows: Warning: Found device 4 devices
[2020.10.11-23.39.54:239][  0]LogRawInputWindows: Warning: Device was registered succesfully but not connected (Usage:5 UsagePage:1)
[2020.10.11-23.39.56:149][  0]LogLinker: Warning: While loading '../../../Engine/Content/BasicShapes/Sphere.uasset' failed to load '/Game/StaticMeshes/Sphere': Can't find file.
[2020.10.11-23.39.56:150][  0]LogLinker: Warning: While loading '../../../Engine/Content/BasicShapes/Sphere.uasset' failed to load '/Game/StaticMeshes/Sphere': Can't find file.
[2020.10.11-23.39.56:150][  0]LogLinker: Warning: While loading '../../../Engine/Content/BasicShapes/Sphere.uasset' failed to load '/Game/StaticMeshes/Sphere': Can't find file.
[2020.10.11-23.39.56:150][  0]LogLinker: Warning: While loading '../../../Engine/Content/BasicShapes/Sphere.uasset' failed to load '/Game/StaticMeshes/Sphere': Can't find file.
[2020.10.11-23.39.56:151][  0]LogLinker: Warning: While loading '../../../Engine/Content/BasicShapes/Sphere.uasset' failed to load '/Game/StaticMeshes/Sphere': Can't find file.
[2020.10.11-23.39.56:264][  0]LogLinker: Warning: While loading '../../../Engine/Content/BasicShapes/Sphere.uasset' failed to load '/Game/StaticMeshes/Sphere': Can't find file.
[2020.10.11-23.39.59:305][  0]LogContentStreaming: Texture pool size now 1000 MB
[2020.10.11-23.40.01:748][  0]LogSlate: Took 0.061403 seconds to synchronously load lazily loaded font '../../../Engine/Content/Slate/Fonts/DroidSansMono.ttf' (77K)
[2020.10.11-23.40.03:160][  1]LogSlate: Took 0.067461 seconds to synchronously load lazily loaded font '../../../Engine/Content/Slate/Fonts/Roboto-Light.ttf' (167K)
[2020.10.11-23.40.04:751][  3]LogSlate: Window 'Message Log' being destroyed
[2020.10.11-23.40.04:787][  3]LogSlate: Window 'Message Log' being destroyed
[2020.10.11-23.40.05:465][  5]LogAssetRegistry: Asset discovery search completed in 176.1230 seconds
[2020.10.11-23.40.05:564][  5]LogCollectionManager: Fixed up redirectors for 0 collections in 0.000017 seconds (updated 0 objects)
[2020.10.11-23.42.30:870][617]LogTemp: Repeating last play command: New Editor Window (PIE)
[2020.10.11-23.42.31:105][617]LogPlayLevel: PlayLevel: No blueprints needed recompiling
[2020.10.11-23.42.31:185][617]PIE: New page: PIE session: StartScreen (Oct 13, 2020, 1:42:31 AM)
[2020.10.11-23.42.31:305][617]LogOnline: OSS: Creating online subsystem instance for: NULL
[2020.10.11-23.42.31:309][617]LogOnline: OSS: TryLoadSubsystemAndSetDefault: Loaded subsystem for module [NULL]
[2020.10.11-23.42.31:345][617]LogPlayLevel: Creating play world package: /Game/VehicleAdvBP/Maps/UEDPIE_0_StartScreen
[2020.10.11-23.42.32:396][617]LogPlayLevel: PIE: StaticDuplicateObject took: (1.051845s)
[2020.10.11-23.42.32:428][617]LogAIModule: Creating AISystem for world StartScreen
[2020.10.11-23.42.32:428][617]LogAISub: UAISubsystem::UAISubsystem EnvQueryManager (000002BB8D880E00), frame # 617
[2020.10.11-23.42.32:428][617]LogAISub: UAISubsystem::UAISubsystem AIPerceptionSystem (000002BB4B44CCC0), frame # 617
[2020.10.11-23.42.32:428][617]LogPlayLevel: PIE: World Init took: (0.031397s)
[2020.10.11-23.42.32:440][617]LogPlayLevel: PIE: Created PIE world by copying editor world from /Game/VehicleAdvBP/Maps/StartScreen.StartScreen to /Game/VehicleAdvBP/Maps/UEDPIE_0_StartScreen.StartScreen (1.095579s)
[2020.10.11-23.42.32:474][617]LogUObjectHash: Compacting FUObjectHashTables data took   1.14ms
[2020.10.11-23.42.32:485][617]LogAudioMixer: Display: Audio Mixer Platform Settings:
[2020.10.11-23.42.32:485][617]LogAudioMixer: Display: 	Sample Rate:						  48000
[2020.10.11-23.42.32:485][617]LogAudioMixer: Display: 	Callback Buffer Frame Size Requested: 1024
[2020.10.11-23.42.32:485][617]LogAudioMixer: Display: 	Callback Buffer Frame Size To Use:	  1024
[2020.10.11-23.42.32:485][617]LogAudioMixer: Display: 	Number of buffers to queue:			  2
[2020.10.11-23.42.32:485][617]LogAudioMixer: Display: 	Max Channels (voices):				  32
[2020.10.11-23.42.32:485][617]LogAudioMixer: Display: 	Number of Async Source Workers:		  0
[2020.10.11-23.42.32:485][617]LogAudio: Display: AudioDevice MaxSources: 32
[2020.10.11-23.42.32:485][617]LogAudio: Display: Using built-in audio occlusion.
[2020.10.11-23.42.32:485][617]LogAudioMixer: Display: Initializing audio mixer.
[2020.10.11-23.42.32:512][617]LogAudioMixer: Display: 0: FrontLeft
[2020.10.11-23.42.32:512][617]LogAudioMixer: Display: 1: FrontRight
[2020.10.11-23.42.32:556][617]LogAudioMixer: Display: Using Audio Device Speaker/Headphone (Realtek High Definition Audio)
[2020.10.11-23.42.32:556][617]LogAudioMixer: Display: Initializing Sound Submixes...
[2020.10.11-23.42.32:557][617]LogAudioMixer: Display: Creating Master Submix 'MasterSubmixDefault'
[2020.10.11-23.42.32:557][617]LogAudioMixer: Display: Creating Master Submix 'MasterReverbSubmixDefault'
[2020.10.11-23.42.32:557][617]LogAudioMixer: Display: Creating Master Submix 'MasterEQSubmixDefault'
[2020.10.11-23.42.32:580][617]LogInit: FAudioDevice initialized.
[2020.10.11-23.42.32:757][617]LogSlate: Updating window title bar state: overlay mode, drag disabled, window buttons hidden, title bar hidden
[2020.10.11-23.42.32:775][617]LogLoad: Game class is 'TimeTrialGameMode_C'
[2020.10.11-23.42.32:929][617]LogPhysics: Warning: Scale for /Game/VehicleAdvBP/Maps/UEDPIE_0_StartScreen.StartScreen:PersistentLevel.Starter_2.Cube has a component set to zero, which will result in a bad body instance. Scale:X=0.000 Y=0.000 Z=0.000
[2020.10.11-23.42.32:929][617]LogPhysics: Warning: Initialising Body : Scale3D is (nearly) zero: Component: '/Game/VehicleAdvBP/Maps/UEDPIE_0_StartScreen.StartScreen:PersistentLevel.Starter_2.Cube' 
[2020.10.11-23.42.32:998][617]LogWorld: Bringing World /Game/VehicleAdvBP/Maps/UEDPIE_0_StartScreen.StartScreen up for play (max tick rate 0) at 2020.10.12-12.42.32
[2020.10.11-23.42.33:032][617]LogWorld: Bringing up level for play took: 0.093119
[2020.10.11-23.42.33:142][617]LogOnline: OSS: Creating online subsystem instance for: :Context_3
[2020.10.11-23.42.33:409][617]LogContentBrowser: Native class hierarchy updated for 'MovieSceneCapture' in 0.0017 seconds. Added 20 classes and 0 folders.
[2020.10.11-23.42.33:965][617]PIE: Server logged in
[2020.10.11-23.42.33:978][617]PIE: Play in editor total start time 3.055 seconds.
[2020.10.11-23.42.34:419][618]LogRenderer: Reallocating scene render targets to support 1280x720 Format 10 NumSamples 1 (Frame:1).
[2020.10.11-23.42.41:119][801]LogRenderer: Reallocating scene render targets to support 1536x800 Format 10 NumSamples 1 (Frame:185).
[2020.10.11-23.42.42:754][838]LogAudioMixer: Display: Audio Buffer Underrun detected.
[2020.10.11-23.42.53:609][156]LogNet: Browse: /Game/VehicleAdvBP/Maps/CityCircuitCheckpointMap
[2020.10.11-23.42.53:613][156]LogLoad: LoadMap: /Game/VehicleAdvBP/Maps/CityCircuitCheckpointMap
[2020.10.11-23.42.53:614][156]LogWorld: BeginTearingDown for /Game/VehicleAdvBP/Maps/UEDPIE_0_StartScreen
[2020.10.11-23.42.53:741][156]LogWorld: UWorld::CleanupWorld for StartScreen, bSessionEnded=true, bCleanupResources=true
[2020.10.11-23.42.53:758][156]LogSlate: InvalidateAllWidgets triggered.  All widgets were invalidated
[2020.10.11-23.42.54:118][156]LogAISub: UAISubsystem::~UAISubsystem AIPerceptionSystem (000002BB4B44CCC0), frame # 1156
[2020.10.11-23.42.54:118][156]LogAISub: UAISubsystem::~UAISubsystem EnvQueryManager (000002BB8D880E00), frame # 1156
[2020.10.11-23.42.54:155][156]LogUObjectHash: Compacting FUObjectHashTables data took   2.20ms
[2020.10.11-23.42.56:506][156]LogAIModule: Creating AISystem for world CityCircuitCheckpointMap
[2020.10.11-23.42.56:506][156]LogAISub: UAISubsystem::UAISubsystem EnvQueryManager (000002BB11AEA000), frame # 1156
[2020.10.11-23.42.56:506][156]LogAISub: UAISubsystem::UAISubsystem AIPerceptionSystem (000002BB11ACFB00), frame # 1156
[2020.10.11-23.42.56:506][156]LogLoad: Game class is 'CheckpointGameMode_C'
[2020.10.11-23.42.57:319][156]LogWorld: Bringing World /Game/VehicleAdvBP/Maps/UEDPIE_0_CityCircuitCheckpointMap.CityCircuitCheckpointMap up for play (max tick rate 0) at 2020.10.12-12.42.57
[2020.10.11-23.42.57:320][156]LogWorld: Bringing up level for play took: 0.808029
[2020.10.11-23.42.57:645][156]LogLoad: Took 4.031687 seconds to LoadMap(/Game/VehicleAdvBP/Maps/CityCircuitCheckpointMap)
[2020.10.11-23.43.15:500][652]LogSlate: Updating window title bar state: overlay mode, drag disabled, window buttons hidden, title bar hidden
[2020.10.11-23.43.15:500][652]LogWorld: BeginTearingDown for /Game/VehicleAdvBP/Maps/UEDPIE_0_CityCircuitCheckpointMap
[2020.10.11-23.43.15:515][652]LogSlate: Window 'Drive Preview [NetMode: Standalone] (64-bit/Windows) ' being destroyed
[2020.10.11-23.43.15:562][652]LogWorld: UWorld::CleanupWorld for CityCircuitCheckpointMap, bSessionEnded=true, bCleanupResources=true
[2020.10.11-23.43.15:581][652]LogSlate: InvalidateAllWidgets triggered.  All widgets were invalidated
[2020.10.11-23.43.15:629][652]LogPlayLevel: Display: Shutting down PIE online subsystems
[2020.10.11-23.43.15:667][652]LogSlate: InvalidateAllWidgets triggered.  All widgets were invalidated
[2020.10.11-23.43.16:062][652]LogAISub: UAISubsystem::~UAISubsystem EnvQueryManager (000002BB11AEA000), frame # 1652
[2020.10.11-23.43.16:062][652]LogAISub: UAISubsystem::~UAISubsystem AIPerceptionSystem (000002BB11ACFB00), frame # 1652
[2020.10.11-23.43.16:088][652]LogUObjectHash: Compacting FUObjectHashTables data took   1.21ms
[2020.10.11-23.43.16:177][653]LogPlayLevel: Display: Destroying online subsystem :Context_3
[2020.10.11-23.43.26:766][873]LogSlate: Took 0.000329 seconds to synchronously load lazily loaded font '../../../Engine/Content/Slate/Fonts/Roboto-Light.ttf' (167K)
[2020.10.11-23.43.26:851][873]LogAssetEditorSubsystem: Opening Asset editor for Blueprint /Game/VehicleAdvBP/Blueprints/VehicleBlueprint.VehicleBlueprint
[2020.10.11-23.43.28:114][873]LogContentBrowser: Native class hierarchy updated for 'BlueprintGraph' in 0.0023 seconds. Added 125 classes and 0 folders.
[2020.10.11-23.43.32:349][873]LogSlate: Took 0.027730 seconds to synchronously load lazily loaded font '../../../Engine/Content/Slate/Fonts/Roboto-BoldCondensed.ttf' (158K)
[2020.10.11-23.43.33:733][874]LogSlate: Took 0.016740 seconds to synchronously load lazily loaded font '../../../Engine/Content/Slate/Fonts/Roboto-Italic.ttf' (157K)
[2020.10.11-23.43.36:168][912]LogSlate: Window 'VehicleBlueprint' being destroyed
[2020.10.11-23.46.07:538][546]LogWorld: UWorld::CleanupWorld for World_3, bSessionEnded=true, bCleanupResources=true
[2020.10.11-23.46.07:538][546]LogSlate: InvalidateAllWidgets triggered.  All widgets were invalidated
[2020.10.11-23.46.35:951][204]LogUObjectHash: Compacting FUObjectHashTables data took   8.35ms
[2020.10.11-23.46.36:247][204]Cmd: OBJ SAVEPACKAGE PACKAGE="/Game/VehicleAdvBP/Blueprints/VehicleBlueprint" FILE="../../../../../../Unreal Engine Files/Drive/Content/VehicleAdvBP/Blueprints/VehicleBlueprint.uasset" SILENT=true
[2020.10.11-23.46.37:197][204]LogSavePackage: Moving '../../../../../../Unreal Engine Files/Drive/Saved/VehicleBlueprint53DD6920463D0884825CDA864B91F201.tmp' to '../../../../../../Unreal Engine Files/Drive/Content/VehicleAdvBP/Blueprints/VehicleBlueprint.uasset'
[2020.10.11-23.46.37:365][204]AssetCheck: New page: Asset Save: VehicleBlueprint
[2020.10.11-23.46.37:365][204]LogContentValidation: Display: Validating Blueprint /Game/VehicleAdvBP/Blueprints/VehicleBlueprint.VehicleBlueprint
[2020.10.11-23.46.38:090][217]LogAssetEditorSubsystem: Opening Asset editor for Blueprint /Game/VehicleAdvBP/Blueprints/VehicleBlueprint.VehicleBlueprint
[2020.10.11-23.48.20:836][776]LogAssetEditorSubsystem: Opening Asset editor for Blueprint /Game/Blueprints/Race_blueprints/R_PlayerController.R_PlayerController
[2020.10.11-23.48.25:506][839]LogSlate: Window 'R_PlayerController' being destroyed
[2020.10.11-23.50.34:087][ 93]Cmd: OBJ SAVEPACKAGE PACKAGE="/Game/VehicleAdvBP/Blueprints/VehicleBlueprint" FILE="../../../../../../Unreal Engine Files/Drive/Content/VehicleAdvBP/Blueprints/VehicleBlueprint.uasset" SILENT=true
[2020.10.11-23.50.34:347][ 93]LogSavePackage: Moving '../../../../../../Unreal Engine Files/Drive/Saved/VehicleBlueprint6F34E60B4B51B6D37FB232B5AABDCDFB.tmp' to '../../../../../../Unreal Engine Files/Drive/Content/VehicleAdvBP/Blueprints/VehicleBlueprint.uasset'
[2020.10.11-23.50.34:442][ 93]AssetCheck: New page: Asset Save: VehicleBlueprint
[2020.10.11-23.50.34:442][ 93]LogContentValidation: Display: Validating Blueprint /Game/VehicleAdvBP/Blueprints/VehicleBlueprint.VehicleBlueprint
[2020.10.11-23.51.27:654][257]Cmd: OBJ SAVEPACKAGE PACKAGE="/Game/VehicleAdvBP/Blueprints/VehicleBlueprint" FILE="../../../../../../Unreal Engine Files/Drive/Content/VehicleAdvBP/Blueprints/VehicleBlueprint.uasset" SILENT=true
[2020.10.11-23.51.27:777][257]LogSavePackage: Moving '../../../../../../Unreal Engine Files/Drive/Saved/VehicleBlueprint6222926C44B46C1BE7A9399AA546AAB4.tmp' to '../../../../../../Unreal Engine Files/Drive/Content/VehicleAdvBP/Blueprints/VehicleBlueprint.uasset'
[2020.10.11-23.51.27:831][257]AssetCheck: New page: Asset Save: VehicleBlueprint
[2020.10.11-23.51.27:831][257]LogContentValidation: Display: Validating Blueprint /Game/VehicleAdvBP/Blueprints/VehicleBlueprint.VehicleBlueprint
[2020.10.11-23.52.25:753][248]LogSavePackage: Moving '../../../../../../Unreal Engine Files/Drive/Saved/R_PlayerController0B58E4CB4D94D6FE5E62F5987C33591E.tmp' to '../../../../../../Unreal Engine Files/Drive/Content/Blueprints/Race_blueprints/R_PlayerController.uasset'
[2020.10.11-23.52.25:823][248]AssetCheck: New page: Asset Save: R_PlayerController
[2020.10.11-23.52.25:823][248]LogContentValidation: Display: Validating Blueprint /Game/Blueprints/Race_blueprints/R_PlayerController.R_PlayerController
[2020.10.11-23.54.39:534][790]BlueprintLog: New page: Compile VehicleBlueprint
[2020.10.11-23.54.40:592][790]LogUObjectHash: Compacting FUObjectHashTables data took   8.90ms
[2020.10.11-23.54.40:799][790]LogScript: Warning: Accessed None trying to read property MainControllerReference
	VehicleBlueprint_C /Engine/Transient.World_0:PersistentLevel.VehicleBlueprint_C_0
	Function /Game/VehicleAdvBP/Blueprints/VehicleBlueprint.VehicleBlueprint_C:ExecuteUbergraph_VehicleBlueprint:0DF5
[2020.10.11-23.54.40:799][790]LogScript: Warning: Accessed None trying to read property C_ControllerReference
	VehicleBlueprint_C /Engine/Transient.World_0:PersistentLevel.VehicleBlueprint_C_0
	Function /Game/VehicleAdvBP/Blueprints/VehicleBlueprint.VehicleBlueprint_C:ExecuteUbergraph_VehicleBlueprint:0E1B
[2020.10.11-23.54.40:799][790]LogScript: Warning: Accessed None trying to read property R_ControllerReference
	VehicleBlueprint_C /Engine/Transient.World_0:PersistentLevel.VehicleBlueprint_C_0
	Function /Game/VehicleAdvBP/Blueprints/VehicleBlueprint.VehicleBlueprint_C:ExecuteUbergraph_VehicleBlueprint:0E41
[2020.10.11-23.54.40:799][790]LogScript: Warning: Accessed None trying to read property Ch_ControllerReference
	VehicleBlueprint_C /Engine/Transient.World_0:PersistentLevel.VehicleBlueprint_C_0
	Function /Game/VehicleAdvBP/Blueprints/VehicleBlueprint.VehicleBlueprint_C:ExecuteUbergraph_VehicleBlueprint:0053
[2020.10.11-23.54.43:332][828]LogUObjectHash: Compacting FUObjectHashTables data took   3.65ms
[2020.10.11-23.54.43:666][828]Cmd: OBJ SAVEPACKAGE PACKAGE="/Game/VehicleAdvBP/Blueprints/VehicleBlueprint" FILE="../../../../../../Unreal Engine Files/Drive/Content/VehicleAdvBP/Blueprints/VehicleBlueprint.uasset" SILENT=true
[2020.10.11-23.54.43:842][828]LogSavePackage: Moving '../../../../../../Unreal Engine Files/Drive/Saved/VehicleBlueprint21AD0AA847AF0719D96D76A48C69FFA5.tmp' to '../../../../../../Unreal Engine Files/Drive/Content/VehicleAdvBP/Blueprints/VehicleBlueprint.uasset'
[2020.10.11-23.54.43:904][828]AssetCheck: New page: Asset Save: VehicleBlueprint
[2020.10.11-23.54.43:905][828]LogContentValidation: Display: Validating Blueprint /Game/VehicleAdvBP/Blueprints/VehicleBlueprint.VehicleBlueprint
[2020.10.11-23.54.47:395][893]LogTemp: Repeating last play command: New Editor Window (PIE)
[2020.10.11-23.54.47:573][893]LogPlayLevel: PlayLevel: No blueprints needed recompiling
[2020.10.11-23.54.47:608][893]PIE: New page: PIE session: StartScreen (Oct 13, 2020, 1:54:47 AM)
[2020.10.11-23.54.47:625][893]LogPlayLevel: Creating play world package: /Game/VehicleAdvBP/Maps/UEDPIE_0_StartScreen
[2020.10.11-23.54.48:071][893]LogPlayLevel: PIE: StaticDuplicateObject took: (0.446000s)
[2020.10.11-23.54.48:175][893]LogAIModule: Creating AISystem for world StartScreen
[2020.10.11-23.54.48:186][893]LogAISub: UAISubsystem::UAISubsystem EnvQueryManager (000002BB8CDB1E00), frame # 16893
[2020.10.11-23.54.48:186][893]LogAISub: UAISubsystem::UAISubsystem AIPerceptionSystem (000002BBCB337D80), frame # 16893
[2020.10.11-23.54.48:223][893]LogPlayLevel: PIE: World Init took: (0.152309s)
[2020.10.11-23.54.48:224][893]LogPlayLevel: PIE: Created PIE world by copying editor world from /Game/VehicleAdvBP/Maps/StartScreen.StartScreen to /Game/VehicleAdvBP/Maps/UEDPIE_0_StartScreen.StartScreen (0.599190s)
[2020.10.11-23.54.48:280][893]LogUObjectHash: Compacting FUObjectHashTables data took   2.22ms
[2020.10.11-23.54.48:292][893]LogAudioMixer: Display: Audio Mixer Platform Settings:
[2020.10.11-23.54.48:292][893]LogAudioMixer: Display: 	Sample Rate:						  48000
[2020.10.11-23.54.48:292][893]LogAudioMixer: Display: 	Callback Buffer Frame Size Requested: 1024
[2020.10.11-23.54.48:292][893]LogAudioMixer: Display: 	Callback Buffer Frame Size To Use:	  1024
[2020.10.11-23.54.48:292][893]LogAudioMixer: Display: 	Number of buffers to queue:			  2
[2020.10.11-23.54.48:292][893]LogAudioMixer: Display: 	Max Channels (voices):				  32
[2020.10.11-23.54.48:292][893]LogAudioMixer: Display: 	Number of Async Source Workers:		  0
[2020.10.11-23.54.48:295][893]LogAudio: Display: AudioDevice MaxSources: 32
[2020.10.11-23.54.48:317][893]LogAudio: Display: Using built-in audio occlusion.
[2020.10.11-23.54.48:317][893]LogAudioMixer: Display: Initializing audio mixer.
[2020.10.11-23.54.48:355][893]LogAudioMixer: Display: 0: FrontLeft
[2020.10.11-23.54.48:356][893]LogAudioMixer: Display: 1: FrontRight
[2020.10.11-23.54.48:476][893]LogAudioMixer: Display: Using Audio Device Speaker/Headphone (Realtek High Definition Audio)
[2020.10.11-23.54.48:489][893]LogAudioMixer: Display: Initializing Sound Submixes...
[2020.10.11-23.54.48:489][893]LogAudioMixer: Display: Creating Master Submix 'MasterSubmixDefault'
[2020.10.11-23.54.48:489][893]LogAudioMixer: Display: Creating Master Submix 'MasterReverbSubmixDefault'
[2020.10.11-23.54.48:498][893]LogAudioMixer: Display: Creating Master Submix 'MasterEQSubmixDefault'
[2020.10.11-23.54.48:524][893]LogInit: FAudioDevice initialized.
[2020.10.11-23.54.48:641][893]LogSlate: Updating window title bar state: overlay mode, drag disabled, window buttons hidden, title bar hidden
[2020.10.11-23.54.48:689][893]LogLoad: Game class is 'TimeTrialGameMode_C'
[2020.10.11-23.54.48:766][893]LogPhysics: Warning: Scale for /Game/VehicleAdvBP/Maps/UEDPIE_0_StartScreen.StartScreen:PersistentLevel.Starter_2.Cube has a component set to zero, which will result in a bad body instance. Scale:X=0.000 Y=0.000 Z=0.000
[2020.10.11-23.54.48:767][893]LogPhysics: Warning: Initialising Body : Scale3D is (nearly) zero: Component: '/Game/VehicleAdvBP/Maps/UEDPIE_0_StartScreen.StartScreen:PersistentLevel.Starter_2.Cube' 
[2020.10.11-23.54.48:840][893]LogWorld: Bringing World /Game/VehicleAdvBP/Maps/UEDPIE_0_StartScreen.StartScreen up for play (max tick rate 0) at 2020.10.12-12.54.48
[2020.10.11-23.54.48:841][893]LogWorld: Bringing up level for play took: 0.075648
[2020.10.11-23.54.48:914][893]LogOnline: OSS: Creating online subsystem instance for: :Context_8
[2020.10.11-23.54.49:081][893]PIE: Server logged in
[2020.10.11-23.54.49:083][893]PIE: Play in editor total start time 1.551 seconds.
[2020.10.11-23.54.58:167][133]LogNet: Browse: /Game/VehicleAdvBP/Maps/CityCircuitCheckpointMap
[2020.10.11-23.54.58:167][133]LogLoad: LoadMap: /Game/VehicleAdvBP/Maps/CityCircuitCheckpointMap
[2020.10.11-23.54.58:167][133]LogWorld: BeginTearingDown for /Game/VehicleAdvBP/Maps/UEDPIE_0_StartScreen
[2020.10.11-23.54.58:207][133]LogWorld: UWorld::CleanupWorld for StartScreen, bSessionEnded=true, bCleanupResources=true
[2020.10.11-23.54.58:237][133]LogSlate: InvalidateAllWidgets triggered.  All widgets were invalidated
[2020.10.11-23.54.58:583][133]LogAISub: UAISubsystem::~UAISubsystem EnvQueryManager (000002BB8CDB1E00), frame # 17133
[2020.10.11-23.54.58:583][133]LogAISub: UAISubsystem::~UAISubsystem AIPerceptionSystem (000002BBCB337D80), frame # 17133
[2020.10.11-23.54.58:601][133]LogUObjectHash: Compacting FUObjectHashTables data took   6.81ms
[2020.10.11-23.54.59:952][133]LogAIModule: Creating AISystem for world CityCircuitCheckpointMap
[2020.10.11-23.54.59:952][133]LogAISub: UAISubsystem::UAISubsystem EnvQueryManager (000002BBC3283C00), frame # 17133
[2020.10.11-23.54.59:952][133]LogAISub: UAISubsystem::UAISubsystem AIPerceptionSystem (000002BBC3F08400), frame # 17133
[2020.10.11-23.54.59:952][133]LogLoad: Game class is 'CheckpointGameMode_C'
[2020.10.11-23.55.00:437][133]LogWorld: Bringing World /Game/VehicleAdvBP/Maps/UEDPIE_0_CityCircuitCheckpointMap.CityCircuitCheckpointMap up for play (max tick rate 0) at 2020.10.12-12.55.00
[2020.10.11-23.55.00:437][133]LogWorld: Bringing up level for play took: 0.479956
[2020.10.11-23.55.00:443][133]LogLoad: Took 2.276995 seconds to LoadMap(/Game/VehicleAdvBP/Maps/CityCircuitCheckpointMap)
[2020.10.11-23.55.15:171][556]LogScript: Warning: Accessed None trying to read property MainControllerReference
	VehicleBlueprint_C /Game/VehicleAdvBP/Maps/UEDPIE_0_CityCircuitCheckpointMap.CityCircuitCheckpointMap:PersistentLevel.VehicleBlueprint_C_0
	Function /Game/VehicleAdvBP/Blueprints/VehicleBlueprint.VehicleBlueprint_C:ExecuteUbergraph_VehicleBlueprint:0DF5
[2020.10.11-23.55.15:196][556]PIE: Error: Blueprint Runtime Error: "Accessed None trying to read property MainControllerReference". Blueprint:  VehicleBlueprint Function:  Execute Ubergraph Vehicle Blueprint Graph:  EventGraph Node:  Respawn Vehicle
[2020.10.11-23.55.15:238][556]LogScript: Warning: Accessed None trying to read property R_ControllerReference
	VehicleBlueprint_C /Game/VehicleAdvBP/Maps/UEDPIE_0_CityCircuitCheckpointMap.CityCircuitCheckpointMap:PersistentLevel.VehicleBlueprint_C_0
	Function /Game/VehicleAdvBP/Blueprints/VehicleBlueprint.VehicleBlueprint_C:ExecuteUbergraph_VehicleBlueprint:0E41
[2020.10.11-23.55.15:238][556]PIE: Error: Blueprint Runtime Error: "Accessed None trying to read property R_ControllerReference". Blueprint:  VehicleBlueprint Function:  Execute Ubergraph Vehicle Blueprint Graph:  EventGraph Node:  Respawn Vehicle
[2020.10.11-23.55.15:238][556]LogScript: Warning: Accessed None trying to read property Ch_ControllerReference
	VehicleBlueprint_C /Game/VehicleAdvBP/Maps/UEDPIE_0_CityCircuitCheckpointMap.CityCircuitCheckpointMap:PersistentLevel.VehicleBlueprint_C_0
	Function /Game/VehicleAdvBP/Blueprints/VehicleBlueprint.VehicleBlueprint_C:ExecuteUbergraph_VehicleBlueprint:0053
[2020.10.11-23.55.15:238][556]PIE: Error: Blueprint Runtime Error: "Accessed None trying to read property Ch_ControllerReference". Blueprint:  VehicleBlueprint Function:  Execute Ubergraph Vehicle Blueprint Graph:  EventGraph Node:  Respawn Vehicle
[2020.10.11-23.55.20:949][717]LogSlate: Updating window title bar state: overlay mode, drag disabled, window buttons hidden, title bar hidden
[2020.10.11-23.55.20:949][717]LogWorld: BeginTearingDown for /Game/VehicleAdvBP/Maps/UEDPIE_0_CityCircuitCheckpointMap
[2020.10.11-23.55.20:949][717]LogSlate: Window 'Drive Preview [NetMode: Standalone] (64-bit/Windows) ' being destroyed
[2020.10.11-23.55.20:964][717]LogWorld: UWorld::CleanupWorld for CityCircuitCheckpointMap, bSessionEnded=true, bCleanupResources=true
[2020.10.11-23.55.20:995][717]LogSlate: InvalidateAllWidgets triggered.  All widgets were invalidated
[2020.10.11-23.55.21:077][717]LogPlayLevel: Display: Shutting down PIE online subsystems
[2020.10.11-23.55.21:213][717]LogSlate: InvalidateAllWidgets triggered.  All widgets were invalidated
[2020.10.11-23.55.21:879][717]LogAISub: UAISubsystem::~UAISubsystem EnvQueryManager (000002BBC3283C00), frame # 17717
[2020.10.11-23.55.21:880][717]LogAISub: UAISubsystem::~UAISubsystem AIPerceptionSystem (000002BBC3F08400), frame # 17717
[2020.10.11-23.55.21:883][717]LogUObjectHash: Compacting FUObjectHashTables data took   2.09ms
[2020.10.11-23.55.22:122][718]LogPlayLevel: Display: Destroying online subsystem :Context_8
[2020.10.11-23.55.24:517][763]LogSlate: Window 'Message Log' being destroyed
[2020.10.11-23.55.24:587][763]LogSlate: Window 'Message Log' being destroyed
[2020.10.11-23.55.26:884][823]Cmd: TRANSACTION UNDO
[2020.10.11-23.55.26:884][823]LogEditorTransaction: Undo Create Pin Link
[2020.10.11-23.55.27:254][825]Cmd: TRANSACTION UNDO
[2020.10.11-23.55.27:254][825]LogEditorTransaction: Undo Move Node
[2020.10.11-23.55.27:651][829]Cmd: TRANSACTION UNDO
[2020.10.11-23.55.27:651][829]LogEditorTransaction: Undo Add Node
[2020.10.11-23.55.28:085][833]Cmd: TRANSACTION UNDO
[2020.10.11-23.55.28:086][833]LogEditorTransaction: Undo Create Pin Link
[2020.10.11-23.55.28:379][834]Cmd: TRANSACTION UNDO
[2020.10.11-23.55.28:379][834]LogEditorTransaction: Undo Move Node
[2020.10.11-23.55.28:660][837]Cmd: TRANSACTION UNDO
[2020.10.11-23.55.28:660][837]LogEditorTransaction: Undo Create Pin Link
[2020.10.11-23.55.29:052][842]Cmd: TRANSACTION UNDO
[2020.10.11-23.55.29:052][842]LogEditorTransaction: Undo Create Pin Link
[2020.10.11-23.55.29:332][845]Cmd: TRANSACTION UNDO
[2020.10.11-23.55.29:333][845]LogEditorTransaction: Undo Move Node
[2020.10.11-23.55.29:598][847]Cmd: TRANSACTION UNDO
[2020.10.11-23.55.29:598][847]LogEditorTransaction: Undo Add Node
[2020.10.11-23.55.29:855][849]Cmd: TRANSACTION UNDO
[2020.10.11-23.55.29:856][849]LogEditorTransaction: Undo Move Node
[2020.10.11-23.55.30:148][850]Cmd: TRANSACTION UNDO
[2020.10.11-23.55.30:148][850]LogEditorTransaction: Undo Create Pin Link
[2020.10.11-23.55.30:455][853]Cmd: TRANSACTION UNDO
[2020.10.11-23.55.30:455][853]LogEditorTransaction: Undo Add Node
[2020.10.11-23.55.30:669][854]Cmd: TRANSACTION UNDO
[2020.10.11-23.55.30:669][854]LogEditorTransaction: Undo Create Pin Link
[2020.10.11-23.55.30:955][858]Cmd: TRANSACTION UNDO
[2020.10.11-23.55.30:956][858]LogEditorTransaction: Undo Move Node
[2020.10.11-23.55.31:230][860]Cmd: TRANSACTION UNDO
[2020.10.11-23.55.31:231][860]LogEditorTransaction: Undo Create Pin Link
[2020.10.11-23.55.31:578][866]Cmd: TRANSACTION UNDO
[2020.10.11-23.55.31:578][866]LogEditorTransaction: Undo Move Node
[2020.10.11-23.55.31:979][874]Cmd: TRANSACTION UNDO
[2020.10.11-23.55.31:979][874]LogEditorTransaction: Undo Create Pin Link
[2020.10.11-23.55.32:442][883]Cmd: TRANSACTION UNDO
[2020.10.11-23.55.32:442][883]LogEditorTransaction: Undo Move Node
[2020.10.11-23.55.32:987][895]Cmd: TRANSACTION UNDO
[2020.10.11-23.55.32:987][895]LogEditorTransaction: Undo Move Node
[2020.10.11-23.55.33:559][908]Cmd: TRANSACTION UNDO
[2020.10.11-23.55.33:559][908]LogEditorTransaction: Undo Add Node
[2020.10.11-23.55.34:145][920]Cmd: TRANSACTION UNDO
[2020.10.11-23.55.34:145][920]LogEditorTransaction: Undo Delete current selection
[2020.10.11-23.55.36:740][986]BlueprintLog: New page: Compile VehicleBlueprint
[2020.10.11-23.55.36:927][986]LogUObjectHash: Compacting FUObjectHashTables data took   3.47ms
[2020.10.11-23.55.40:320][ 93]LogUObjectHash: Compacting FUObjectHashTables data took   3.65ms
[2020.10.11-23.55.40:413][ 93]Cmd: OBJ SAVEPACKAGE PACKAGE="/Game/VehicleAdvBP/Blueprints/VehicleBlueprint" FILE="../../../../../../Unreal Engine Files/Drive/Content/VehicleAdvBP/Blueprints/VehicleBlueprint.uasset" SILENT=true
[2020.10.11-23.55.40:582][ 93]LogSavePackage: Moving '../../../../../../Unreal Engine Files/Drive/Saved/VehicleBlueprint567B24E3418BAD1AD099328C8F02E3C0.tmp' to '../../../../../../Unreal Engine Files/Drive/Content/VehicleAdvBP/Blueprints/VehicleBlueprint.uasset'
[2020.10.11-23.55.40:636][ 93]AssetCheck: New page: Asset Save: VehicleBlueprint
[2020.10.11-23.55.40:636][ 93]LogContentValidation: Display: Validating Blueprint /Game/VehicleAdvBP/Blueprints/VehicleBlueprint.VehicleBlueprint
[2020.10.12-00.01.46:469][661]LogUObjectHash: Compacting FUObjectHashTables data took   0.84ms
[2020.10.12-00.01.46:894][661]LogWorld: UWorld::CleanupWorld for World_4, bSessionEnded=true, bCleanupResources=true
[2020.10.12-00.01.46:918][661]LogSlate: InvalidateAllWidgets triggered.  All widgets were invalidated
[2020.10.12-00.01.47:431][661]LogActorComponent: UnregisterComponent: (/Engine/Transient.EditorFloorComp) Not registered. Aborting.
[2020.10.12-00.01.47:432][661]LogWorld: UWorld::CleanupWorld for World_5, bSessionEnded=true, bCleanupResources=true
[2020.10.12-00.01.47:432][661]LogSlate: InvalidateAllWidgets triggered.  All widgets were invalidated
[2020.10.12-00.01.48:436][661]LogSlate: Window 'Drive - Unreal Editor' being destroyed
[2020.10.12-00.01.48:474][661]LogWindowsTextInputMethodSystem: Display: IME system now deactivated.
[2020.10.12-00.01.55:691][662]Cmd: QUIT_EDITOR
[2020.10.12-00.01.55:774][662]LogCore: Engine exit requested (reason: UUnrealEdEngine::CloseEditor())
[2020.10.12-00.01.57:003][662]LogCore: Engine exit requested (reason: EngineExit() was called; note: exit was already requested)
[2020.10.12-00.02.02:642][662]LogExit: Preparing to exit.
