Log file open, 08/25/20 20:33:26
LogInit: Display: Running engine for game: Drive
LogPlatformFile: Not using cached read wrapper
LogTaskGraph: Started task graph with 5 named threads and 20 total threads with 3 sets of task threads.
LogStats: Stats thread started at 0.238648
LogD3D11RHI: Loaded GFSDK_Aftermath_Lib.x64.dll
LogICUInternationalization: ICU TimeZone Detection - Raw Offset: +12:00, Platform Override: ''
LogPluginManager: Mounting plugin Paper2D
LogPluginManager: Mounting plugin AISupport
LogPluginManager: Mounting plugin LightPropagationVolume
LogPluginManager: Mounting plugin CameraShakePreviewer
LogPluginManager: Mounting plugin ActorLayerUtilities
LogPluginManager: Mounting plugin AnimationSharing
LogPluginManager: Mounting plugin CLionSourceCodeAccess
LogPluginManager: Mounting plugin CodeLiteSourceCodeAccess
LogPluginManager: Mounting plugin GitSourceControl
LogPluginManager: Mounting plugin KDevelopSourceCodeAccess
LogPluginManager: Mounting plugin NullSourceCodeAccess
LogPluginManager: Mounting plugin PerforceSourceControl
LogPluginManager: Mounting plugin PlasticSourceControl
LogPluginManager: Mounting plugin RiderSourceCodeAccess
LogPluginManager: Mounting plugin SubversionSourceControl
LogPluginManager: Mounting plugin UObjectPlugin
LogPluginManager: Mounting plugin VisualStudioCodeSourceCodeAccess
LogPluginManager: Mounting plugin VisualStudioSourceCodeAccess
LogPluginManager: Mounting plugin XCodeSourceCodeAccess
LogPluginManager: Mounting plugin AssetManagerEditor
LogPluginManager: Mounting plugin CryptoKeys
LogPluginManager: Mounting plugin CurveEditorTools
LogPluginManager: Mounting plugin DataValidation
LogPluginManager: Mounting plugin EditorScriptingUtilities
LogPluginManager: Mounting plugin FacialAnimation
LogPluginManager: Mounting plugin GameplayTagsEditor
LogPluginManager: Mounting plugin GeometryMode
LogPluginManager: Mounting plugin MacGraphicsSwitching
LogPluginManager: Mounting plugin MaterialAnalyzer
LogPluginManager: Mounting plugin MobileLauncherProfileWizard
LogPluginManager: Mounting plugin PluginBrowser
LogPluginManager: Mounting plugin SpeedTreeImporter
LogPluginManager: Mounting plugin DatasmithContent
LogPluginManager: Mounting plugin VariantManagerContent
LogPluginManager: Mounting plugin AlembicImporter
LogPluginManager: Mounting plugin AutomationUtils
LogPluginManager: Mounting plugin BackChannel
LogPluginManager: Mounting plugin ChaosCloth
LogPluginManager: Mounting plugin ChaosClothEditor
LogPluginManager: Mounting plugin ChaosEditor
LogPluginManager: Mounting plugin ChaosNiagara
LogPluginManager: Mounting plugin ChaosSolverPlugin
LogPluginManager: Mounting plugin CharacterAI
LogPluginManager: Mounting plugin GeometryCache
LogPluginManager: Mounting plugin GeometryCollectionPlugin
LogPluginManager: Mounting plugin GeometryProcessing
LogPluginManager: Mounting plugin PlanarCut
LogPluginManager: Mounting plugin PlatformCrypto
LogPluginManager: Mounting plugin ProxyLODPlugin
LogPluginManager: Mounting plugin RawInput
LogPluginManager: Mounting plugin SkeletalReduction
LogPluginManager: Mounting plugin Niagara
LogPluginManager: Mounting plugin MagicLeap
LogPluginManager: Mounting plugin MagicLeapLightEstimation
LogPluginManager: Mounting plugin MagicLeapMedia
LogPluginManager: Mounting plugin MagicLeapPassableWorld
LogPluginManager: Mounting plugin MLSDK
LogPluginManager: Mounting plugin AndroidMedia
LogPluginManager: Mounting plugin AvfMedia
LogPluginManager: Mounting plugin ImgMedia
LogPluginManager: Mounting plugin MediaCompositing
LogPluginManager: Mounting plugin MediaPlayerEditor
LogPluginManager: Mounting plugin WebMMedia
LogPluginManager: Mounting plugin WmfMedia
LogPluginManager: Mounting plugin MeshPainting
LogPluginManager: Mounting plugin TcpMessaging
LogPluginManager: Mounting plugin UdpMessaging
LogPluginManager: Mounting plugin ActorSequence
LogPluginManager: Mounting plugin LevelSequenceEditor
LogPluginManager: Mounting plugin MatineeToLevelSequence
LogPluginManager: Mounting plugin MovieRenderPipeline
LogPluginManager: Mounting plugin TemplateSequence
LogPluginManager: Mounting plugin NetcodeUnitTest
LogPluginManager: Mounting plugin NUTUnrealEngine4
LogPluginManager: Mounting plugin OnlineSubsystemGooglePlay
LogPluginManager: Mounting plugin OnlineSubsystemIOS
LogPluginManager: Mounting plugin OnlineSubsystem
LogPluginManager: Mounting plugin OnlineSubsystemNull
LogPluginManager: Mounting plugin OnlineSubsystemUtils
LogPluginManager: Mounting plugin LauncherChunkInstaller
LogPluginManager: Mounting plugin AndroidDeviceProfileSelector
LogPluginManager: Mounting plugin AndroidMoviePlayer
LogPluginManager: Mounting plugin AndroidPermission
LogPluginManager: Mounting plugin AppleImageUtils
LogPluginManager: Mounting plugin AppleMoviePlayer
LogPluginManager: Mounting plugin ArchVisCharacter
LogPluginManager: Mounting plugin AssetTags
LogPluginManager: Mounting plugin AudioCapture
LogPluginManager: Mounting plugin CableComponent
LogPluginManager: Mounting plugin CustomMeshComponent
LogPluginManager: Mounting plugin EditableMesh
LogPluginManager: Mounting plugin ExampleDeviceProfileSelector
LogPluginManager: Mounting plugin GoogleCloudMessaging
LogPluginManager: Mounting plugin GooglePAD
LogPluginManager: Mounting plugin IOSDeviceProfileSelector
LogPluginManager: Mounting plugin LinuxDeviceProfileSelector
LogPluginManager: Mounting plugin LocationServicesBPLibrary
LogPluginManager: Mounting plugin MobilePatchingUtils
LogPluginManager: Mounting plugin OculusVR
LogPluginManager: Mounting plugin PhysXVehicles
LogPluginManager: Mounting plugin PostSplashScreen
LogPluginManager: Mounting plugin ProceduralMeshComponent
LogPluginManager: Mounting plugin RuntimePhysXCooking
LogPluginManager: Mounting plugin SignificanceManager
LogPluginManager: Mounting plugin SoundFields
LogPluginManager: Mounting plugin SteamVR
LogPluginManager: Mounting plugin Synthesis
LogPluginManager: Mounting plugin WebMMoviePlayer
LogPluginManager: Mounting plugin WindowsMoviePlayer
LogPluginManager: Mounting plugin ScreenshotTools
LogInit: Using libcurl 7.55.1-DEV
LogInit:  - built for x86_64-pc-win32
LogInit:  - supports SSL with OpenSSL/1.1.1
LogInit:  - supports HTTP deflate (compression) using libz 1.2.8
LogInit:  - other features:
LogInit:      CURL_VERSION_SSL
LogInit:      CURL_VERSION_LIBZ
LogInit:      CURL_VERSION_IPV6
LogInit:      CURL_VERSION_ASYNCHDNS
LogInit:      CURL_VERSION_LARGEFILE
LogInit:      CURL_VERSION_IDN
LogInit:  CurlRequestOptions (configurable via config and command line):
LogInit:  - bVerifyPeer = true  - Libcurl will verify peer certificate
LogInit:  - bUseHttpProxy = false  - Libcurl will NOT use HTTP proxy
LogInit:  - bDontReuseConnections = false  - Libcurl will reuse connections
LogInit:  - MaxHostConnections = 16  - Libcurl will limit the number of connections to a host
LogInit:  - LocalHostAddr = Default
LogInit:  - BufferSize = 65536
LogOnline: OSS: Creating online subsystem instance for: NULL
LogInit: WinSock: version 1.1 (2.2), MaxSocks=32767, MaxUdp=65467
LogOnline: OSS: TryLoadSubsystemAndSetDefault: Loaded subsystem for module [NULL]
LogInit: Build: ++UE4+Release-4.25-CL-13942748
LogInit: Engine Version: 4.25.3-13942748+++UE4+Release-4.25
LogInit: Compatible Engine Version: 4.25.0-13144385+++UE4+Release-4.25
LogInit: Net CL: 13144385
LogInit: OS: Windows 10 (Release 2004) (), CPU: Intel(R) Core(TM) i5-8400 CPU @ 2.80GHz, GPU: NVIDIA GeForce GTX 1070 Ti
LogInit: Compiled (64-bit): Jul 25 2020 02:07:48
LogInit: Compiled with Visual C++: 19.24.28315.00
LogInit: Build Configuration: Development
LogInit: Branch Name: ++UE4+Release-4.25
LogInit: Command Line: 
LogInit: Base Directory: E:/Programs/UnrealEngine/UE_4.25/Engine/Binaries/Win64/
LogInit: Allocator: TBB
LogInit: Installed Engine Build: 1
LogDevObjectVersion: Number of dev versions registered: 26
LogDevObjectVersion:   Dev-Blueprints (B0D832E4-1F89-4F0D-ACCF-7EB736FD4AA2): 10
LogDevObjectVersion:   Dev-Build (E1C64328-A22C-4D53-A36C-8E866417BD8C): 0
LogDevObjectVersion:   Dev-Core (375EC13C-06E4-48FB-B500-84F0262A717E): 4
LogDevObjectVersion:   Dev-Editor (E4B068ED-F494-42E9-A231-DA0B2E46BB41): 38
LogDevObjectVersion:   Dev-Framework (CFFC743F-43B0-4480-9391-14DF171D2073): 37
LogDevObjectVersion:   Dev-Mobile (B02B49B5-BB20-44E9-A304-32B752E40360): 2
LogDevObjectVersion:   Dev-Networking (A4E4105C-59A1-49B5-A7C5-40C4547EDFEE): 0
LogDevObjectVersion:   Dev-Online (39C831C9-5AE6-47DC-9A44-9C173E1C8E7C): 0
LogDevObjectVersion:   Dev-Physics (78F01B33-EBEA-4F98-B9B4-84EACCB95AA2): 4
LogDevObjectVersion:   Dev-Platform (6631380F-2D4D-43E0-8009-CF276956A95A): 0
LogDevObjectVersion:   Dev-Rendering (12F88B9F-8875-4AFC-A67C-D90C383ABD29): 43
LogDevObjectVersion:   Dev-Sequencer (7B5AE74C-D270-4C10-A958-57980B212A5A): 12
LogDevObjectVersion:   Dev-VR (D7296918-1DD6-4BDD-9DE2-64A83CC13884): 3
LogDevObjectVersion:   Dev-LoadTimes (C2A15278-BFE7-4AFE-6C17-90FF531DF755): 1
LogDevObjectVersion:   Private-Geometry (6EACA3D4-40EC-4CC1-B786-8BED09428FC5): 3
LogDevObjectVersion:   Dev-AnimPhys (29E575DD-E0A3-4627-9D10-D276232CDCEA): 17
LogDevObjectVersion:   Dev-Anim (AF43A65D-7FD3-4947-9873-3E8ED9C1BB05): 7
LogDevObjectVersion:   Dev-ReflectionCapture (6B266CEC-1EC7-4B8F-A30B-E4D90942FC07): 1
LogDevObjectVersion:   Dev-Automation (0DF73D61-A23F-47EA-B727-89E90C41499A): 1
LogDevObjectVersion:   FortniteMain (601D1886-AC64-4F84-AA16-D3DE0DEAC7D6): 31
LogDevObjectVersion:   Dev-Enterprise (9DFFBCD6-494F-0158-E221-12823C92A888): 10
LogDevObjectVersion:   Dev-Niagara (F2AED0AC-9AFE-416F-8664-AA7FFA26D6FC): 1
LogDevObjectVersion:   Dev-Destruction (174F1F0B-B4C6-45A5-B13F-2EE8D0FB917D): 10
LogDevObjectVersion:   Dev-Physics-Ext (35F94A83-E258-406C-A318-09F59610247C): 37
LogDevObjectVersion:   Dev-PhysicsMaterial-Chaos (B68FC16E-8B1B-42E2-B453-215C058844FE): 1
LogDevObjectVersion:   Dev-CineCamera (B2E18506-4273-CFC2-A54E-F4BB758BBA07): 1
LogInit: Presizing for max 25165824 objects, including 0 objects not considered by GC, pre-allocating 0 bytes for permanent pool.
LogConfig: Applying CVar settings from Section [/Script/Engine.StreamingSettings] File [E:/Documents/Git/drive/Drive/Saved/Config/Windows/Engine.ini]
LogConfig: Setting CVar [[s.MinBulkDataSizeForAsyncLoading:131072]]
LogConfig: Setting CVar [[s.AsyncLoadingThreadEnabled:0]]
LogConfig: Setting CVar [[s.EventDrivenLoaderEnabled:1]]
LogConfig: Setting CVar [[s.WarnIfTimeLimitExceeded:0]]
LogConfig: Setting CVar [[s.TimeLimitExceededMultiplier:1.5]]
LogConfig: Setting CVar [[s.TimeLimitExceededMinTime:0.005]]
LogConfig: Setting CVar [[s.UseBackgroundLevelStreaming:1]]
LogConfig: Setting CVar [[s.PriorityAsyncLoadingExtraTime:15.0]]
LogConfig: Setting CVar [[s.LevelStreamingActorsUpdateTimeLimit:5.0]]
LogConfig: Setting CVar [[s.PriorityLevelStreamingActorsUpdateExtraTime:5.0]]
LogConfig: Setting CVar [[s.LevelStreamingComponentsRegistrationGranularity:10]]
LogConfig: Setting CVar [[s.UnregisterComponentsTimeLimit:1.0]]
LogConfig: Setting CVar [[s.LevelStreamingComponentsUnregistrationGranularity:5]]
LogConfig: Setting CVar [[s.FlushStreamingOnExit:1]]
LogInit: Object subsystem initialized
LogConfig: Setting CVar [[con.DebugEarlyDefault:1]]
LogConfig: Setting CVar [[r.setres:1280x720]]
[2020.08.25-08.33.26:534][  0]LogConfig: Setting CVar [[r.VSync:0]]
[2020.08.25-08.33.26:534][  0]LogConfig: Setting CVar [[r.RHICmdBypass:0]]
[2020.08.25-08.33.26:534][  0]LogConfig: Applying CVar settings from Section [/Script/Engine.RendererSettings] File [E:/Documents/Git/drive/Drive/Saved/Config/Windows/Engine.ini]
[2020.08.25-08.33.26:534][  0]LogConfig: Setting CVar [[r.GPUCrashDebugging:0]]
[2020.08.25-08.33.26:534][  0]LogConfig: Applying CVar settings from Section [/Script/Engine.RendererOverrideSettings] File [E:/Documents/Git/drive/Drive/Saved/Config/Windows/Engine.ini]
[2020.08.25-08.33.26:534][  0]LogConfig: Applying CVar settings from Section [/Script/Engine.StreamingSettings] File [E:/Documents/Git/drive/Drive/Saved/Config/Windows/Engine.ini]
[2020.08.25-08.33.26:534][  0]LogConfig: Setting CVar [[s.MinBulkDataSizeForAsyncLoading:131072]]
[2020.08.25-08.33.26:534][  0]LogConfig: Setting CVar [[s.AsyncLoadingThreadEnabled:0]]
[2020.08.25-08.33.26:534][  0]LogConfig: Setting CVar [[s.EventDrivenLoaderEnabled:1]]
[2020.08.25-08.33.26:534][  0]LogConfig: Setting CVar [[s.WarnIfTimeLimitExceeded:0]]
[2020.08.25-08.33.26:534][  0]LogConfig: Setting CVar [[s.TimeLimitExceededMultiplier:1.5]]
[2020.08.25-08.33.26:534][  0]LogConfig: Setting CVar [[s.TimeLimitExceededMinTime:0.005]]
[2020.08.25-08.33.26:534][  0]LogConfig: Setting CVar [[s.UseBackgroundLevelStreaming:1]]
[2020.08.25-08.33.26:534][  0]LogConfig: Setting CVar [[s.PriorityAsyncLoadingExtraTime:15.0]]
[2020.08.25-08.33.26:535][  0]LogConfig: Setting CVar [[s.LevelStreamingActorsUpdateTimeLimit:5.0]]
[2020.08.25-08.33.26:535][  0]LogConfig: Setting CVar [[s.PriorityLevelStreamingActorsUpdateExtraTime:5.0]]
[2020.08.25-08.33.26:535][  0]LogConfig: Setting CVar [[s.LevelStreamingComponentsRegistrationGranularity:10]]
[2020.08.25-08.33.26:535][  0]LogConfig: Setting CVar [[s.UnregisterComponentsTimeLimit:1.0]]
[2020.08.25-08.33.26:535][  0]LogConfig: Setting CVar [[s.LevelStreamingComponentsUnregistrationGranularity:5]]
[2020.08.25-08.33.26:535][  0]LogConfig: Setting CVar [[s.FlushStreamingOnExit:1]]
[2020.08.25-08.33.26:535][  0]LogConfig: Applying CVar settings from Section [/Script/Engine.GarbageCollectionSettings] File [E:/Documents/Git/drive/Drive/Saved/Config/Windows/Engine.ini]
[2020.08.25-08.33.26:535][  0]LogConfig: Setting CVar [[gc.MaxObjectsNotConsideredByGC:1]]
[2020.08.25-08.33.26:535][  0]LogConfig: Setting CVar [[gc.SizeOfPermanentObjectPool:0]]
[2020.08.25-08.33.26:535][  0]LogConfig: Setting CVar [[gc.FlushStreamingOnGC:0]]
[2020.08.25-08.33.26:535][  0]LogConfig: Setting CVar [[gc.NumRetriesBeforeForcingGC:10]]
[2020.08.25-08.33.26:535][  0]LogConfig: Setting CVar [[gc.AllowParallelGC:1]]
[2020.08.25-08.33.26:535][  0]LogConfig: Setting CVar [[gc.TimeBetweenPurgingPendingKillObjects:61.1]]
[2020.08.25-08.33.26:535][  0]LogConfig: Setting CVar [[gc.MaxObjectsInEditor:25165824]]
[2020.08.25-08.33.26:535][  0]LogConfig: Setting CVar [[gc.IncrementalBeginDestroyEnabled:1]]
[2020.08.25-08.33.26:535][  0]LogConfig: Setting CVar [[gc.CreateGCClusters:1]]
[2020.08.25-08.33.26:535][  0]LogConfig: Setting CVar [[gc.MinGCClusterSize:5]]
[2020.08.25-08.33.26:535][  0]LogConfig: Setting CVar [[gc.ActorClusteringEnabled:0]]
[2020.08.25-08.33.26:535][  0]LogConfig: Setting CVar [[gc.BlueprintClusteringEnabled:0]]
[2020.08.25-08.33.26:535][  0]LogConfig: Setting CVar [[gc.UseDisregardForGCOnDedicatedServers:0]]
[2020.08.25-08.33.26:535][  0]LogConfig: Applying CVar settings from Section [/Script/Engine.NetworkSettings] File [E:/Documents/Git/drive/Drive/Saved/Config/Windows/Engine.ini]
[2020.08.25-08.33.26:535][  0]LogConfig: Applying CVar settings from Section [/Script/UnrealEd.CookerSettings] File [E:/Documents/Git/drive/Drive/Saved/Config/Windows/Engine.ini]
[2020.08.25-08.33.26:539][  0]LogConfig: Applying CVar settings from Section [ViewDistanceQuality@3] File [E:/Documents/Git/drive/Drive/Saved/Config/Windows/Scalability.ini]
[2020.08.25-08.33.26:539][  0]LogConfig: Setting CVar [[r.SkeletalMeshLODBias:0]]
[2020.08.25-08.33.26:539][  0]LogConfig: Setting CVar [[r.ViewDistanceScale:1.0]]
[2020.08.25-08.33.26:539][  0]LogConfig: Applying CVar settings from Section [AntiAliasingQuality@3] File [E:/Documents/Git/drive/Drive/Saved/Config/Windows/Scalability.ini]
[2020.08.25-08.33.26:539][  0]LogConfig: Setting CVar [[r.PostProcessAAQuality:4]]
[2020.08.25-08.33.26:539][  0]LogConfig: Applying CVar settings from Section [ShadowQuality@3] File [E:/Documents/Git/drive/Drive/Saved/Config/Windows/Scalability.ini]
[2020.08.25-08.33.26:539][  0]LogConfig: Setting CVar [[r.LightFunctionQuality:1]]
[2020.08.25-08.33.26:539][  0]LogConfig: Setting CVar [[r.ShadowQuality:5]]
[2020.08.25-08.33.26:539][  0]LogConfig: Setting CVar [[r.Shadow.CSM.MaxCascades:10]]
[2020.08.25-08.33.26:539][  0]LogConfig: Setting CVar [[r.Shadow.MaxResolution:2048]]
[2020.08.25-08.33.26:539][  0]LogConfig: Setting CVar [[r.Shadow.MaxCSMResolution:2048]]
[2020.08.25-08.33.26:539][  0]LogConfig: Setting CVar [[r.Shadow.RadiusThreshold:0.01]]
[2020.08.25-08.33.26:539][  0]LogConfig: Setting CVar [[r.Shadow.DistanceScale:1.0]]
[2020.08.25-08.33.26:539][  0]LogConfig: Setting CVar [[r.Shadow.CSM.TransitionScale:1.0]]
[2020.08.25-08.33.26:539][  0]LogConfig: Setting CVar [[r.Shadow.PreShadowResolutionFactor:1.0]]
[2020.08.25-08.33.26:539][  0]LogConfig: Setting CVar [[r.DistanceFieldShadowing:1]]
[2020.08.25-08.33.26:539][  0]LogConfig: Setting CVar [[r.DistanceFieldAO:1]]
[2020.08.25-08.33.26:539][  0]LogConfig: Setting CVar [[r.AOQuality:2]]
[2020.08.25-08.33.26:539][  0]LogConfig: Setting CVar [[r.VolumetricFog:1]]
[2020.08.25-08.33.26:539][  0]LogConfig: Setting CVar [[r.VolumetricFog.GridPixelSize:8]]
[2020.08.25-08.33.26:539][  0]LogConfig: Setting CVar [[r.VolumetricFog.GridSizeZ:128]]
[2020.08.25-08.33.26:539][  0]LogConfig: Setting CVar [[r.VolumetricFog.HistoryMissSupersampleCount:4]]
[2020.08.25-08.33.26:539][  0]LogConfig: Setting CVar [[r.LightMaxDrawDistanceScale:1]]
[2020.08.25-08.33.26:539][  0]LogConfig: Setting CVar [[r.CapsuleShadows:1]]
[2020.08.25-08.33.26:539][  0]LogConfig: Applying CVar settings from Section [PostProcessQuality@3] File [E:/Documents/Git/drive/Drive/Saved/Config/Windows/Scalability.ini]
[2020.08.25-08.33.26:539][  0]LogConfig: Setting CVar [[r.MotionBlurQuality:4]]
[2020.08.25-08.33.26:539][  0]LogConfig: Setting CVar [[r.AmbientOcclusionMipLevelFactor:0.4]]
[2020.08.25-08.33.26:539][  0]LogConfig: Setting CVar [[r.AmbientOcclusionMaxQuality:100]]
[2020.08.25-08.33.26:539][  0]LogConfig: Setting CVar [[r.AmbientOcclusionLevels:-1]]
[2020.08.25-08.33.26:539][  0]LogConfig: Setting CVar [[r.AmbientOcclusionRadiusScale:1.0]]
[2020.08.25-08.33.26:539][  0]LogConfig: Setting CVar [[r.DepthOfFieldQuality:2]]
[2020.08.25-08.33.26:539][  0]LogConfig: Setting CVar [[r.RenderTargetPoolMin:400]]
[2020.08.25-08.33.26:539][  0]LogConfig: Setting CVar [[r.LensFlareQuality:2]]
[2020.08.25-08.33.26:539][  0]LogConfig: Setting CVar [[r.SceneColorFringeQuality:1]]
[2020.08.25-08.33.26:539][  0]LogConfig: Setting CVar [[r.EyeAdaptationQuality:2]]
[2020.08.25-08.33.26:539][  0]LogConfig: Setting CVar [[r.BloomQuality:5]]
[2020.08.25-08.33.26:539][  0]LogConfig: Setting CVar [[r.FastBlurThreshold:100]]
[2020.08.25-08.33.26:539][  0]LogConfig: Setting CVar [[r.Upscale.Quality:3]]
[2020.08.25-08.33.26:539][  0]LogConfig: Setting CVar [[r.Tonemapper.GrainQuantization:1]]
[2020.08.25-08.33.26:539][  0]LogConfig: Setting CVar [[r.LightShaftQuality:1]]
[2020.08.25-08.33.26:539][  0]LogConfig: Setting CVar [[r.Filter.SizeScale:1]]
[2020.08.25-08.33.26:539][  0]LogConfig: Setting CVar [[r.Tonemapper.Quality:5]]
[2020.08.25-08.33.26:539][  0]LogConfig: Setting CVar [[r.DOF.Gather.AccumulatorQuality:1        ; higher gathering accumulator quality]]
[2020.08.25-08.33.26:539][  0]LogConfig: Setting CVar [[r.DOF.Gather.PostfilterMethod:1          ; Median3x3 postfilering method]]
[2020.08.25-08.33.26:539][  0]LogConfig: Setting CVar [[r.DOF.Gather.EnableBokehSettings:0       ; no bokeh simulation when gathering]]
[2020.08.25-08.33.26:539][  0]LogConfig: Setting CVar [[r.DOF.Gather.RingCount:4                 ; medium number of samples when gathering]]
[2020.08.25-08.33.26:539][  0]LogConfig: Setting CVar [[r.DOF.Scatter.ForegroundCompositing:1    ; additive foreground scattering]]
[2020.08.25-08.33.26:540][  0]LogConfig: Setting CVar [[r.DOF.Scatter.BackgroundCompositing:2    ; additive background scattering]]
[2020.08.25-08.33.26:540][  0]LogConfig: Setting CVar [[r.DOF.Scatter.EnableBokehSettings:1      ; bokeh simulation when scattering]]
[2020.08.25-08.33.26:540][  0]LogConfig: Setting CVar [[r.DOF.Scatter.MaxSpriteRatio:0.1         ; only a maximum of 10% of scattered bokeh]]
[2020.08.25-08.33.26:540][  0]LogConfig: Setting CVar [[r.DOF.Recombine.Quality:1                ; cheap slight out of focus]]
[2020.08.25-08.33.26:540][  0]LogConfig: Setting CVar [[r.DOF.Recombine.EnableBokehSettings:0    ; no bokeh simulation on slight out of focus]]
[2020.08.25-08.33.26:540][  0]LogConfig: Setting CVar [[r.DOF.TemporalAAQuality:1                ; more stable temporal accumulation]]
[2020.08.25-08.33.26:540][  0]LogConfig: Setting CVar [[r.DOF.Kernel.MaxForegroundRadius:0.025]]
[2020.08.25-08.33.26:540][  0]LogConfig: Setting CVar [[r.DOF.Kernel.MaxBackgroundRadius:0.025]]
[2020.08.25-08.33.26:540][  0]LogConfig: Applying CVar settings from Section [TextureQuality@3] File [E:/Documents/Git/drive/Drive/Saved/Config/Windows/Scalability.ini]
[2020.08.25-08.33.26:540][  0]LogConfig: Setting CVar [[r.Streaming.MipBias:0]]
[2020.08.25-08.33.26:540][  0]LogConfig: Setting CVar [[r.Streaming.AmortizeCPUToGPUCopy:0]]
[2020.08.25-08.33.26:540][  0]LogConfig: Setting CVar [[r.Streaming.MaxNumTexturesToStreamPerFrame:0]]
[2020.08.25-08.33.26:540][  0]LogConfig: Setting CVar [[r.Streaming.Boost:1]]
[2020.08.25-08.33.26:540][  0]LogConfig: Setting CVar [[r.MaxAnisotropy:8]]
[2020.08.25-08.33.26:540][  0]LogConfig: Setting CVar [[r.VT.MaxAnisotropy:8]]
[2020.08.25-08.33.26:540][  0]LogConfig: Setting CVar [[r.Streaming.LimitPoolSizeToVRAM:0]]
[2020.08.25-08.33.26:540][  0]LogConfig: Setting CVar [[r.Streaming.PoolSize:1000]]
[2020.08.25-08.33.26:540][  0]LogConfig: Setting CVar [[r.Streaming.MaxEffectiveScreenSize:0]]
[2020.08.25-08.33.26:540][  0]LogConfig: Applying CVar settings from Section [EffectsQuality@3] File [E:/Documents/Git/drive/Drive/Saved/Config/Windows/Scalability.ini]
[2020.08.25-08.33.26:540][  0]LogConfig: Setting CVar [[r.TranslucencyLightingVolumeDim:64]]
[2020.08.25-08.33.26:540][  0]LogConfig: Setting CVar [[r.RefractionQuality:2]]
[2020.08.25-08.33.26:540][  0]LogConfig: Setting CVar [[r.SSR.Quality:3]]
[2020.08.25-08.33.26:540][  0]LogConfig: Setting CVar [[r.SSR.HalfResSceneColor:0]]
[2020.08.25-08.33.26:540][  0]LogConfig: Setting CVar [[r.SceneColorFormat:4]]
[2020.08.25-08.33.26:540][  0]LogConfig: Setting CVar [[r.DetailMode:2]]
[2020.08.25-08.33.26:540][  0]LogConfig: Setting CVar [[r.TranslucencyVolumeBlur:1]]
[2020.08.25-08.33.26:540][  0]LogConfig: Setting CVar [[r.MaterialQualityLevel:1 ; High quality]]
[2020.08.25-08.33.26:540][  0]LogConfig: Setting CVar [[r.SSS.Scale:1]]
[2020.08.25-08.33.26:540][  0]LogConfig: Setting CVar [[r.SSS.SampleSet:2]]
[2020.08.25-08.33.26:540][  0]LogConfig: Setting CVar [[r.SSS.Quality:1]]
[2020.08.25-08.33.26:540][  0]LogConfig: Setting CVar [[r.SSS.HalfRes:0]]
[2020.08.25-08.33.26:540][  0]LogConfig: Setting CVar [[r.SSGI.Quality:3]]
[2020.08.25-08.33.26:540][  0]LogConfig: Setting CVar [[r.EmitterSpawnRateScale:1.0]]
[2020.08.25-08.33.26:540][  0]LogConfig: Setting CVar [[r.ParticleLightQuality:2]]
[2020.08.25-08.33.26:540][  0]LogConfig: Setting CVar [[r.SkyAtmosphere.AerialPerspectiveLUT.FastApplyOnOpaque:1 ; Always have FastSkyLUT 1 in this case to avoid wrong sky]]
[2020.08.25-08.33.26:540][  0]LogConfig: Setting CVar [[r.SkyAtmosphere.AerialPerspectiveLUT.SampleCountPerSlice:1]]
[2020.08.25-08.33.26:540][  0]LogConfig: Setting CVar [[r.SkyAtmosphere.AerialPerspectiveLUT.DepthResolution:16.0]]
[2020.08.25-08.33.26:540][  0]LogConfig: Setting CVar [[r.SkyAtmosphere.FastSkyLUT:1]]
[2020.08.25-08.33.26:540][  0]LogConfig: Setting CVar [[r.SkyAtmosphere.FastSkyLUT.SampleCountMin:4.0]]
[2020.08.25-08.33.26:540][  0]LogConfig: Setting CVar [[r.SkyAtmosphere.FastSkyLUT.SampleCountMax:32.0]]
[2020.08.25-08.33.26:540][  0]LogConfig: Setting CVar [[r.SkyAtmosphere.SampleCountMin:4.0]]
[2020.08.25-08.33.26:540][  0]LogConfig: Setting CVar [[r.SkyAtmosphere.SampleCountMax:32.0]]
[2020.08.25-08.33.26:540][  0]LogConfig: Setting CVar [[r.SkyAtmosphere.TransmittanceLUT.UseSmallFormat:0]]
[2020.08.25-08.33.26:540][  0]LogConfig: Setting CVar [[r.SkyAtmosphere.TransmittanceLUT.SampleCount:10.0]]
[2020.08.25-08.33.26:540][  0]LogConfig: Setting CVar [[r.SkyAtmosphere.MultiScatteringLUT.SampleCount:15.0]]
[2020.08.25-08.33.26:540][  0]LogConfig: Applying CVar settings from Section [FoliageQuality@3] File [E:/Documents/Git/drive/Drive/Saved/Config/Windows/Scalability.ini]
[2020.08.25-08.33.26:540][  0]LogConfig: Setting CVar [[foliage.DensityScale:1.0]]
[2020.08.25-08.33.26:540][  0]LogConfig: Setting CVar [[grass.DensityScale:1.0]]
[2020.08.25-08.33.26:540][  0]LogConfig: Applying CVar settings from Section [ShadingQuality@3] File [E:/Documents/Git/drive/Drive/Saved/Config/Windows/Scalability.ini]
[2020.08.25-08.33.26:540][  0]LogConfig: Setting CVar [[r.HairStrands.SkyLighting.SampleCount:16]]
[2020.08.25-08.33.26:540][  0]LogConfig: Setting CVar [[r.HairStrands.SkyLighting.JitterIntegration:0]]
[2020.08.25-08.33.26:540][  0]LogConfig: Setting CVar [[r.HairStrands.SkyAO.SampleCount:16]]
[2020.08.25-08.33.26:540][  0]LogConfig: Setting CVar [[r.HairStrands.DeepShadow.SuperSampling:0]]
[2020.08.25-08.33.26:540][  0]LogConfig: Setting CVar [[r.HairStrands.VisibilityPPLL:0]]
[2020.08.25-08.33.26:540][  0]LogConfig: Setting CVar [[r.HairStrands.RasterizationScale:0.5]]
[2020.08.25-08.33.26:540][  0]LogConfig: Setting CVar [[r.HairStrands.VelocityRasterizationScale:1]]
[2020.08.25-08.33.26:540][  0]LogInit: Selected Device Profile: [Windows]
[2020.08.25-08.33.26:540][  0]LogInit: Applying CVar settings loaded from the selected device profile: [Windows]
[2020.08.25-08.33.26:540][  0]LogHAL: Display: Platform has ~ 16 GB [17100886016 / 17179869184 / 16], which maps to Larger [LargestMinGB=32, LargerMinGB=12, DefaultMinGB=8, SmallerMinGB=6, SmallestMinGB=0)
[2020.08.25-08.33.26:540][  0]LogInit: Going up to parent DeviceProfile []
[2020.08.25-08.33.26:540][  0]LogConfig: Applying CVar settings from Section [ViewDistanceQuality@3] File [E:/Documents/Git/drive/Drive/Saved/Config/Windows/Scalability.ini]
[2020.08.25-08.33.26:540][  0]LogConfig: Setting CVar [[r.SkeletalMeshLODBias:0]]
[2020.08.25-08.33.26:540][  0]LogConfig: Setting CVar [[r.ViewDistanceScale:1.0]]
[2020.08.25-08.33.26:540][  0]LogConfig: Applying CVar settings from Section [AntiAliasingQuality@3] File [E:/Documents/Git/drive/Drive/Saved/Config/Windows/Scalability.ini]
[2020.08.25-08.33.26:540][  0]LogConfig: Setting CVar [[r.PostProcessAAQuality:4]]
[2020.08.25-08.33.26:540][  0]LogConfig: Applying CVar settings from Section [ShadowQuality@3] File [E:/Documents/Git/drive/Drive/Saved/Config/Windows/Scalability.ini]
[2020.08.25-08.33.26:540][  0]LogConfig: Setting CVar [[r.LightFunctionQuality:1]]
[2020.08.25-08.33.26:540][  0]LogConfig: Setting CVar [[r.ShadowQuality:5]]
[2020.08.25-08.33.26:540][  0]LogConfig: Setting CVar [[r.Shadow.CSM.MaxCascades:10]]
[2020.08.25-08.33.26:540][  0]LogConfig: Setting CVar [[r.Shadow.MaxResolution:2048]]
[2020.08.25-08.33.26:540][  0]LogConfig: Setting CVar [[r.Shadow.MaxCSMResolution:2048]]
[2020.08.25-08.33.26:540][  0]LogConfig: Setting CVar [[r.Shadow.RadiusThreshold:0.01]]
[2020.08.25-08.33.26:540][  0]LogConfig: Setting CVar [[r.Shadow.DistanceScale:1.0]]
[2020.08.25-08.33.26:540][  0]LogConfig: Setting CVar [[r.Shadow.CSM.TransitionScale:1.0]]
[2020.08.25-08.33.26:541][  0]LogConfig: Setting CVar [[r.Shadow.PreShadowResolutionFactor:1.0]]
[2020.08.25-08.33.26:541][  0]LogConfig: Setting CVar [[r.DistanceFieldShadowing:1]]
[2020.08.25-08.33.26:541][  0]LogConfig: Setting CVar [[r.DistanceFieldAO:1]]
[2020.08.25-08.33.26:541][  0]LogConfig: Setting CVar [[r.AOQuality:2]]
[2020.08.25-08.33.26:541][  0]LogConfig: Setting CVar [[r.VolumetricFog:1]]
[2020.08.25-08.33.26:541][  0]LogConfig: Setting CVar [[r.VolumetricFog.GridPixelSize:8]]
[2020.08.25-08.33.26:541][  0]LogConfig: Setting CVar [[r.VolumetricFog.GridSizeZ:128]]
[2020.08.25-08.33.26:541][  0]LogConfig: Setting CVar [[r.VolumetricFog.HistoryMissSupersampleCount:4]]
[2020.08.25-08.33.26:541][  0]LogConfig: Setting CVar [[r.LightMaxDrawDistanceScale:1]]
[2020.08.25-08.33.26:541][  0]LogConfig: Setting CVar [[r.CapsuleShadows:1]]
[2020.08.25-08.33.26:541][  0]LogConfig: Applying CVar settings from Section [PostProcessQuality@3] File [E:/Documents/Git/drive/Drive/Saved/Config/Windows/Scalability.ini]
[2020.08.25-08.33.26:541][  0]LogConfig: Setting CVar [[r.MotionBlurQuality:4]]
[2020.08.25-08.33.26:541][  0]LogConfig: Setting CVar [[r.AmbientOcclusionMipLevelFactor:0.4]]
[2020.08.25-08.33.26:541][  0]LogConfig: Setting CVar [[r.AmbientOcclusionMaxQuality:100]]
[2020.08.25-08.33.26:541][  0]LogConfig: Setting CVar [[r.AmbientOcclusionLevels:-1]]
[2020.08.25-08.33.26:541][  0]LogConfig: Setting CVar [[r.AmbientOcclusionRadiusScale:1.0]]
[2020.08.25-08.33.26:541][  0]LogConfig: Setting CVar [[r.DepthOfFieldQuality:2]]
[2020.08.25-08.33.26:541][  0]LogConfig: Setting CVar [[r.RenderTargetPoolMin:400]]
[2020.08.25-08.33.26:541][  0]LogConfig: Setting CVar [[r.LensFlareQuality:2]]
[2020.08.25-08.33.26:541][  0]LogConfig: Setting CVar [[r.SceneColorFringeQuality:1]]
[2020.08.25-08.33.26:541][  0]LogConfig: Setting CVar [[r.EyeAdaptationQuality:2]]
[2020.08.25-08.33.26:541][  0]LogConfig: Setting CVar [[r.BloomQuality:5]]
[2020.08.25-08.33.26:541][  0]LogConfig: Setting CVar [[r.FastBlurThreshold:100]]
[2020.08.25-08.33.26:541][  0]LogConfig: Setting CVar [[r.Upscale.Quality:3]]
[2020.08.25-08.33.26:541][  0]LogConfig: Setting CVar [[r.Tonemapper.GrainQuantization:1]]
[2020.08.25-08.33.26:541][  0]LogConfig: Setting CVar [[r.LightShaftQuality:1]]
[2020.08.25-08.33.26:541][  0]LogConfig: Setting CVar [[r.Filter.SizeScale:1]]
[2020.08.25-08.33.26:541][  0]LogConfig: Setting CVar [[r.Tonemapper.Quality:5]]
[2020.08.25-08.33.26:541][  0]LogConfig: Setting CVar [[r.DOF.Gather.AccumulatorQuality:1        ; higher gathering accumulator quality]]
[2020.08.25-08.33.26:541][  0]LogConfig: Setting CVar [[r.DOF.Gather.PostfilterMethod:1          ; Median3x3 postfilering method]]
[2020.08.25-08.33.26:541][  0]LogConfig: Setting CVar [[r.DOF.Gather.EnableBokehSettings:0       ; no bokeh simulation when gathering]]
[2020.08.25-08.33.26:541][  0]LogConfig: Setting CVar [[r.DOF.Gather.RingCount:4                 ; medium number of samples when gathering]]
[2020.08.25-08.33.26:541][  0]LogConfig: Setting CVar [[r.DOF.Scatter.ForegroundCompositing:1    ; additive foreground scattering]]
[2020.08.25-08.33.26:541][  0]LogConfig: Setting CVar [[r.DOF.Scatter.BackgroundCompositing:2    ; additive background scattering]]
[2020.08.25-08.33.26:541][  0]LogConfig: Setting CVar [[r.DOF.Scatter.EnableBokehSettings:1      ; bokeh simulation when scattering]]
[2020.08.25-08.33.26:541][  0]LogConfig: Setting CVar [[r.DOF.Scatter.MaxSpriteRatio:0.1         ; only a maximum of 10% of scattered bokeh]]
[2020.08.25-08.33.26:541][  0]LogConfig: Setting CVar [[r.DOF.Recombine.Quality:1                ; cheap slight out of focus]]
[2020.08.25-08.33.26:541][  0]LogConfig: Setting CVar [[r.DOF.Recombine.EnableBokehSettings:0    ; no bokeh simulation on slight out of focus]]
[2020.08.25-08.33.26:541][  0]LogConfig: Setting CVar [[r.DOF.TemporalAAQuality:1                ; more stable temporal accumulation]]
[2020.08.25-08.33.26:541][  0]LogConfig: Setting CVar [[r.DOF.Kernel.MaxForegroundRadius:0.025]]
[2020.08.25-08.33.26:541][  0]LogConfig: Setting CVar [[r.DOF.Kernel.MaxBackgroundRadius:0.025]]
[2020.08.25-08.33.26:541][  0]LogConfig: Applying CVar settings from Section [TextureQuality@3] File [E:/Documents/Git/drive/Drive/Saved/Config/Windows/Scalability.ini]
[2020.08.25-08.33.26:541][  0]LogConfig: Setting CVar [[r.Streaming.MipBias:0]]
[2020.08.25-08.33.26:541][  0]LogConfig: Setting CVar [[r.Streaming.AmortizeCPUToGPUCopy:0]]
[2020.08.25-08.33.26:541][  0]LogConfig: Setting CVar [[r.Streaming.MaxNumTexturesToStreamPerFrame:0]]
[2020.08.25-08.33.26:541][  0]LogConfig: Setting CVar [[r.Streaming.Boost:1]]
[2020.08.25-08.33.26:541][  0]LogConfig: Setting CVar [[r.MaxAnisotropy:8]]
[2020.08.25-08.33.26:541][  0]LogConfig: Setting CVar [[r.VT.MaxAnisotropy:8]]
[2020.08.25-08.33.26:541][  0]LogConfig: Setting CVar [[r.Streaming.LimitPoolSizeToVRAM:0]]
[2020.08.25-08.33.26:541][  0]LogConfig: Setting CVar [[r.Streaming.PoolSize:1000]]
[2020.08.25-08.33.26:541][  0]LogConfig: Setting CVar [[r.Streaming.MaxEffectiveScreenSize:0]]
[2020.08.25-08.33.26:541][  0]LogConfig: Applying CVar settings from Section [EffectsQuality@3] File [E:/Documents/Git/drive/Drive/Saved/Config/Windows/Scalability.ini]
[2020.08.25-08.33.26:541][  0]LogConfig: Setting CVar [[r.TranslucencyLightingVolumeDim:64]]
[2020.08.25-08.33.26:541][  0]LogConfig: Setting CVar [[r.RefractionQuality:2]]
[2020.08.25-08.33.26:541][  0]LogConfig: Setting CVar [[r.SSR.Quality:3]]
[2020.08.25-08.33.26:541][  0]LogConfig: Setting CVar [[r.SSR.HalfResSceneColor:0]]
[2020.08.25-08.33.26:541][  0]LogConfig: Setting CVar [[r.SceneColorFormat:4]]
[2020.08.25-08.33.26:541][  0]LogConfig: Setting CVar [[r.DetailMode:2]]
[2020.08.25-08.33.26:541][  0]LogConfig: Setting CVar [[r.TranslucencyVolumeBlur:1]]
[2020.08.25-08.33.26:541][  0]LogConfig: Setting CVar [[r.MaterialQualityLevel:1 ; High quality]]
[2020.08.25-08.33.26:541][  0]LogConfig: Setting CVar [[r.SSS.Scale:1]]
[2020.08.25-08.33.26:541][  0]LogConfig: Setting CVar [[r.SSS.SampleSet:2]]
[2020.08.25-08.33.26:541][  0]LogConfig: Setting CVar [[r.SSS.Quality:1]]
[2020.08.25-08.33.26:541][  0]LogConfig: Setting CVar [[r.SSS.HalfRes:0]]
[2020.08.25-08.33.26:541][  0]LogConfig: Setting CVar [[r.SSGI.Quality:3]]
[2020.08.25-08.33.26:541][  0]LogConfig: Setting CVar [[r.EmitterSpawnRateScale:1.0]]
[2020.08.25-08.33.26:541][  0]LogConfig: Setting CVar [[r.ParticleLightQuality:2]]
[2020.08.25-08.33.26:541][  0]LogConfig: Setting CVar [[r.SkyAtmosphere.AerialPerspectiveLUT.FastApplyOnOpaque:1 ; Always have FastSkyLUT 1 in this case to avoid wrong sky]]
[2020.08.25-08.33.26:541][  0]LogConfig: Setting CVar [[r.SkyAtmosphere.AerialPerspectiveLUT.SampleCountPerSlice:1]]
[2020.08.25-08.33.26:541][  0]LogConfig: Setting CVar [[r.SkyAtmosphere.AerialPerspectiveLUT.DepthResolution:16.0]]
[2020.08.25-08.33.26:541][  0]LogConfig: Setting CVar [[r.SkyAtmosphere.FastSkyLUT:1]]
[2020.08.25-08.33.26:541][  0]LogConfig: Setting CVar [[r.SkyAtmosphere.FastSkyLUT.SampleCountMin:4.0]]
[2020.08.25-08.33.26:541][  0]LogConfig: Setting CVar [[r.SkyAtmosphere.FastSkyLUT.SampleCountMax:32.0]]
[2020.08.25-08.33.26:541][  0]LogConfig: Setting CVar [[r.SkyAtmosphere.SampleCountMin:4.0]]
[2020.08.25-08.33.26:541][  0]LogConfig: Setting CVar [[r.SkyAtmosphere.SampleCountMax:32.0]]
[2020.08.25-08.33.26:541][  0]LogConfig: Setting CVar [[r.SkyAtmosphere.TransmittanceLUT.UseSmallFormat:0]]
[2020.08.25-08.33.26:541][  0]LogConfig: Setting CVar [[r.SkyAtmosphere.TransmittanceLUT.SampleCount:10.0]]
[2020.08.25-08.33.26:541][  0]LogConfig: Setting CVar [[r.SkyAtmosphere.MultiScatteringLUT.SampleCount:15.0]]
[2020.08.25-08.33.26:542][  0]LogConfig: Applying CVar settings from Section [FoliageQuality@3] File [E:/Documents/Git/drive/Drive/Saved/Config/Windows/Scalability.ini]
[2020.08.25-08.33.26:542][  0]LogConfig: Setting CVar [[foliage.DensityScale:1.0]]
[2020.08.25-08.33.26:542][  0]LogConfig: Setting CVar [[grass.DensityScale:1.0]]
[2020.08.25-08.33.26:542][  0]LogConfig: Applying CVar settings from Section [ShadingQuality@3] File [E:/Documents/Git/drive/Drive/Saved/Config/Windows/Scalability.ini]
[2020.08.25-08.33.26:542][  0]LogConfig: Setting CVar [[r.HairStrands.SkyLighting.SampleCount:16]]
[2020.08.25-08.33.26:542][  0]LogConfig: Setting CVar [[r.HairStrands.SkyLighting.JitterIntegration:0]]
[2020.08.25-08.33.26:542][  0]LogConfig: Setting CVar [[r.HairStrands.SkyAO.SampleCount:16]]
[2020.08.25-08.33.26:542][  0]LogConfig: Setting CVar [[r.HairStrands.DeepShadow.SuperSampling:0]]
[2020.08.25-08.33.26:542][  0]LogConfig: Setting CVar [[r.HairStrands.VisibilityPPLL:0]]
[2020.08.25-08.33.26:542][  0]LogConfig: Setting CVar [[r.HairStrands.RasterizationScale:0.5]]
[2020.08.25-08.33.26:542][  0]LogConfig: Setting CVar [[r.HairStrands.VelocityRasterizationScale:1]]
[2020.08.25-08.33.26:542][  0]LogConfig: Applying CVar settings from Section [Startup] File [../../../Engine/Config/ConsoleVariables.ini]
[2020.08.25-08.33.26:542][  0]LogConfig: Setting CVar [[net.UseAdaptiveNetUpdateFrequency:0]]
[2020.08.25-08.33.26:542][  0]LogConfig: Setting CVar [[p.chaos.AllowCreatePhysxBodies:1]]
[2020.08.25-08.33.26:542][  0]LogConfig: Setting CVar [[fx.SkipVectorVMBackendOptimizations:1]]
[2020.08.25-08.33.26:542][  0]LogConfig: Applying CVar settings from Section [ConsoleVariables] File [E:/Documents/Git/drive/Drive/Saved/Config/Windows/Engine.ini]
[2020.08.25-08.33.26:542][  0]LogInit: Computer: DESKTOP-FFLP19A
[2020.08.25-08.33.26:542][  0]LogInit: User: MosesC
[2020.08.25-08.33.26:542][  0]LogInit: CPU Page size=4096, Cores=6
[2020.08.25-08.33.26:542][  0]LogInit: High frequency timer resolution =10.000000 MHz
[2020.08.25-08.33.26:542][  0]LogMemory: Memory total: Physical=15.9GB (16GB approx)
[2020.08.25-08.33.26:542][  0]LogMemory: Platform Memory Stats for Windows
[2020.08.25-08.33.26:542][  0]LogMemory: Process Physical Memory: 118.93 MB used, 118.94 MB peak
[2020.08.25-08.33.26:542][  0]LogMemory: Process Virtual Memory: 95.77 MB used, 95.77 MB peak
[2020.08.25-08.33.26:542][  0]LogMemory: Physical Memory: 6330.87 MB used,  9977.80 MB free, 16308.68 MB total
[2020.08.25-08.33.26:542][  0]LogMemory: Virtual Memory: 5139.51 MB used,  134212592.00 MB free, 134217728.00 MB total
[2020.08.25-08.33.26:547][  0]LogWindows: WindowsPlatformFeatures enabled
[2020.08.25-08.33.26:574][  0]LogInit: Physics initialised using underlying interface: PhysX
[2020.08.25-08.33.26:575][  0]LogInit: Using OS detected language (en-US).
[2020.08.25-08.33.26:575][  0]LogInit: Using OS detected locale (en-NZ).
[2020.08.25-08.33.26:576][  0]LogTextLocalizationManager: No specific localization for 'en-US' exists, so the 'en' localization will be used.
[2020.08.25-08.33.26:731][  0]LogInit: Setting process to per monitor DPI aware
[2020.08.25-08.33.26:755][  0]LogSlate: New Slate User Created.  User Index 0, Is Virtual User: 0
[2020.08.25-08.33.26:755][  0]LogSlate: Slate User Registered.  User Index 0, Is Virtual User: 0
[2020.08.25-08.33.26:861][  0]LogHMD: Failed to initialize OpenVR with code 110
[2020.08.25-08.33.26:861][  0]LogD3D11RHI: D3D11 min allowed feature level: 11_0
[2020.08.25-08.33.26:861][  0]LogD3D11RHI: D3D11 max allowed feature level: 11_0
[2020.08.25-08.33.26:861][  0]LogD3D11RHI: D3D11 adapters:
[2020.08.25-08.33.26:936][  0]LogD3D11RHI:    0. 'NVIDIA GeForce GTX 1070 Ti' (Feature Level 11_0)
[2020.08.25-08.33.26:936][  0]LogD3D11RHI:       8079/0/8154 MB DedicatedVideo/DedicatedSystem/SharedSystem, Outputs:2, VendorId:0x10de
[2020.08.25-08.33.26:938][  0]LogD3D11RHI:    1. 'Microsoft Basic Render Driver' (Feature Level 11_0)
[2020.08.25-08.33.26:938][  0]LogD3D11RHI:       0/0/8154 MB DedicatedVideo/DedicatedSystem/SharedSystem, Outputs:0, VendorId:0x1414
[2020.08.25-08.33.26:938][  0]LogD3D11RHI: Chosen D3D11 Adapter: 0
[2020.08.25-08.33.26:946][  0]LogD3D11RHI: Creating new Direct3DDevice
[2020.08.25-08.33.26:946][  0]LogD3D11RHI:     GPU DeviceId: 0x1b82 (for the marketing name, search the web for "GPU Device Id")
[2020.08.25-08.33.26:946][  0]LogWindows: EnumDisplayDevices:
[2020.08.25-08.33.26:946][  0]LogWindows:    0. 'NVIDIA GeForce GTX 1070 Ti' (P:1 D:1)
[2020.08.25-08.33.26:947][  0]LogWindows:    1. 'NVIDIA GeForce GTX 1070 Ti' (P:0 D:1)
[2020.08.25-08.33.26:947][  0]LogWindows:    2. 'NVIDIA GeForce GTX 1070 Ti' (P:0 D:0)
[2020.08.25-08.33.26:947][  0]LogWindows:    3. 'NVIDIA GeForce GTX 1070 Ti' (P:0 D:0)
[2020.08.25-08.33.26:948][  0]LogWindows: DebugString: FoundDriverCount:4 
[2020.08.25-08.33.26:948][  0]LogD3D11RHI:     Adapter Name: NVIDIA GeForce GTX 1070 Ti
[2020.08.25-08.33.26:948][  0]LogD3D11RHI:   Driver Version: 452.06 (internal:27.21.14.5206, unified:452.06)
[2020.08.25-08.33.26:948][  0]LogD3D11RHI:      Driver Date: 8-12-2020
[2020.08.25-08.33.26:948][  0]LogRHI: Texture pool is 5655 MB (70% of 8079 MB)
[2020.08.25-08.33.27:013][  0]LogD3D11RHI: RHI has support for 64 bit atomics
[2020.08.25-08.33.27:015][  0]LogD3D11RHI: [Aftermath] Enabled and primed
[2020.08.25-08.33.27:015][  0]LogD3D11RHI: Async texture creation enabled
[2020.08.25-08.33.27:015][  0]LogD3D11RHI: Array index from any shader is supported
[2020.08.25-08.33.27:037][  0]LogD3D11RHI: GPU Timing Frequency: 1000.000000 (Debug: 2 1)
[2020.08.25-08.33.27:349][  0]LogTargetPlatformManager: Display: Loaded TargetPlatform 'AllDesktop'
[2020.08.25-08.33.27:368][  0]LogTargetPlatformManager: Display: Loaded TargetPlatform 'Android'
[2020.08.25-08.33.27:368][  0]LogTargetPlatformManager: Display: Loaded TargetPlatform 'Android_ASTC'
[2020.08.25-08.33.27:368][  0]LogTargetPlatformManager: Display: Loaded TargetPlatform 'Android_DXT'
[2020.08.25-08.33.27:368][  0]LogTargetPlatformManager: Display: Loaded TargetPlatform 'Android_ETC2'
[2020.08.25-08.33.27:368][  0]LogTargetPlatformManager: Display: Loaded TargetPlatform 'AndroidClient'
[2020.08.25-08.33.27:368][  0]LogTargetPlatformManager: Display: Loaded TargetPlatform 'Android_ASTCClient'
[2020.08.25-08.33.27:368][  0]LogTargetPlatformManager: Display: Loaded TargetPlatform 'Android_DXTClient'
[2020.08.25-08.33.27:368][  0]LogTargetPlatformManager: Display: Loaded TargetPlatform 'Android_ETC2Client'
[2020.08.25-08.33.27:368][  0]LogTargetPlatformManager: Display: Loaded TargetPlatform 'Android_Multi'
[2020.08.25-08.33.27:369][  0]LogTargetPlatformManager: Display: Loaded TargetPlatform 'Android_MultiClient'
[2020.08.25-08.33.27:388][  0]LogTargetPlatformManager: Display: Loaded TargetPlatform 'IOSClient'
[2020.08.25-08.33.27:388][  0]LogTargetPlatformManager: Display: Loaded TargetPlatform 'IOS'
[2020.08.25-08.33.27:397][  0]LogTargetPlatformManager: Display: Loaded TargetPlatform 'Linux'
[2020.08.25-08.33.27:405][  0]LogTargetPlatformManager: Display: Loaded TargetPlatform 'LinuxNoEditor'
[2020.08.25-08.33.27:414][  0]LogTargetPlatformManager: Display: Loaded TargetPlatform 'LinuxClient'
[2020.08.25-08.33.27:422][  0]LogTargetPlatformManager: Display: Loaded TargetPlatform 'LinuxServer'
[2020.08.25-08.33.27:430][  0]LogTargetPlatformManager: Display: Loaded TargetPlatform 'LinuxAArch64NoEditor'
[2020.08.25-08.33.27:438][  0]LogTargetPlatformManager: Display: Loaded TargetPlatform 'LinuxAArch64Client'
[2020.08.25-08.33.27:445][  0]LogTargetPlatformManager: Display: Loaded TargetPlatform 'LinuxAArch64Server'
[2020.08.25-08.33.27:467][  0]LogTargetPlatformManager: Display: Loaded TargetPlatform 'Lumin'
[2020.08.25-08.33.27:467][  0]LogTargetPlatformManager: Display: Loaded TargetPlatform 'LuminClient'
[2020.08.25-08.33.27:480][  0]LogTargetPlatformManager: Display: Loaded TargetPlatform 'TVOSClient'
[2020.08.25-08.33.27:480][  0]LogTargetPlatformManager: Display: Loaded TargetPlatform 'TVOS'
[2020.08.25-08.33.27:488][  0]LogTargetPlatformManager: Display: Loaded TargetPlatform 'WindowsNoEditor'
[2020.08.25-08.33.27:497][  0]LogTargetPlatformManager: Display: Loaded TargetPlatform 'Windows'
[2020.08.25-08.33.27:506][  0]LogTargetPlatformManager: Display: Loaded TargetPlatform 'WindowsClient'
[2020.08.25-08.33.27:515][  0]LogTargetPlatformManager: Display: Loaded TargetPlatform 'WindowsServer'
[2020.08.25-08.33.27:515][  0]LogTargetPlatformManager: Display: Building Assets For Windows
[2020.08.25-08.33.27:520][  0]LogAudioDebug: Display: Lib vorbis DLL was dynamically loaded.
[2020.08.25-08.33.27:570][  0]LogShaderCompilers: Guid format shader working directory is 4 characters bigger than the processId version (../../../../../../Documents/Git/drive/Drive/Intermediate/Shaders/WorkingDirectory/11708/).
[2020.08.25-08.33.27:570][  0]LogShaderCompilers: Cleaned the shader compiler working directory 'C:/Users/Moses C/AppData/Local/Temp/UnrealShaderWorkingDir/13BE86E64D799498586BBCBCC876D725/'.
[2020.08.25-08.33.27:570][  0]LogXGEController: Cleaning working directory: C:/Users/Moses C/AppData/Local/Temp/UnrealXGEWorkingDir/
[2020.08.25-08.33.27:571][  0]LogXGEController: Cannot use XGE Controller as Incredibuild is not installed on this machine.
[2020.08.25-08.33.27:571][  0]LogShaderCompilers: Cannot use XGE Shader Compiler as Incredibuild is not installed on this machine.
[2020.08.25-08.33.27:571][  0]LogShaderCompilers: Display: Using Local Shader Compiler.
[2020.08.25-08.33.28:244][  0]LogDerivedDataCache: Display: Max Cache Size: 512 MB
[2020.08.25-08.33.28:290][  0]LogDerivedDataCache: Loaded boot cache 0.05s 76MB C:/Users/Moses C/AppData/Local/UnrealEngine/4.25/DerivedDataCache/Boot.ddc.
[2020.08.25-08.33.28:290][  0]LogDerivedDataCache: Display: Loaded Boot cache: C:/Users/Moses C/AppData/Local/UnrealEngine/4.25/DerivedDataCache/Boot.ddc
[2020.08.25-08.33.28:290][  0]LogDerivedDataCache: FDerivedDataBackendGraph:  Pak pak cache file ../../../../../../Documents/Git/drive/Drive/DerivedDataCache/DDC.ddp not found, will not use a pak cache.
[2020.08.25-08.33.28:290][  0]LogDerivedDataCache: Unable to find inner node Pak for hierarchical cache Hierarchy.
[2020.08.25-08.33.28:290][  0]LogDerivedDataCache: FDerivedDataBackendGraph:  CompressedPak pak cache file ../../../../../../Documents/Git/drive/Drive/DerivedDataCache/Compressed.ddp not found, will not use a pak cache.
[2020.08.25-08.33.28:290][  0]LogDerivedDataCache: Unable to find inner node CompressedPak for hierarchical cache Hierarchy.
[2020.08.25-08.33.28:300][  0]LogDerivedDataCache: Display: Pak cache opened for reading ../../../Engine/DerivedDataCache/Compressed.ddp.
[2020.08.25-08.33.28:300][  0]LogDerivedDataCache: FDerivedDataBackendGraph:  EnterprisePak pak cache file ../../../Enterprise/DerivedDataCache/Compressed.ddp not found, will not use a pak cache.
[2020.08.25-08.33.28:300][  0]LogDerivedDataCache: Unable to find inner node EnterprisePak for hierarchical cache Hierarchy.
[2020.08.25-08.33.28:301][  0]LogDerivedDataCache: Using Local data cache path C:/Users/Moses C/AppData/Local/UnrealEngine/Common/DerivedDataCache: Writable
[2020.08.25-08.33.28:301][  0]LogDerivedDataCache: Shared data cache path not found in *engine.ini, will not use an Shared cache.
[2020.08.25-08.33.28:301][  0]LogDerivedDataCache: Unable to find inner node Shared for hierarchical cache Hierarchy.
[2020.08.25-08.33.28:347][  0]LogSlate: Using FreeType 2.10.0
[2020.08.25-08.33.28:347][  0]LogSlate: SlateFontServices - WITH_FREETYPE: 1, WITH_HARFBUZZ: 1
[2020.08.25-08.33.28:371][  0]LogAssetRegistry: FAssetRegistry took 0.0021 seconds to start up
[2020.08.25-08.33.28:566][  0]LogInit: Selected Device Profile: [Windows]
[2020.08.25-08.33.28:668][  0]LogMeshReduction: Using QuadricMeshReduction for automatic static mesh reduction
[2020.08.25-08.33.28:668][  0]LogMeshReduction: Using SimplygonMeshReduction for automatic skeletal mesh reduction
[2020.08.25-08.33.28:668][  0]LogMeshReduction: Using ProxyLODMeshReduction for automatic mesh merging
[2020.08.25-08.33.28:668][  0]LogMeshReduction: No distributed automatic mesh merging module available
[2020.08.25-08.33.28:668][  0]LogMeshMerging: No distributed automatic mesh merging module available
[2020.08.25-08.33.28:683][  0]LogNetVersion: Drive 1.0.0, NetCL: 13144385, EngineNetVer: 14, GameNetVer: 0 (Checksum: 859404817)
[2020.08.25-08.33.29:069][  0]LogAISub: UAISubsystem::UAISubsystem AISubsystem (000001E3A6568380), frame # 0
[2020.08.25-08.33.29:069][  0]LogAISub: UAISubsystem::UAISubsystem AIPerceptionSystem (000001E3A74A1080), frame # 0
[2020.08.25-08.33.29:070][  0]LogAISub: UAISubsystem::UAISubsystem EnvQueryManager (000001E3A74F4A00), frame # 0
[2020.08.25-08.33.29:139][  0]LogPackageLocalizationCache: Processed 19 localized package path(s) for 1 prioritized culture(s) in 0.063802 seconds
[2020.08.25-08.33.29:144][  0]LogUObjectArray: 15917 objects as part of root set at end of initial load.
[2020.08.25-08.33.29:144][  0]LogUObjectAllocator: 3965568 out of 0 bytes used by permanent object pool.
[2020.08.25-08.33.29:144][  0]LogUObjectArray: CloseDisregardForGC: 0/0 objects in disregard for GC pool
[2020.08.25-08.33.29:411][  0]LogTcpMessaging: Initializing TcpMessaging bridge
[2020.08.25-08.33.29:415][  0]LogUdpMessaging: Initializing bridge on interface 0.0.0.0:0 to multicast group 230.0.0.1:6666.
[2020.08.25-08.33.29:516][  0]SourceControl: Source control is disabled
[2020.08.25-08.33.30:723][  0]LogAndroidPermission: UAndroidPermissionCallbackProxy::GetInstance
[2020.08.25-08.33.30:740][  0]LogAudioCaptureCore: Display: No Audio Capture implementations found. Audio input will be silent.
[2020.08.25-08.33.30:740][  0]LogAudioCaptureCore: Display: No Audio Capture implementations found. Audio input will be silent.
[2020.08.25-08.33.30:782][  0]LogOcInput: OculusInput pre-init called
[2020.08.25-08.33.30:790][  0]LogWindows: Failed to load 'OVRPlugin.dll' (GetLastError=126)
[2020.08.25-08.33.30:790][  0]LogWindows: File 'OVRPlugin.dll' does not exist
[2020.08.25-08.33.30:840][  0]LogEngine: Initializing Engine...
[2020.08.25-08.33.30:841][  0]LogHMD: Failed to initialize OpenVR with code 110
[2020.08.25-08.33.30:841][  0]LogMagicLeap: Warning: VR disabled because ZI is not enabled.  To enable, in the editor, Edit -> Project Settings -> Plugins -> Magic Leap Plugin -> Enable Zero Iteration
[2020.08.25-08.33.30:841][  0]LogStats: UGameplayTagsManager::InitializeManager -  0.000 s
[2020.08.25-08.33.30:943][  0]LogInit: Initializing FReadOnlyCVARCache
[2020.08.25-08.33.30:949][  0]LogAIModule: Creating AISystem for world Untitled
[2020.08.25-08.33.30:949][  0]LogAISub: UAISubsystem::UAISubsystem EnvQueryManager (000001E3A8CE3C00), frame # 0
[2020.08.25-08.33.30:949][  0]LogAISub: UAISubsystem::UAISubsystem AIPerceptionSystem (000001E3A8D48A40), frame # 0
[2020.08.25-08.33.30:967][  0]LogAudioMixer: Display: Audio Mixer Platform Settings:
[2020.08.25-08.33.30:967][  0]LogAudioMixer: Display: 	Sample Rate:						  48000
[2020.08.25-08.33.30:967][  0]LogAudioMixer: Display: 	Callback Buffer Frame Size Requested: 1024
[2020.08.25-08.33.30:967][  0]LogAudioMixer: Display: 	Callback Buffer Frame Size To Use:	  1024
[2020.08.25-08.33.30:967][  0]LogAudioMixer: Display: 	Number of buffers to queue:			  2
[2020.08.25-08.33.30:967][  0]LogAudioMixer: Display: 	Max Channels (voices):				  32
[2020.08.25-08.33.30:967][  0]LogAudioMixer: Display: 	Number of Async Source Workers:		  0
[2020.08.25-08.33.30:967][  0]LogAudio: Display: AudioDevice MaxSources: 32
[2020.08.25-08.33.30:967][  0]LogAudio: Display: Using built-in audio occlusion.
[2020.08.25-08.33.30:967][  0]LogAudioMixer: Display: Initializing audio mixer.
[2020.08.25-08.33.30:975][  0]LogAudioMixer: Display: 0: FrontLeft
[2020.08.25-08.33.30:975][  0]LogAudioMixer: Display: 1: FrontRight
[2020.08.25-08.33.31:017][  0]LogAudioMixer: Display: Using Audio Device ASUS VP278 (NVIDIA High Definition Audio)
[2020.08.25-08.33.31:022][  0]LogAudioMixer: Display: Initializing Sound Submixes...
[2020.08.25-08.33.31:023][  0]LogAudioMixer: Display: Creating Master Submix 'MasterSubmixDefault'
[2020.08.25-08.33.31:023][  0]LogAudioMixer: Display: Creating Master Submix 'MasterReverbSubmixDefault'
[2020.08.25-08.33.31:024][  0]LogAudioMixer: Display: Creating Master Submix 'MasterEQSubmixDefault'
[2020.08.25-08.33.31:025][  0]LogInit: FAudioDevice initialized.
[2020.08.25-08.33.31:025][  0]LogNetVersion: Set ProjectVersion to 1.0.0.0. Version Checksum will be recalculated on next use.
[2020.08.25-08.33.31:095][  0]LogDerivedDataCache: Saved boot cache 0.07s 76MB C:/Users/Moses C/AppData/Local/UnrealEngine/4.25/DerivedDataCache/Boot.ddc.
[2020.08.25-08.33.31:099][  0]LogInit: Texture streaming: Enabled
[2020.08.25-08.33.31:112][  0]LogEngineSessionManager: EngineSessionManager initialized
[2020.08.25-08.33.31:112][  0]LogEngineSessionManager: EngineSessionManager sent abnormal shutdown report. Type=Crashed, SessionId={FC16176E-46B1-DD32-22B4-45BFF485C51F}
[2020.08.25-08.33.31:112][  0]LogEditorSessionSummary: Verbose: Initializing EditorSessionSummaryWriter for editor session tracking
[2020.08.25-08.33.31:114][  0]LogEditorSessionSummary: EditorSessionSummaryWriter initialized
[2020.08.25-08.33.31:154][  0]LogInit: Transaction tracking system initialized
[2020.08.25-08.33.31:170][  0]BlueprintLog: New page: Editor Load
[2020.08.25-08.33.31:224][  0]LocalizationService: Localization service is disabled
[2020.08.25-08.33.31:411][  0]LogCook: Display: Max memory allowance for cook 16384mb min free memory 0mb
[2020.08.25-08.33.31:411][  0]LogCook: Display: Mobile HDR setting 1
[2020.08.25-08.33.31:510][  0]LogFileCache: Scanning file cache for directory 'E:/Documents/Git/drive/Drive/Content/' took 0.00s
[2020.08.25-08.33.31:687][  0]LogUnrealEdMisc: Loading editor; pre map load, took 6.212
[2020.08.25-08.33.31:687][  0]Cmd: MAP LOAD FILE="../../../../../../Documents/Git/drive/Drive/Content/VehicleAdvBP/Maps/VehicleAdvExampleMap.umap" TEMPLATE=0 SHOWPROGRESS=1 FEATURELEVEL=3
[2020.08.25-08.33.31:687][  0]LightingResults: New page: Lighting Build
[2020.08.25-08.33.31:687][  0]LogWorld: UWorld::CleanupWorld for Untitled, bSessionEnded=true, bCleanupResources=true
[2020.08.25-08.33.31:688][  0]LogSlate: InvalidateAllWidgets triggered.  All widgets were invalidated
[2020.08.25-08.33.31:688][  0]MapCheck: New page: Map Check
[2020.08.25-08.33.31:688][  0]LightingResults: New page: Lighting Build
[2020.08.25-08.33.31:696][  0]LogAISub: UAISubsystem::~UAISubsystem EnvQueryManager (000001E3A8CE3C00), frame # 0
[2020.08.25-08.33.31:696][  0]LogAISub: UAISubsystem::~UAISubsystem AIPerceptionSystem (000001E3A8D48A40), frame # 0
[2020.08.25-08.33.31:697][  0]LogUObjectHash: Compacting FUObjectHashTables data took   0.59ms
[2020.08.25-08.33.31:921][  0]LogAIModule: Creating AISystem for world VehicleAdvExampleMap
[2020.08.25-08.33.31:921][  0]LogAISub: UAISubsystem::UAISubsystem EnvQueryManager (000001E39A678200), frame # 0
[2020.08.25-08.33.31:921][  0]LogAISub: UAISubsystem::UAISubsystem AIPerceptionSystem (000001E39A558E00), frame # 0
[2020.08.25-08.33.31:935][  0]LogEditorServer: Finished looking for orphan Actors (0.000 secs)
[2020.08.25-08.33.31:946][  0]LogUObjectHash: Compacting FUObjectHashTables data took   0.69ms
[2020.08.25-08.33.31:946][  0]Cmd: MAP CHECKDEP NOCLEARLOG
[2020.08.25-08.33.31:947][  0]MapCheck: Map check complete: 0 Error(s), 0 Warning(s), took 0.098ms to complete.
[2020.08.25-08.33.31:947][  0]LogFileHelpers: Loading map 'VehicleAdvExampleMap' took 0.260
[2020.08.25-08.33.31:948][  0]LogUnrealEdMisc: Total Editor Startup Time, took 6.474
[2020.08.25-08.33.32:060][  0]LogSlate: Updating window title bar state: overlay mode, drag disabled, window buttons hidden, title bar hidden
[2020.08.25-08.33.32:067][  0]LogSlate: Updating window title bar state: overlay mode, drag disabled, window buttons hidden, title bar hidden
[2020.08.25-08.33.32:074][  0]LogSlate: Updating window title bar state: overlay mode, drag disabled, window buttons hidden, title bar hidden
[2020.08.25-08.33.32:080][  0]LogSlate: Updating window title bar state: overlay mode, drag disabled, window buttons hidden, title bar hidden
[2020.08.25-08.33.32:085][  0]LogCollectionManager: Loaded 0 collections in 0.000602 seconds
[2020.08.25-08.33.32:096][  0]LogFileCache: Scanning file cache for directory 'E:/Documents/Git/drive/Drive/Saved/Collections/' took 0.00s
[2020.08.25-08.33.32:096][  0]LogFileCache: Scanning file cache for directory 'E:/Documents/Git/drive/Drive/Content/Developers/MosesC/Collections/' took 0.00s
[2020.08.25-08.33.32:096][  0]LogFileCache: Scanning file cache for directory 'E:/Documents/Git/drive/Drive/Content/Collections/' took 0.00s
[2020.08.25-08.33.32:096][  0]LogContentBrowser: Native class hierarchy populated in 0.0078 seconds. Added 3429 classes and 824 folders.
[2020.08.25-08.33.32:100][  0]LogContentBrowser: Native class hierarchy updated for 'WidgetCarousel' in 0.0002 seconds. Added 0 classes and 0 folders.
[2020.08.25-08.33.32:136][  0]LogContentBrowser: Native class hierarchy updated for 'AddContentDialog' in 0.0002 seconds. Added 0 classes and 0 folders.
[2020.08.25-08.33.32:137][  0]LogContentBrowser: Native class hierarchy updated for 'SceneOutliner' in 0.0002 seconds. Added 2 classes and 0 folders.
[2020.08.25-08.33.32:225][  0]LogSlate: Took 0.000173 seconds to synchronously load lazily loaded font '../../../Engine/Content/Slate/Fonts/Roboto-Regular.ttf' (155K)
[2020.08.25-08.33.32:227][  0]LogSlate: Took 0.000124 seconds to synchronously load lazily loaded font '../../../Engine/Content/Slate/Fonts/Roboto-Bold.ttf' (160K)
[2020.08.25-08.33.32:231][  0]LogSlate: Took 0.000111 seconds to synchronously load lazily loaded font '../../../Engine/Content/Editor/Slate/Fonts/FontAwesome.ttf' (139K)
[2020.08.25-08.33.32:301][  0]LogRenderer: Reallocating scene render targets to support 1208x572 Format 10 NumSamples 1 (Frame:1).
[2020.08.25-08.33.32:397][  0]LogContentBrowser: Native class hierarchy updated for 'HierarchicalLODOutliner' in 0.0002 seconds. Added 0 classes and 0 folders.
[2020.08.25-08.33.32:398][  0]LogLoad: (Engine Initialization) Total time: 6.92 seconds
[2020.08.25-08.33.32:398][  0]LogLoad: (Engine Initialization) Total Blueprint compile time: 0.00 seconds
[2020.08.25-08.33.32:413][  0]LogRawInputWindows: Warning: Found device 11 devices
[2020.08.25-08.33.32:413][  0]LogRawInputWindows: Warning: Found device 11 devices
[2020.08.25-08.33.32:413][  0]LogRawInputWindows: Warning: Device was registered succesfully but not connected (Usage:4 UsagePage:1)
[2020.08.25-08.33.32:413][  0]LogRawInputWindows: Warning: Found device 11 devices
[2020.08.25-08.33.32:413][  0]LogRawInputWindows: Warning: Device was registered succesfully but not connected (Usage:5 UsagePage:1)
[2020.08.25-08.33.32:434][  0]LogAssetRegistry: Asset discovery search completed in 4.0638 seconds
[2020.08.25-08.33.32:437][  0]LogCollectionManager: Fixed up redirectors for 0 collections in 0.000002 seconds (updated 0 objects)
[2020.08.25-08.33.32:444][  0]LogContentStreaming: Texture pool size now 1000 MB
[2020.08.25-08.33.32:457][  0]LogSlate: Took 0.000105 seconds to synchronously load lazily loaded font '../../../Engine/Content/Slate/Fonts/Roboto-Light.ttf' (167K)
[2020.08.25-08.33.33:748][  4]LogSlate: Took 0.000106 seconds to synchronously load lazily loaded font '../../../Engine/Content/Slate/Fonts/Roboto-Light.ttf' (167K)
[2020.08.25-08.33.37:115][ 14]LogAssetEditorSubsystem: Opening Asset editor for WidgetBlueprint /Game/UI_BluePrints/DriverUI.DriverUI
[2020.08.25-08.33.37:314][ 14]LogContentBrowser: Native class hierarchy updated for 'BlueprintGraph' in 0.0004 seconds. Added 125 classes and 0 folders.
[2020.08.25-08.33.38:381][ 14]LogSlate: Took 0.000107 seconds to synchronously load lazily loaded font '../../../Engine/Content/Slate/Fonts/Roboto-BoldCondensed.ttf' (158K)
[2020.08.25-08.33.40:819][286]LogSlate: Took 0.000120 seconds to synchronously load lazily loaded font '../../../Engine/Content/Slate/Fonts/Roboto-Italic.ttf' (157K)
[2020.08.25-08.36.20:090][438]LogSlate: Took 0.001166 seconds to synchronously load lazily loaded font '../../../Engine/Content/Slate/Fonts/DroidSansFallback.ttf' (3848K)
[2020.08.25-08.37.01:554][986]BlueprintLog: New page: Compile DriverUI
[2020.08.25-08.37.01:610][986]LogUObjectHash: Compacting FUObjectHashTables data took   3.63ms
[2020.08.25-08.37.01:652][986]LogSlate: Took 0.000118 seconds to synchronously load lazily loaded font '../../../Engine/Content/Slate/Fonts/DroidSansMono.ttf' (77K)
[2020.08.25-08.37.02:282][ 37]Cmd: OBJ SAVEPACKAGE PACKAGE="/Game/UI_BluePrints/DriverUI" FILE="../../../../../../Documents/Git/drive/Drive/Content/UI_BluePrints/DriverUI.uasset" SILENT=true
[2020.08.25-08.37.02:307][ 37]LogSavePackage: Moving '../../../../../../Documents/Git/drive/Drive/Saved/DriverUI92FDE5314F219559F03F848749D1D70F.tmp' to '../../../../../../Documents/Git/drive/Drive/Content/UI_BluePrints/DriverUI.uasset'
[2020.08.25-08.37.02:320][ 37]AssetCheck: New page: Asset Save: DriverUI
[2020.08.25-08.37.02:320][ 37]LogContentValidation: Display: Validating WidgetBlueprint /Game/UI_BluePrints/DriverUI.DriverUI
[2020.08.25-08.37.45:746][ 77]BlueprintLog: New page: Compile DriverUI
[2020.08.25-08.37.45:778][ 77]LogUObjectHash: Compacting FUObjectHashTables data took   2.89ms
[2020.08.25-08.37.46:996][181]Cmd: OBJ SAVEPACKAGE PACKAGE="/Game/UI_BluePrints/DriverUI" FILE="../../../../../../Documents/Git/drive/Drive/Content/UI_BluePrints/DriverUI.uasset" SILENT=true
[2020.08.25-08.37.47:017][181]LogSavePackage: Moving '../../../../../../Documents/Git/drive/Drive/Saved/DriverUI4EB7D9C6469D56007EE34DB697F06247.tmp' to '../../../../../../Documents/Git/drive/Drive/Content/UI_BluePrints/DriverUI.uasset'
[2020.08.25-08.37.47:026][181]AssetCheck: New page: Asset Save: DriverUI
[2020.08.25-08.37.47:027][181]LogContentValidation: Display: Validating WidgetBlueprint /Game/UI_BluePrints/DriverUI.DriverUI
[2020.08.25-08.38.33:913][133]Cmd: OBJ SAVEPACKAGE PACKAGE="/Game/UI_BluePrints/DriverUI" FILE="../../../../../../Documents/Git/drive/Drive/Content/UI_BluePrints/DriverUI.uasset" SILENT=true
[2020.08.25-08.38.33:936][133]LogSavePackage: Moving '../../../../../../Documents/Git/drive/Drive/Saved/DriverUI2608EFD341B79D223C5F97A7DA56F54A.tmp' to '../../../../../../Documents/Git/drive/Drive/Content/UI_BluePrints/DriverUI.uasset'
[2020.08.25-08.38.33:947][133]AssetCheck: New page: Asset Save: DriverUI
[2020.08.25-08.38.33:947][133]LogContentValidation: Display: Validating WidgetBlueprint /Game/UI_BluePrints/DriverUI.DriverUI
[2020.08.25-08.39.28:779][895]Cmd: OBJ SAVEPACKAGE PACKAGE="/Game/UI_BluePrints/DriverUI" FILE="../../../../../../Documents/Git/drive/Drive/Content/UI_BluePrints/DriverUI.uasset" SILENT=true
[2020.08.25-08.39.28:802][895]LogSavePackage: Moving '../../../../../../Documents/Git/drive/Drive/Saved/DriverUI3590E9244E387ECBCDC17296BA250268.tmp' to '../../../../../../Documents/Git/drive/Drive/Content/UI_BluePrints/DriverUI.uasset'
[2020.08.25-08.39.28:813][895]AssetCheck: New page: Asset Save: DriverUI
[2020.08.25-08.39.28:813][895]LogContentValidation: Display: Validating WidgetBlueprint /Game/UI_BluePrints/DriverUI.DriverUI
[2020.08.25-08.40.29:256][817]BlueprintLog: New page: Compile DriverUI
[2020.08.25-08.40.29:292][817]LogUObjectHash: Compacting FUObjectHashTables data took   3.05ms
[2020.08.25-08.40.29:946][864]Cmd: OBJ SAVEPACKAGE PACKAGE="/Game/UI_BluePrints/DriverUI" FILE="../../../../../../Documents/Git/drive/Drive/Content/UI_BluePrints/DriverUI.uasset" SILENT=true
[2020.08.25-08.40.29:968][864]LogSavePackage: Moving '../../../../../../Documents/Git/drive/Drive/Saved/DriverUI4E6013BD40CA83A4A61322AC1C5B21DA.tmp' to '../../../../../../Documents/Git/drive/Drive/Content/UI_BluePrints/DriverUI.uasset'
[2020.08.25-08.40.29:982][864]AssetCheck: New page: Asset Save: DriverUI
[2020.08.25-08.40.29:982][864]LogContentValidation: Display: Validating WidgetBlueprint /Game/UI_BluePrints/DriverUI.DriverUI
[2020.08.25-08.40.32:077][101]LogTemp: Repeating last play command: Selected Viewport
[2020.08.25-08.40.32:088][101]LogPlayLevel: PlayLevel: No blueprints needed recompiling
[2020.08.25-08.40.32:088][101]PIE: New page: PIE session: VehicleAdvExampleMap (26/08/2020, 8:40:32 am)
[2020.08.25-08.40.32:089][101]LogOnline: OSS: Creating online subsystem instance for: NULL
[2020.08.25-08.40.32:090][101]LogOnline: OSS: TryLoadSubsystemAndSetDefault: Loaded subsystem for module [NULL]
[2020.08.25-08.40.32:090][101]LogPlayLevel: Creating play world package: /Game/VehicleAdvBP/Maps/UEDPIE_0_VehicleAdvExampleMap
[2020.08.25-08.40.32:112][101]LogPlayLevel: PIE: StaticDuplicateObject took: (0.021374s)
[2020.08.25-08.40.32:112][101]LogAIModule: Creating AISystem for world VehicleAdvExampleMap
[2020.08.25-08.40.32:112][101]LogAISub: UAISubsystem::UAISubsystem EnvQueryManager (000001E404809E00), frame # 30101
[2020.08.25-08.40.32:112][101]LogAISub: UAISubsystem::UAISubsystem AIPerceptionSystem (000001E3D0FB8E00), frame # 30101
[2020.08.25-08.40.32:113][101]LogPlayLevel: PIE: World Init took: (0.000969s)
[2020.08.25-08.40.32:113][101]LogPlayLevel: PIE: Created PIE world by copying editor world from /Game/VehicleAdvBP/Maps/VehicleAdvExampleMap.VehicleAdvExampleMap to /Game/VehicleAdvBP/Maps/UEDPIE_0_VehicleAdvExampleMap.VehicleAdvExampleMap (0.022512s)
[2020.08.25-08.40.32:134][101]LogUObjectHash: Compacting FUObjectHashTables data took   2.66ms
[2020.08.25-08.40.32:135][101]LogAudioMixer: Display: Audio Mixer Platform Settings:
[2020.08.25-08.40.32:135][101]LogAudioMixer: Display: 	Sample Rate:						  48000
[2020.08.25-08.40.32:135][101]LogAudioMixer: Display: 	Callback Buffer Frame Size Requested: 1024
[2020.08.25-08.40.32:135][101]LogAudioMixer: Display: 	Callback Buffer Frame Size To Use:	  1024
[2020.08.25-08.40.32:135][101]LogAudioMixer: Display: 	Number of buffers to queue:			  2
[2020.08.25-08.40.32:135][101]LogAudioMixer: Display: 	Max Channels (voices):				  32
[2020.08.25-08.40.32:135][101]LogAudioMixer: Display: 	Number of Async Source Workers:		  0
[2020.08.25-08.40.32:136][101]LogAudio: Display: AudioDevice MaxSources: 32
[2020.08.25-08.40.32:136][101]LogAudio: Display: Using built-in audio occlusion.
[2020.08.25-08.40.32:136][101]LogAudioMixer: Display: Initializing audio mixer.
[2020.08.25-08.40.32:138][101]LogAudioMixer: Display: 0: FrontLeft
[2020.08.25-08.40.32:138][101]LogAudioMixer: Display: 1: FrontRight
[2020.08.25-08.40.32:151][101]LogAudioMixer: Display: Using Audio Device ASUS VP278 (NVIDIA High Definition Audio)
[2020.08.25-08.40.32:152][101]LogAudioMixer: Display: Initializing Sound Submixes...
[2020.08.25-08.40.32:152][101]LogAudioMixer: Display: Creating Master Submix 'MasterSubmixDefault'
[2020.08.25-08.40.32:152][101]LogAudioMixer: Display: Creating Master Submix 'MasterReverbSubmixDefault'
[2020.08.25-08.40.32:152][101]LogAudioMixer: Display: Creating Master Submix 'MasterEQSubmixDefault'
[2020.08.25-08.40.32:163][101]LogInit: FAudioDevice initialized.
[2020.08.25-08.40.32:176][101]LogLoad: Game class is 'VehicleAdvGameMode_C'
[2020.08.25-08.40.32:182][101]LogWorld: Bringing World /Game/VehicleAdvBP/Maps/UEDPIE_0_VehicleAdvExampleMap.VehicleAdvExampleMap up for play (max tick rate 0) at 2020.08.25-20.40.32
[2020.08.25-08.40.32:182][101]LogWorld: Bringing up level for play took: 0.004188
[2020.08.25-08.40.32:182][101]LogOnline: OSS: Creating online subsystem instance for: :Context_3
[2020.08.25-08.40.32:194][101]LogContentBrowser: Native class hierarchy updated for 'MovieSceneCapture' in 0.0003 seconds. Added 20 classes and 0 folders.
[2020.08.25-08.40.32:196][101]PIE: Server logged in
[2020.08.25-08.40.32:198][101]PIE: Play in editor total start time 0.11 seconds.
[2020.08.25-08.40.46:267][735]LogSlate: Updating window title bar state: overlay mode, drag disabled, window buttons hidden, title bar hidden
[2020.08.25-08.40.46:267][735]LogWorld: BeginTearingDown for /Game/VehicleAdvBP/Maps/UEDPIE_0_VehicleAdvExampleMap
[2020.08.25-08.40.46:267][735]LogWorld: UWorld::CleanupWorld for VehicleAdvExampleMap, bSessionEnded=true, bCleanupResources=true
[2020.08.25-08.40.46:268][735]LogSlate: InvalidateAllWidgets triggered.  All widgets were invalidated
[2020.08.25-08.40.46:272][735]LogPlayLevel: Display: Shutting down PIE online subsystems
[2020.08.25-08.40.46:276][735]LogSlate: InvalidateAllWidgets triggered.  All widgets were invalidated
[2020.08.25-08.40.46:315][735]LogSlate: Updating window title bar state: overlay mode, drag disabled, window buttons hidden, title bar hidden
[2020.08.25-08.40.46:324][735]LogAISub: UAISubsystem::~UAISubsystem AIPerceptionSystem (000001E3D0FB8E00), frame # 31735
[2020.08.25-08.40.46:324][735]LogAISub: UAISubsystem::~UAISubsystem EnvQueryManager (000001E404809E00), frame # 31735
[2020.08.25-08.40.46:353][735]LogUObjectHash: Compacting FUObjectHashTables data took   3.54ms
[2020.08.25-08.40.46:382][736]LogPlayLevel: Display: Destroying online subsystem :Context_3
[2020.08.25-08.40.59:229][254]LogUObjectHash: Compacting FUObjectHashTables data took   2.78ms
[2020.08.25-08.40.59:274][254]LogPlayLevel: Launcher Device ID: WindowsNoEditor@DESKTOP-FFLP19A
[2020.08.25-08.40.59:278][254]LogPlayLevel: PlayLevel: No blueprints needed recompiling
[2020.08.25-08.40.59:294][254]LogCook: Display: Creating asset registry
[2020.08.25-08.40.59:368][254]LogCook: Display: Discovering localized assets for cultures: en
[2020.08.25-08.40.59:379][254]LogCook: Display: Unable to read previous cook inisettings for platform WindowsNoEditor invalidating cook
[2020.08.25-08.40.59:379][254]LogCook: Display: Clearing all cooked content for platform WindowsNoEditor
[2020.08.25-08.40.59:481][254]LogCook: Display: Sandbox cleanup took 0.108 seconds for platforms WindowsNoEditor 
[2020.08.25-08.41.01:627][254]LogShaderCompilers: Display: Worker (1/3): shaders left to compile 47
[2020.08.25-08.41.01:627][254]LogShaderCompilers: Display: Worker (2/3): shaders left to compile 46
[2020.08.25-08.41.02:185][254]LogShaderCompilers: Display: Worker (1/3): shaders left to compile 45
[2020.08.25-08.41.02:185][254]LogShaderCompilers: Display: Worker (1/3): shaders left to compile 44
[2020.08.25-08.41.02:185][254]LogShaderCompilers: Display: Worker (1/3): shaders left to compile 43
[2020.08.25-08.41.02:744][254]LogShaderCompilers: Display: Worker (1/3): shaders left to compile 42
[2020.08.25-08.41.02:744][254]LogShaderCompilers: Display: Worker (1/3): shaders left to compile 41
[2020.08.25-08.41.02:744][254]LogShaderCompilers: Display: Worker (1/3): shaders left to compile 40
[2020.08.25-08.41.02:744][254]LogShaderCompilers: Display: Worker (1/3): shaders left to compile 39
[2020.08.25-08.41.02:744][254]LogShaderCompilers: Display: Worker (1/3): shaders left to compile 38
[2020.08.25-08.41.02:744][254]LogShaderCompilers: Display: Worker (1/3): shaders left to compile 37
[2020.08.25-08.41.02:744][254]LogShaderCompilers: Display: Worker (1/3): shaders left to compile 36
[2020.08.25-08.41.03:303][254]LogShaderCompilers: Display: Worker (1/3): shaders left to compile 35
[2020.08.25-08.41.03:303][254]LogShaderCompilers: Display: Worker (1/3): shaders left to compile 34
[2020.08.25-08.41.03:303][254]LogShaderCompilers: Display: Worker (1/3): shaders left to compile 33
[2020.08.25-08.41.03:303][254]LogShaderCompilers: Display: Worker (1/3): shaders left to compile 32
[2020.08.25-08.41.03:303][254]LogShaderCompilers: Display: Worker (1/3): shaders left to compile 31
[2020.08.25-08.41.03:303][254]LogShaderCompilers: Display: Worker (1/3): shaders left to compile 30
[2020.08.25-08.41.03:303][254]LogShaderCompilers: Display: Worker (1/3): shaders left to compile 29
[2020.08.25-08.41.03:862][254]LogShaderCompilers: Display: Worker (1/3): shaders left to compile 28
[2020.08.25-08.41.03:862][254]LogShaderCompilers: Display: Worker (1/3): shaders left to compile 27
[2020.08.25-08.41.03:862][254]LogShaderCompilers: Display: Worker (1/3): shaders left to compile 26
[2020.08.25-08.41.03:862][254]LogShaderCompilers: Display: Worker (1/3): shaders left to compile 25
[2020.08.25-08.41.03:862][254]LogShaderCompilers: Display: Worker (1/3): shaders left to compile 24
[2020.08.25-08.41.03:862][254]LogShaderCompilers: Display: Worker (1/3): shaders left to compile 23
[2020.08.25-08.41.03:862][254]LogShaderCompilers: Display: Worker (1/3): shaders left to compile 22
[2020.08.25-08.41.04:421][254]LogShaderCompilers: Display: Worker (1/3): shaders left to compile 21
[2020.08.25-08.41.04:421][254]LogShaderCompilers: Display: Worker (1/3): shaders left to compile 20
[2020.08.25-08.41.04:421][254]LogShaderCompilers: Display: Worker (1/3): shaders left to compile 19
[2020.08.25-08.41.04:421][254]LogShaderCompilers: Display: Worker (1/3): shaders left to compile 18
[2020.08.25-08.41.04:421][254]LogShaderCompilers: Display: Worker (1/3): shaders left to compile 17
[2020.08.25-08.41.04:421][254]LogShaderCompilers: Display: Worker (1/3): shaders left to compile 16
[2020.08.25-08.41.04:421][254]LogShaderCompilers: Display: Worker (1/3): shaders left to compile 15
[2020.08.25-08.41.04:981][254]LogShaderCompilers: Display: Worker (1/3): shaders left to compile 14
[2020.08.25-08.41.04:981][254]LogShaderCompilers: Display: Worker (1/3): shaders left to compile 13
[2020.08.25-08.41.04:981][254]LogShaderCompilers: Display: Worker (1/3): shaders left to compile 12
[2020.08.25-08.41.04:981][254]LogShaderCompilers: Display: Worker (1/3): shaders left to compile 11
[2020.08.25-08.41.04:981][254]LogShaderCompilers: Display: Worker (1/3): shaders left to compile 10
[2020.08.25-08.41.04:981][254]LogShaderCompilers: Display: Worker (1/3): shaders left to compile 9
[2020.08.25-08.41.04:981][254]LogShaderCompilers: Display: Worker (1/3): shaders left to compile 8
[2020.08.25-08.41.05:540][254]LogShaderCompilers: Display: Worker (1/3): shaders left to compile 7
[2020.08.25-08.41.05:540][254]LogShaderCompilers: Display: Worker (1/3): shaders left to compile 6
[2020.08.25-08.41.05:540][254]LogShaderCompilers: Display: Worker (1/3): shaders left to compile 5
[2020.08.25-08.41.05:540][254]LogShaderCompilers: Display: Worker (1/3): shaders left to compile 4
[2020.08.25-08.41.05:540][254]LogShaderCompilers: Display: Worker (1/3): shaders left to compile 3
[2020.08.25-08.41.06:173][254]LogShaderCompilers: Display: Worker (1/3): shaders left to compile 2
[2020.08.25-08.41.06:173][254]LogShaderCompilers: Display: Worker (1/3): shaders left to compile 1
[2020.08.25-08.41.06:173][254]Launching UnrealBuildTool... [E:/Programs/UnrealEngine/UE_4.25/Engine/Binaries/DotNET/UnrealBuildTool.exe -Mode=QueryTargets -Output="E:/Programs/UnrealEngine/UE_4.25/Engine/Intermediate/TargetInfo.json"]
[2020.08.25-08.41.06:731][254]LogLauncherProfile: Project requires temp target (RawInput plugin is enabled)
[2020.08.25-08.41.06:731][254]LogLauncherProfile: Unable to use promoted target - ../../../../../../Documents/Git/drive/Drive/Binaries/Win64/UE4Game.target does not exist.
[2020.08.25-08.41.06:733][254]LogLauncherProfile: Project requires temp target (RawInput plugin is enabled)
[2020.08.25-08.41.06:734][254]LogLauncherProfile: Unable to use promoted target - ../../../../../../Documents/Git/drive/Drive/Binaries/Win64/UE4Game.target does not exist.
[2020.08.25-08.41.06:814][255]LogRHI: Error: Present Fail Count 1
[2020.08.25-08.41.06:814][255]LogRHI: Error: SyncInterval 0
[2020.08.25-08.41.06:814][255]LogRHI: Error: SwapChainDesc.BufferDesc.Width 287
[2020.08.25-08.41.06:814][255]LogRHI: Error: SwapChainDesc.BufferDesc.Height 63
[2020.08.25-08.41.06:814][255]LogRHI: Error: SwapChainDesc.BufferDesc.RefreshRate.Numerator 0
[2020.08.25-08.41.06:814][255]LogRHI: Error: SwapChainDesc.BufferDesc.RefreshRate.Denominator 0
[2020.08.25-08.41.06:814][255]LogRHI: Error: SwapChainDesc.BufferDesc.Format 24
[2020.08.25-08.41.06:814][255]LogRHI: Error: SwapChainDesc.BufferDesc.ScanlineOrdering 0
[2020.08.25-08.41.06:814][255]LogRHI: Error: SwapChainDesc.BufferDesc.Scaling 0
[2020.08.25-08.41.06:814][255]LogRHI: Error: SwapChainDesc.SampleDesc.Count 1
[2020.08.25-08.41.06:814][255]LogRHI: Error: SwapChainDesc.SampleDesc.Quality 0
[2020.08.25-08.41.06:814][255]LogRHI: Error: SwapChainDesc.BufferUsage 48
[2020.08.25-08.41.06:814][255]LogRHI: Error: SwapChainDesc.BufferCount 2
[2020.08.25-08.41.06:814][255]LogRHI: Error: SwapChainDesc.OutputWindow 000000000070065A
[2020.08.25-08.41.06:814][255]LogRHI: Error: SwapChainDesc.Windowed true
[2020.08.25-08.41.06:814][255]LogRHI: Error: SwapChainDesc.SwapEffect 4
[2020.08.25-08.41.06:814][255]LogRHI: Error: SwapChainDesc.Flags 2050
[2020.08.25-08.41.06:814][255]LogD3D11RHI: Error: Result failed 
 at D:/Build/++UE4+Licensee/Sync/Engine/Source/Runtime/Windows/D3D11RHI/Private/D3D11Query.cpp:348 
 with error DXGI_ERROR_DEVICE_REMOVED DXGI_ERROR_DRIVER_INTERNAL_ERROR
[2020.08.25-08.41.06:814][255]LogRHI: Error: [Aftermath] Status: PageFault
[2020.08.25-08.41.06:814][255]LogRHI: Error: [Aftermath] GPU Stack Dump
[2020.08.25-08.41.06:814][255]LogRHI: Error: [Aftermath] 0: FRAME
[2020.08.25-08.41.06:814][255]LogRHI: Error: [Aftermath] 1: FRAME
[2020.08.25-08.41.06:814][255]LogRHI: Error: [Aftermath] 2: SlateUI Title = <none>
[2020.08.25-08.41.06:814][255]LogRHI: Error: [Aftermath] GPU Stack Dump
[2020.08.25-08.41.06:839][255]LogCook: Display: Cooked packages 0 Packages Remain 472 Total 472
[2020.08.25-08.41.06:901][255]LogD3D11RHI: [Aftermath] GDynamicRHI=000001E3F1E800C0, GDX11NVAfterMathEnabled=1, Result=0x00000001, bDeviceActive=0
[2020.08.25-08.41.06:901][255]LogWindows: Windows GetLastError: The operation completed successfully. (0)
[2020.08.25-08.41.08:787][255]LogWindows: FPlatformMisc::RequestExit(0)
[2020.08.25-08.41.08:787][255]LogCore: Engine exit requested (reason: Win RequestExit)
[2020.08.25-08.41.08:787][255]LogWindows: FPlatformMisc::RequestExit(1)
[2020.08.25-08.41.08:787][255]LogCore: Engine exit requested (reason: Win RequestExit; note: exit was already requested)
[2020.08.25-08.41.08:930][255]Log file closed, 08/25/20 20:41:08
